<?xml version="1.0" encoding="UTF-8"?>
<testsuite name="com.corelogic.homevisit.accuservice.AccuConnectSuccessCallbackTest" tests="2" skipped="0" failures="0" errors="0" timestamp="2020-04-09T17:19:25" hostname="C02XH1CYJG5M" time="0.492">
  <properties/>
  <testcase name="testInboundGateway()" classname="com.corelogic.homevisit.accuservice.AccuConnectSuccessCallbackTest" time="0.233"/>
  <testcase name="testInboundGatewayHttps()" classname="com.corelogic.homevisit.accuservice.AccuConnectSuccessCallbackTest" time="0.257"/>
  <system-out><![CDATA[13:19:14.149 [Test worker] DEBUG org.springframework.test.context.BootstrapUtils - Instantiating CacheAwareContextLoaderDelegate from class [org.springframework.test.context.cache.DefaultCacheAwareContextLoaderDelegate]
13:19:14.163 [Test worker] DEBUG org.springframework.test.context.BootstrapUtils - Instantiating BootstrapContext using constructor [public org.springframework.test.context.support.DefaultBootstrapContext(java.lang.Class,org.springframework.test.context.CacheAwareContextLoaderDelegate)]
13:19:14.194 [Test worker] DEBUG org.springframework.test.context.BootstrapUtils - Instantiating TestContextBootstrapper for test class [com.corelogic.homevisit.accuservice.AccuConnectSuccessCallbackTest] from class [org.springframework.boot.test.context.SpringBootTestContextBootstrapper]
13:19:14.213 [Test worker] INFO org.springframework.boot.test.context.SpringBootTestContextBootstrapper - Neither @ContextConfiguration nor @ContextHierarchy found for test class [com.corelogic.homevisit.accuservice.AccuConnectSuccessCallbackTest], using SpringBootContextLoader
13:19:14.218 [Test worker] DEBUG org.springframework.test.context.support.AbstractContextLoader - Did not detect default resource location for test class [com.corelogic.homevisit.accuservice.AccuConnectSuccessCallbackTest]: class path resource [com/corelogic/homevisit/accuservice/AccuConnectSuccessCallbackTest-context.xml] does not exist
13:19:14.218 [Test worker] DEBUG org.springframework.test.context.support.AbstractContextLoader - Did not detect default resource location for test class [com.corelogic.homevisit.accuservice.AccuConnectSuccessCallbackTest]: class path resource [com/corelogic/homevisit/accuservice/AccuConnectSuccessCallbackTestContext.groovy] does not exist
13:19:14.219 [Test worker] INFO org.springframework.test.context.support.AbstractContextLoader - Could not detect default resource locations for test class [com.corelogic.homevisit.accuservice.AccuConnectSuccessCallbackTest]: no resource found for suffixes {-context.xml, Context.groovy}.
13:19:14.220 [Test worker] INFO org.springframework.test.context.support.AnnotationConfigContextLoaderUtils - Could not detect default configuration classes for test class [com.corelogic.homevisit.accuservice.AccuConnectSuccessCallbackTest]: AccuConnectSuccessCallbackTest does not declare any static, non-private, non-final, nested classes annotated with @Configuration.
13:19:14.375 [Test worker] DEBUG org.springframework.context.annotation.ClassPathScanningCandidateComponentProvider - Identified candidate component class: file [/Users/smandelsohn/proj/pms-homevisit-accuservice/build/classes/java/main/com/corelogic/homevisit/accuservice/AccuserviceApplication.class]
13:19:14.382 [Test worker] INFO org.springframework.boot.test.context.SpringBootTestContextBootstrapper - Found @SpringBootConfiguration com.corelogic.homevisit.accuservice.AccuserviceApplication for test class com.corelogic.homevisit.accuservice.AccuConnectSuccessCallbackTest
13:19:14.494 [Test worker] DEBUG org.springframework.boot.test.context.SpringBootTestContextBootstrapper - @TestExecutionListeners is not present for class [com.corelogic.homevisit.accuservice.AccuConnectSuccessCallbackTest]: using defaults.
13:19:14.495 [Test worker] INFO org.springframework.boot.test.context.SpringBootTestContextBootstrapper - Loaded default TestExecutionListener class names from location [META-INF/spring.factories]: [org.springframework.security.test.context.support.WithSecurityContextTestExecutionListener, org.springframework.security.test.context.support.ReactorContextTestExecutionListener, org.springframework.boot.test.autoconfigure.restdocs.RestDocsTestExecutionListener, org.springframework.boot.test.autoconfigure.web.client.MockRestServiceServerResetTestExecutionListener, org.springframework.boot.test.autoconfigure.web.servlet.MockMvcPrintOnlyOnFailureTestExecutionListener, org.springframework.boot.test.autoconfigure.web.servlet.WebDriverTestExecutionListener, org.springframework.boot.test.mock.mockito.MockitoTestExecutionListener, org.springframework.boot.test.mock.mockito.ResetMocksTestExecutionListener, org.springframework.test.context.web.ServletTestExecutionListener, org.springframework.test.context.support.DirtiesContextBeforeModesTestExecutionListener, org.springframework.test.context.support.DependencyInjectionTestExecutionListener, org.springframework.test.context.support.DirtiesContextTestExecutionListener, org.springframework.test.context.transaction.TransactionalTestExecutionListener, org.springframework.test.context.jdbc.SqlScriptsTestExecutionListener, org.springframework.test.context.event.EventPublishingTestExecutionListener]
13:19:14.517 [Test worker] INFO org.springframework.boot.test.context.SpringBootTestContextBootstrapper - Using TestExecutionListeners: [org.springframework.test.context.web.ServletTestExecutionListener@6dfb6950, org.springframework.test.context.support.DirtiesContextBeforeModesTestExecutionListener@b19b10e, org.springframework.boot.test.mock.mockito.MockitoTestExecutionListener@335f08c5, org.springframework.boot.test.autoconfigure.SpringBootDependencyInjectionTestExecutionListener@50e936e1, org.springframework.test.context.support.DirtiesContextTestExecutionListener@66ee6445, org.springframework.test.context.transaction.TransactionalTestExecutionListener@20b92857, org.springframework.test.context.jdbc.SqlScriptsTestExecutionListener@6beb15a5, org.springframework.security.test.context.support.WithSecurityContextTestExecutionListener@72ac7807, org.springframework.test.context.event.EventPublishingTestExecutionListener@67f5f65b, org.springframework.security.test.context.support.ReactorContextTestExecutionListener@ee78162, org.springframework.boot.test.autoconfigure.restdocs.RestDocsTestExecutionListener@3d92fb26, org.springframework.boot.test.autoconfigure.web.client.MockRestServiceServerResetTestExecutionListener@2cefd0d3, org.springframework.boot.test.autoconfigure.web.servlet.MockMvcPrintOnlyOnFailureTestExecutionListener@64e0bc3b, org.springframework.boot.test.autoconfigure.web.servlet.WebDriverTestExecutionListener@563ecd54, org.springframework.boot.test.mock.mockito.ResetMocksTestExecutionListener@7cdf477e]
13:19:14.521 [Test worker] DEBUG org.springframework.test.context.support.AbstractDirtiesContextTestExecutionListener - Before test class: context [DefaultTestContext@554642be testClass = AccuConnectSuccessCallbackTest, testInstance = [null], testMethod = [null], testException = [null], mergedContextConfiguration = [WebMergedContextConfiguration@46e49db5 testClass = AccuConnectSuccessCallbackTest, locations = '{}', classes = '{class com.corelogic.homevisit.accuservice.AccuserviceApplication}', contextInitializerClasses = '[]', activeProfiles = '{localtest}', propertySourceLocations = '{}', propertySourceProperties = '{org.springframework.boot.test.context.SpringBootTestContextBootstrapper=true}', contextCustomizers = set[org.springframework.boot.test.autoconfigure.properties.PropertyMappingContextCustomizer@0, org.springframework.boot.test.autoconfigure.web.servlet.WebDriverContextCustomizerFactory$Customizer@514f7a24, org.springframework.boot.test.context.filter.ExcludeFilterContextCustomizer@72159880, org.springframework.boot.test.json.DuplicateJsonObjectContextCustomizerFactory$DuplicateJsonObjectContextCustomizer@50360393, org.springframework.boot.test.mock.mockito.MockitoContextCustomizer@0, org.springframework.boot.test.web.client.TestRestTemplateContextCustomizer@5213db88], resourceBasePath = 'src/main/webapp', contextLoader = 'org.springframework.boot.test.context.SpringBootContextLoader', parent = [null]], attributes = map['org.springframework.test.context.web.ServletTestExecutionListener.activateListener' -> false]], class annotated with @DirtiesContext [true] with mode [AFTER_CLASS].
13:19:14.541 [Test worker] DEBUG org.springframework.test.context.support.DependencyInjectionTestExecutionListener - Performing dependency injection for test context [[DefaultTestContext@554642be testClass = AccuConnectSuccessCallbackTest, testInstance = com.corelogic.homevisit.accuservice.AccuConnectSuccessCallbackTest@328daea6, testMethod = [null], testException = [null], mergedContextConfiguration = [WebMergedContextConfiguration@46e49db5 testClass = AccuConnectSuccessCallbackTest, locations = '{}', classes = '{class com.corelogic.homevisit.accuservice.AccuserviceApplication}', contextInitializerClasses = '[]', activeProfiles = '{localtest}', propertySourceLocations = '{}', propertySourceProperties = '{org.springframework.boot.test.context.SpringBootTestContextBootstrapper=true}', contextCustomizers = set[org.springframework.boot.test.autoconfigure.properties.PropertyMappingContextCustomizer@0, org.springframework.boot.test.autoconfigure.web.servlet.WebDriverContextCustomizerFactory$Customizer@514f7a24, org.springframework.boot.test.context.filter.ExcludeFilterContextCustomizer@72159880, org.springframework.boot.test.json.DuplicateJsonObjectContextCustomizerFactory$DuplicateJsonObjectContextCustomizer@50360393, org.springframework.boot.test.mock.mockito.MockitoContextCustomizer@0, org.springframework.boot.test.web.client.TestRestTemplateContextCustomizer@5213db88], resourceBasePath = 'src/main/webapp', contextLoader = 'org.springframework.boot.test.context.SpringBootContextLoader', parent = [null]], attributes = map['org.springframework.test.context.web.ServletTestExecutionListener.activateListener' -> false]]].
13:19:14.570 [Test worker] DEBUG org.springframework.test.context.support.TestPropertySourceUtils - Adding inlined properties to environment: {spring.jmx.enabled=false, org.springframework.boot.test.context.SpringBootTestContextBootstrapper=true}
2020-04-09 13:19:16.797  INFO 93364 --- [    Test worker] trationDelegate$BeanPostProcessorChecker : Bean 'org.springframework.cloud.autoconfigure.ConfigurationPropertiesRebinderAutoConfiguration' of type [org.springframework.cloud.autoconfigure.ConfigurationPropertiesRebinderAutoConfiguration$$EnhancerBySpringCGLIB$$78568474] is not eligible for getting processed by all BeanPostProcessors (for example: not eligible for auto-proxying)

  ___                 _____                 _        _____         _   
 / _ \               /  ___|               (_)      |_   _|       | |  
/ /_\ \ ___ ___ _   _\ `--.  ___ _ ____   ___  ___ ___| | ___  ___| |_ 
|  _  |/ __/ __| | | |`--. \/ _ \ '__\ \ / / |/ __/ _ \ |/ _ \/ __| __|
| | | | (_| (__| |_| /\__/ /  __/ |   \ V /| | (_|  __/ |  __/\__ \ |_ 
\_| |_/\___\___|\__,_\____/ \___|_|    \_/ |_|\___\___\_/\___||___/\__|
                                                                       
----------------------------------------------------------------------

2020-04-09 13:19:16.988  INFO 93364 --- [    Test worker] c.c.c.ConfigServicePropertySourceLocator : Fetching config from server at : http://localhost:8888
2020-04-09 13:19:17.161  WARN 93364 --- [    Test worker] c.c.c.ConfigServicePropertySourceLocator : Could not locate PropertySource: label not found
2020-04-09 13:19:17.172  INFO 93364 --- [    Test worker] c.c.h.a.AccuConnectSuccessCallbackTest   : The following profiles are active: localtest
2020-04-09 13:19:18.195  INFO 93364 --- [    Test worker] .s.d.r.c.RepositoryConfigurationDelegate : Bootstrapping Spring Data JPA repositories in DEFAULT mode.
2020-04-09 13:19:18.224  INFO 93364 --- [    Test worker] .s.d.r.c.RepositoryConfigurationDelegate : Finished Spring Data repository scanning in 20ms. Found 0 JPA repository interfaces.
2020-04-09 13:19:18.466  INFO 93364 --- [    Test worker] o.s.cloud.context.scope.GenericScope     : BeanFactory id=6a2ca889-cdb3-374a-94bd-28654d56941d
2020-04-09 13:19:18.612  INFO 93364 --- [    Test worker] faultConfiguringBeanFactoryPostProcessor : No bean named 'errorChannel' has been explicitly defined. Therefore, a default PublishSubscribeChannel will be created.
2020-04-09 13:19:18.615  INFO 93364 --- [    Test worker] faultConfiguringBeanFactoryPostProcessor : No bean named 'taskScheduler' has been explicitly defined. Therefore, a default ThreadPoolTaskScheduler will be created.
2020-04-09 13:19:18.623  INFO 93364 --- [    Test worker] faultConfiguringBeanFactoryPostProcessor : No bean named 'integrationHeaderChannelRegistry' has been explicitly defined. Therefore, a default DefaultHeaderChannelRegistry will be created.
2020-04-09 13:19:18.743  INFO 93364 --- [    Test worker] trationDelegate$BeanPostProcessorChecker : Bean 'org.springframework.transaction.annotation.ProxyTransactionManagementConfiguration' of type [org.springframework.transaction.annotation.ProxyTransactionManagementConfiguration] is not eligible for getting processed by all BeanPostProcessors (for example: not eligible for auto-proxying)
2020-04-09 13:19:18.911  INFO 93364 --- [    Test worker] trationDelegate$BeanPostProcessorChecker : Bean 'integrationChannelResolver' of type [org.springframework.integration.support.channel.BeanFactoryChannelResolver] is not eligible for getting processed by all BeanPostProcessors (for example: not eligible for auto-proxying)
2020-04-09 13:19:18.916  INFO 93364 --- [    Test worker] trationDelegate$BeanPostProcessorChecker : Bean 'integrationDisposableAutoCreatedBeans' of type [org.springframework.integration.config.annotation.Disposables] is not eligible for getting processed by all BeanPostProcessors (for example: not eligible for auto-proxying)
2020-04-09 13:19:18.941  INFO 93364 --- [    Test worker] trationDelegate$BeanPostProcessorChecker : Bean 'org.springframework.integration.config.IntegrationManagementConfiguration' of type [org.springframework.integration.config.IntegrationManagementConfiguration] is not eligible for getting processed by all BeanPostProcessors (for example: not eligible for auto-proxying)
2020-04-09 13:19:18.972  INFO 93364 --- [    Test worker] trationDelegate$BeanPostProcessorChecker : Bean 'org.springframework.cloud.autoconfigure.ConfigurationPropertiesRebinderAutoConfiguration' of type [org.springframework.cloud.autoconfigure.ConfigurationPropertiesRebinderAutoConfiguration$$EnhancerBySpringCGLIB$$78568474] is not eligible for getting processed by all BeanPostProcessors (for example: not eligible for auto-proxying)
2020-04-09 13:19:19.285  INFO 93364 --- [    Test worker] o.s.b.w.embedded.tomcat.TomcatWebServer  : Tomcat initialized with port(s): 18443 (https) 18087 (http)
2020-04-09 13:19:19.303  INFO 93364 --- [    Test worker] o.apache.catalina.core.StandardService   : Starting service [Tomcat]
2020-04-09 13:19:19.304  INFO 93364 --- [    Test worker] org.apache.catalina.core.StandardEngine  : Starting Servlet engine: [Apache Tomcat/9.0.30]
2020-04-09 13:19:19.477  INFO 93364 --- [    Test worker] o.a.c.c.C.[Tomcat].[localhost].[/]       : Initializing Spring embedded WebApplicationContext
2020-04-09 13:19:19.478  INFO 93364 --- [    Test worker] o.s.web.context.ContextLoader            : Root WebApplicationContext: initialization completed in 2302 ms
2020-04-09 13:19:20.312  INFO 93364 --- [    Test worker] o.hibernate.jpa.internal.util.LogHelper  : HHH000204: Processing PersistenceUnitInfo [name: default]
2020-04-09 13:19:20.389  INFO 93364 --- [    Test worker] org.hibernate.Version                    : HHH000412: Hibernate Core {5.4.10.Final}
2020-04-09 13:19:20.544  INFO 93364 --- [    Test worker] o.hibernate.annotations.common.Version   : HCANN000001: Hibernate Commons Annotations {5.1.0.Final}
2020-04-09 13:19:20.665  INFO 93364 --- [    Test worker] com.zaxxer.hikari.HikariDataSource       : HikariPool-1 - Starting...
2020-04-09 13:19:20.872  INFO 93364 --- [    Test worker] com.zaxxer.hikari.HikariDataSource       : HikariPool-1 - Start completed.
2020-04-09 13:19:20.896  INFO 93364 --- [    Test worker] org.hibernate.dialect.Dialect            : HHH000400: Using dialect: org.hibernate.dialect.H2Dialect
Hibernate: 
    
    drop table agvproduct if exists
Hibernate: 
    
    drop table agvproductvariant if exists
Hibernate: 
    
    drop table cart if exists
Hibernate: 
    
    drop table cart_id if exists
Hibernate: 
    
    drop table chiliDefPostagePlacement if exists
Hibernate: 
    
    drop table chiliMasterTemplateAltLayout if exists
Hibernate: 
    
    drop table chiliUserPrint if exists
Hibernate: 
    
    drop table chiliUserPrintPage if exists
Hibernate: 
    
    drop table chiliUserPrintProduction if exists
Hibernate: 
    
    drop table item if exists
Hibernate: 
    
    drop table printAddress if exists
Hibernate: 
    
    drop table printAddressVerified if exists
Hibernate: 
    
    drop table printRequest if exists
Hibernate: 
    
    create table agvproduct (
       id bigint generated by default as identity,
        mail_class varchar(255),
        product_type varchar(255),
        sku varchar(255),
        primary key (id)
    )
Hibernate: 
    
    create table agvproductvariant (
       id bigint generated by default as identity,
        item_id bigint,
        print_name varchar(255),
        product_id bigint,
        primary key (id)
    )
Hibernate: 
    
    create table cart (
       id bigint generated by default as identity,
        chili_print_id bigint,
        qty integer,
        cartID bigint,
        selection bigint,
        primary key (id)
    )
Hibernate: 
    
    create table cart_id (
       id bigint generated by default as identity,
        sAddressID bigint,
        aAddress varchar(255),
        aAddressID bigint,
        aAddressType varchar(255),
        aAddressName varchar(255),
        aAddressModel varchar(255),
        aAddressee varchar(255),
        aCertified boolean,
        aCity varchar(255),
        aCompany varchar(255),
        aFirstName varchar(255),
        aLastName varchar(255),
        aLocality varchar(255),
        aState varchar(255),
        aZip varchar(15),
        ccAnaTransId varchar(255),
        ccApproval varchar(255),
        ccCharged boolean,
        ccChargedTime timestamp,
        ccError varchar(255),
        complete boolean,
        creditCard varchar(50),
        creditCardExp varchar(15),
        creditCardId varchar(255),
        creditCardName varchar(200),
        creditCardNumber varchar(100),
        discount decimal(19,2),
        hvID bigint,
        orderNotes varchar(255),
        orderType integer,
        print_request_id bigint,
        pID bigint,
        salesTax decimal(19,2),
        salesTaxState varchar(3),
        shipMethod bigint,
        sAddress varchar(255),
        sAddressType varchar(255),
        sAddressName varchar(255),
        sAddressModel varchar(255),
        sAddressee varchar(255),
        sCertified boolean,
        sCity varchar(255),
        sCompany varchar(255),
        shippingCost decimal(19,2),
        sFirstName varchar(255),
        sLastName varchar(255),
        sLocality varchar(255),
        sState varchar(255),
        sZip varchar(15),
        stripe_json varchar(255),
        totalCost decimal(19,2),
        userId integer,
        primary key (id)
    )
Hibernate: 
    
    create table chiliDefPostagePlacement (
       id bigint generated by default as identity,
        placement varchar(255),
        postagePlacement bigint,
        primary key (id)
    )
Hibernate: 
    
    create table chiliMasterTemplateAltLayout (
       id bigint generated by default as identity,
        itemID varchar(255),
        mtID bigint,
        name varchar(255),
        postagePlacement bigint,
        primary key (id)
    )
Hibernate: 
    
    create table chiliUserPrint (
       id bigint generated by default as identity,
        agentLayerTag varchar(255),
        agentid bigint,
        primary key (id)
    )
Hibernate: 
    
    create table chiliUserPrintPage (
       id bigint generated by default as identity,
        mtID bigint,
        pageNumber integer,
        selectedLayoutID varchar(255),
        printPagePdf varchar(255),
        upid bigint,
        primary key (id)
    )
Hibernate: 
    
    create table chiliUserPrintProduction (
       id bigint generated by default as identity,
        thumbURL varchar(255),
        upid bigint,
        printReadyURL varchar(255),
        print_request_id bigint,
        primary key (id)
    )
Hibernate: 
    
    create table item (
       ID bigint generated by default as identity,
        name varchar(255),
        isPrinted boolean,
        code varchar(255),
        primary key (ID)
    )
Hibernate: 
    
    create table printAddress (
       id bigint generated by default as identity,
        address1 varchar(255),
        address2 varchar(255),
        addressName varchar(255),
        addressType varchar(255),
        addressee varchar(255),
        certified boolean not null,
        city varchar(255),
        company varchar(255),
        firstName varchar(255),
        lastName varchar(255),
        locality varchar(255),
        occupant varchar(255),
        printRequestId bigint,
        state varchar(255),
        zip varchar(255),
        primary key (id)
    )
Hibernate: 
    
    create table printAddressVerified (
       id bigint generated by default as identity,
        address varchar(255),
        address2 varchar(255),
        barcode varchar(255),
        city varchar(255),
        cont_id varchar(255),
        crrt varchar(255),
        endorse varchar(255),
        first_name varchar(255),
        gpb_id varchar(255),
        imbarcode varchar(255),
        imbdigits varchar(255),
        last_name varchar(255),
        middle_name varchar(255),
        print_request_id bigint,
        sal varchar(255),
        sequenc varchar(255),
        state varchar(255),
        zip varchar(255),
        primary key (id)
    )
Hibernate: 
    
    create table printRequest (
       id bigint generated by default as identity,
        acc_count integer,
        acc_status varchar(12),
        acc_uuid varchar(48),
        printType varchar(255),
        provider varchar(255),
        uuid varchar(255),
        primary key (id)
    )
Hibernate: 
    
    alter table cart 
       add constraint FK8or64r1977dbvn60sqql40avj 
       foreign key (cartID) 
       references cart_id
Hibernate: 
    
    alter table cart 
       add constraint FK3cry4gt1er65oa4q40af389fo 
       foreign key (selection) 
       references item
2020-04-09 13:19:21.875  INFO 93364 --- [    Test worker] o.h.e.t.j.p.i.JtaPlatformInitiator       : HHH000490: Using JtaPlatform implementation: [org.hibernate.engine.transaction.jta.platform.internal.NoJtaPlatform]
2020-04-09 13:19:21.882  INFO 93364 --- [    Test worker] j.LocalContainerEntityManagerFactoryBean : Initialized JPA EntityManagerFactory for persistence unit 'default'
2020-04-09 13:19:22.126  WARN 93364 --- [    Test worker] JpaBaseConfiguration$JpaWebConfiguration : spring.jpa.open-in-view is enabled by default. Therefore, database queries may be performed during view rendering. Explicitly configure spring.jpa.open-in-view to disable this warning
2020-04-09 13:19:23.568  INFO 93364 --- [    Test worker] o.s.s.concurrent.ThreadPoolTaskExecutor  : Initializing ExecutorService 'applicationTaskExecutor'
2020-04-09 13:19:24.012  INFO 93364 --- [    Test worker] .s.s.UserDetailsServiceAutoConfiguration : 

Using generated security password: 90c56db5-2c77-4666-8c58-9db8d01a6720

2020-04-09 13:19:24.167  INFO 93364 --- [    Test worker] o.s.s.web.DefaultSecurityFilterChain     : Creating filter chain: any request, [org.springframework.security.web.context.request.async.WebAsyncManagerIntegrationFilter@1db97b54, org.springframework.security.web.context.SecurityContextPersistenceFilter@6fd48665, org.springframework.security.web.header.HeaderWriterFilter@17ca2013, org.springframework.security.web.authentication.logout.LogoutFilter@1c129f70, org.springframework.security.web.savedrequest.RequestCacheAwareFilter@d0f6ff, org.springframework.security.web.servletapi.SecurityContextHolderAwareRequestFilter@4a49976a, org.springframework.security.web.authentication.AnonymousAuthenticationFilter@7d5e23bc, org.springframework.security.web.session.SessionManagementFilter@d3f72cd, org.springframework.security.web.access.ExceptionTranslationFilter@5155fd35, org.springframework.security.web.access.intercept.FilterSecurityInterceptor@3a047b8d]
2020-04-09 13:19:24.261  INFO 93364 --- [    Test worker] org.quartz.impl.StdSchedulerFactory      : Using default implementation for ThreadExecutor
2020-04-09 13:19:24.275  INFO 93364 --- [    Test worker] org.quartz.core.SchedulerSignalerImpl    : Initialized Scheduler Signaller of type: class org.quartz.core.SchedulerSignalerImpl
2020-04-09 13:19:24.276  INFO 93364 --- [    Test worker] org.quartz.core.QuartzScheduler          : Quartz Scheduler v.2.3.2 created.
2020-04-09 13:19:24.276  INFO 93364 --- [    Test worker] org.quartz.simpl.RAMJobStore             : RAMJobStore initialized.
2020-04-09 13:19:24.277  INFO 93364 --- [    Test worker] org.quartz.core.QuartzScheduler          : Scheduler meta-data: Quartz Scheduler (v2.3.2) 'quartzScheduler' with instanceId 'NON_CLUSTERED'
  Scheduler class: 'org.quartz.core.QuartzScheduler' - running locally.
  NOT STARTED.
  Currently in standby mode.
  Number of jobs executed: 0
  Using thread pool 'org.quartz.simpl.SimpleThreadPool' - with 10 threads.
  Using job-store 'org.quartz.simpl.RAMJobStore' - which does not support persistence. and is not clustered.

2020-04-09 13:19:24.277  INFO 93364 --- [    Test worker] org.quartz.impl.StdSchedulerFactory      : Quartz scheduler 'quartzScheduler' initialized from an externally provided properties instance.
2020-04-09 13:19:24.277  INFO 93364 --- [    Test worker] org.quartz.impl.StdSchedulerFactory      : Quartz scheduler version: 2.3.2
2020-04-09 13:19:24.277  INFO 93364 --- [    Test worker] org.quartz.core.QuartzScheduler          : JobFactory set to: org.springframework.scheduling.quartz.SpringBeanJobFactory@3c505b18
2020-04-09 13:19:24.386  INFO 93364 --- [    Test worker] o.s.b.a.e.web.EndpointLinksResolver      : Exposing 4 endpoint(s) beneath base path '/actuator'
2020-04-09 13:19:24.636  INFO 93364 --- [    Test worker] o.s.s.c.ThreadPoolTaskScheduler          : Initializing ExecutorService 'taskScheduler'
2020-04-09 13:19:24.726  INFO 93364 --- [    Test worker] o.s.i.endpoint.EventDrivenConsumer       : Adding {logging-channel-adapter:_org.springframework.integration.errorLogger} as a subscriber to the 'errorChannel' channel
2020-04-09 13:19:24.726  INFO 93364 --- [    Test worker] o.s.i.channel.PublishSubscribeChannel    : Channel 'application-1.errorChannel' has 1 subscriber(s).
2020-04-09 13:19:24.727  INFO 93364 --- [    Test worker] o.s.i.endpoint.EventDrivenConsumer       : started bean '_org.springframework.integration.errorLogger'
2020-04-09 13:19:24.727  INFO 93364 --- [    Test worker] o.s.i.endpoint.EventDrivenConsumer       : Adding {bridge} as a subscriber to the 'toEnrichWithVerifiedAddresses' channel
2020-04-09 13:19:24.727  INFO 93364 --- [    Test worker] o.s.i.channel.PublishSubscribeChannel    : Channel 'application-1.toEnrichWithVerifiedAddresses' has 1 subscriber(s).
2020-04-09 13:19:24.727  INFO 93364 --- [    Test worker] o.s.i.endpoint.EventDrivenConsumer       : started bean 'enrichWithVerifiedAddressesFlow.org.springframework.integration.config.ConsumerEndpointFactoryBean#0'; defined in: 'class path resource [com/corelogic/homevisit/accuservice/AccuConnectConfiguration.class]'; from source: 'bean method enrichWithVerifiedAddressesFlow'
2020-04-09 13:19:24.727  INFO 93364 --- [    Test worker] o.s.i.endpoint.EventDrivenConsumer       : Adding {header-enricher} as a subscriber to the 'enrichWithVerifiedAddressesFlow.channel#1' channel
2020-04-09 13:19:24.727  INFO 93364 --- [    Test worker] o.s.integration.channel.DirectChannel    : Channel 'application-1.enrichWithVerifiedAddressesFlow.channel#1' has 1 subscriber(s).
2020-04-09 13:19:24.727  INFO 93364 --- [    Test worker] o.s.i.endpoint.EventDrivenConsumer       : started bean 'enrichWithVerifiedAddressesFlow.org.springframework.integration.config.ConsumerEndpointFactoryBean#1'; defined in: 'class path resource [com/corelogic/homevisit/accuservice/AccuConnectConfiguration.class]'; from source: 'bean method enrichWithVerifiedAddressesFlow'
2020-04-09 13:19:24.727  INFO 93364 --- [    Test worker] o.s.i.endpoint.EventDrivenConsumer       : Adding {enricher} as a subscriber to the 'enrichWithVerifiedAddressesFlow.channel#2' channel
2020-04-09 13:19:24.727  INFO 93364 --- [    Test worker] o.s.integration.channel.DirectChannel    : Channel 'application-1.enrichWithVerifiedAddressesFlow.channel#2' has 1 subscriber(s).
2020-04-09 13:19:24.727  INFO 93364 --- [    Test worker] o.s.i.endpoint.EventDrivenConsumer       : started bean 'enrichWithVerifiedAddressesFlow.org.springframework.integration.config.ConsumerEndpointFactoryBean#2'; defined in: 'class path resource [com/corelogic/homevisit/accuservice/AccuConnectConfiguration.class]'; from source: 'bean method enrichWithVerifiedAddressesFlow'
2020-04-09 13:19:24.728  INFO 93364 --- [    Test worker] o.s.i.endpoint.EventDrivenConsumer       : Adding {bridge} as a subscriber to the 'enrichWithVerifiedAddressesFlow.channel#4' channel
2020-04-09 13:19:24.728  INFO 93364 --- [    Test worker] o.s.integration.channel.DirectChannel    : Channel 'application-1.enrichWithVerifiedAddressesFlow.channel#4' has 1 subscriber(s).
2020-04-09 13:19:24.728  INFO 93364 --- [    Test worker] o.s.i.endpoint.EventDrivenConsumer       : started bean 'enrichWithVerifiedAddressesFlow.org.springframework.integration.config.ConsumerEndpointFactoryBean#3'; defined in: 'class path resource [com/corelogic/homevisit/accuservice/AccuConnectConfiguration.class]'; from source: 'bean method enrichWithVerifiedAddressesFlow'
2020-04-09 13:19:24.728  INFO 93364 --- [    Test worker] o.s.i.endpoint.EventDrivenConsumer       : Adding {bridge} as a subscriber to the 'toEnrichWithDial' channel
2020-04-09 13:19:24.728  INFO 93364 --- [    Test worker] o.s.i.channel.PublishSubscribeChannel    : Channel 'application-1.toEnrichWithDial' has 1 subscriber(s).
2020-04-09 13:19:24.728  INFO 93364 --- [    Test worker] o.s.i.endpoint.EventDrivenConsumer       : started bean 'enrichWithDialFlow.org.springframework.integration.config.ConsumerEndpointFactoryBean#0'; defined in: 'class path resource [com/corelogic/homevisit/accuservice/AccuConnectConfiguration.class]'; from source: 'bean method enrichWithDialFlow'
2020-04-09 13:19:24.728  INFO 93364 --- [    Test worker] o.s.i.endpoint.EventDrivenConsumer       : Adding {enricher} as a subscriber to the 'enrichWithDialFlow.channel#1' channel
2020-04-09 13:19:24.728  INFO 93364 --- [    Test worker] o.s.integration.channel.DirectChannel    : Channel 'application-1.enrichWithDialFlow.channel#1' has 1 subscriber(s).
2020-04-09 13:19:24.728  INFO 93364 --- [    Test worker] o.s.i.endpoint.EventDrivenConsumer       : started bean 'enrichWithDialFlow.org.springframework.integration.config.ConsumerEndpointFactoryBean#1'; defined in: 'class path resource [com/corelogic/homevisit/accuservice/AccuConnectConfiguration.class]'; from source: 'bean method enrichWithDialFlow'
2020-04-09 13:19:24.728  INFO 93364 --- [    Test worker] o.s.i.endpoint.EventDrivenConsumer       : Adding {router} as a subscriber to the 'enrichWithDialFlow.channel#3' channel
2020-04-09 13:19:24.728  INFO 93364 --- [    Test worker] o.s.integration.channel.DirectChannel    : Channel 'application-1.enrichWithDialFlow.channel#3' has 1 subscriber(s).
2020-04-09 13:19:24.729  INFO 93364 --- [    Test worker] o.s.i.endpoint.EventDrivenConsumer       : started bean 'enrichWithDialFlow.org.springframework.integration.config.ConsumerEndpointFactoryBean#2'; defined in: 'class path resource [com/corelogic/homevisit/accuservice/AccuConnectConfiguration.class]'; from source: 'bean method enrichWithDialFlow'
2020-04-09 13:19:24.729  INFO 93364 --- [    Test worker] o.s.i.endpoint.EventDrivenConsumer       : Adding {bridge} as a subscriber to the 'toRequestPrintJob' channel
2020-04-09 13:19:24.729  INFO 93364 --- [    Test worker] o.s.i.channel.PublishSubscribeChannel    : Channel 'application-1.toRequestPrintJob' has 1 subscriber(s).
2020-04-09 13:19:24.729  INFO 93364 --- [    Test worker] o.s.i.endpoint.EventDrivenConsumer       : started bean 'submitOrderFlow.org.springframework.integration.config.ConsumerEndpointFactoryBean#0'; defined in: 'class path resource [com/corelogic/homevisit/accuservice/AccuConnectConfiguration.class]'; from source: 'bean method submitOrderFlow'
2020-04-09 13:19:24.729  INFO 93364 --- [    Test worker] o.s.i.endpoint.EventDrivenConsumer       : Adding {filter} as a subscriber to the 'submitOrderFlow.channel#1' channel
2020-04-09 13:19:24.729  INFO 93364 --- [    Test worker] o.s.integration.channel.DirectChannel    : Channel 'application-1.submitOrderFlow.channel#1' has 1 subscriber(s).
2020-04-09 13:19:24.730  INFO 93364 --- [    Test worker] o.s.i.endpoint.EventDrivenConsumer       : started bean 'submitOrderFlow.org.springframework.integration.config.ConsumerEndpointFactoryBean#1'; defined in: 'class path resource [com/corelogic/homevisit/accuservice/AccuConnectConfiguration.class]'; from source: 'bean method submitOrderFlow'
2020-04-09 13:19:24.730  INFO 93364 --- [    Test worker] o.s.i.endpoint.EventDrivenConsumer       : Adding {transformer} as a subscriber to the 'submitOrderFlow.channel#2' channel
2020-04-09 13:19:24.730  INFO 93364 --- [    Test worker] o.s.integration.channel.DirectChannel    : Channel 'application-1.submitOrderFlow.channel#2' has 1 subscriber(s).
2020-04-09 13:19:24.730  INFO 93364 --- [    Test worker] o.s.i.endpoint.EventDrivenConsumer       : started bean 'submitOrderFlow.org.springframework.integration.config.ConsumerEndpointFactoryBean#2'; defined in: 'class path resource [com/corelogic/homevisit/accuservice/AccuConnectConfiguration.class]'; from source: 'bean method submitOrderFlow'
2020-04-09 13:19:24.730  INFO 93364 --- [    Test worker] o.s.i.endpoint.EventDrivenConsumer       : Adding {transformer} as a subscriber to the 'submitOrderFlow.channel#4' channel
2020-04-09 13:19:24.730  INFO 93364 --- [    Test worker] o.s.integration.channel.DirectChannel    : Channel 'application-1.submitOrderFlow.channel#4' has 1 subscriber(s).
2020-04-09 13:19:24.730  INFO 93364 --- [    Test worker] o.s.i.endpoint.EventDrivenConsumer       : started bean 'submitOrderFlow.org.springframework.integration.config.ConsumerEndpointFactoryBean#3'; defined in: 'class path resource [com/corelogic/homevisit/accuservice/AccuConnectConfiguration.class]'; from source: 'bean method submitOrderFlow'
2020-04-09 13:19:24.731  INFO 93364 --- [    Test worker] o.s.i.endpoint.EventDrivenConsumer       : Adding {http:outbound-gateway} as a subscriber to the 'submitOrderFlow.channel#6' channel
2020-04-09 13:19:24.731  INFO 93364 --- [    Test worker] o.s.integration.channel.DirectChannel    : Channel 'application-1.submitOrderFlow.channel#6' has 1 subscriber(s).
2020-04-09 13:19:24.731  INFO 93364 --- [    Test worker] o.s.i.endpoint.EventDrivenConsumer       : started bean 'submitOrderFlow.org.springframework.integration.config.ConsumerEndpointFactoryBean#4'; defined in: 'class path resource [com/corelogic/homevisit/accuservice/AccuConnectConfiguration.class]'; from source: 'bean method submitOrderFlow'
2020-04-09 13:19:24.731  INFO 93364 --- [    Test worker] o.s.i.endpoint.EventDrivenConsumer       : Adding {bridge} as a subscriber to the 'submitOrderFlow.channel#8' channel
2020-04-09 13:19:24.731  INFO 93364 --- [    Test worker] o.s.integration.channel.DirectChannel    : Channel 'application-1.submitOrderFlow.channel#8' has 1 subscriber(s).
2020-04-09 13:19:24.731  INFO 93364 --- [    Test worker] o.s.i.endpoint.EventDrivenConsumer       : started bean 'submitOrderFlow.org.springframework.integration.config.ConsumerEndpointFactoryBean#5'; defined in: 'class path resource [com/corelogic/homevisit/accuservice/AccuConnectConfiguration.class]'; from source: 'bean method submitOrderFlow'
2020-04-09 13:19:24.731  INFO 93364 --- [    Test worker] o.s.i.endpoint.EventDrivenConsumer       : Adding {bridge} as a subscriber to the 'toPrintJobResponse' channel
2020-04-09 13:19:24.731  INFO 93364 --- [    Test worker] o.s.i.channel.PublishSubscribeChannel    : Channel 'application-1.toPrintJobResponse' has 1 subscriber(s).
2020-04-09 13:19:24.732  INFO 93364 --- [    Test worker] o.s.i.endpoint.EventDrivenConsumer       : started bean 'processPrintJobRequestFlow.org.springframework.integration.config.ConsumerEndpointFactoryBean#0'; defined in: 'class path resource [com/corelogic/homevisit/accuservice/AccuConnectConfiguration.class]'; from source: 'bean method processPrintJobRequestFlow'
2020-04-09 13:19:24.732  INFO 93364 --- [    Test worker] o.s.i.endpoint.EventDrivenConsumer       : Adding {transformer} as a subscriber to the 'processPrintJobRequestFlow.channel#1' channel
2020-04-09 13:19:24.732  INFO 93364 --- [    Test worker] o.s.integration.channel.DirectChannel    : Channel 'application-1.processPrintJobRequestFlow.channel#1' has 1 subscriber(s).
2020-04-09 13:19:24.732  INFO 93364 --- [    Test worker] o.s.i.endpoint.EventDrivenConsumer       : started bean 'processPrintJobRequestFlow.org.springframework.integration.config.ConsumerEndpointFactoryBean#1'; defined in: 'class path resource [com/corelogic/homevisit/accuservice/AccuConnectConfiguration.class]'; from source: 'bean method processPrintJobRequestFlow'
2020-04-09 13:19:24.732  INFO 93364 --- [    Test worker] o.s.i.endpoint.EventDrivenConsumer       : Adding {header-enricher} as a subscriber to the 'processPrintJobRequestFlow.channel#2' channel
2020-04-09 13:19:24.732  INFO 93364 --- [    Test worker] o.s.integration.channel.DirectChannel    : Channel 'application-1.processPrintJobRequestFlow.channel#2' has 1 subscriber(s).
2020-04-09 13:19:24.733  INFO 93364 --- [    Test worker] o.s.i.endpoint.EventDrivenConsumer       : started bean 'processPrintJobRequestFlow.org.springframework.integration.config.ConsumerEndpointFactoryBean#2'; defined in: 'class path resource [com/corelogic/homevisit/accuservice/AccuConnectConfiguration.class]'; from source: 'bean method processPrintJobRequestFlow'
2020-04-09 13:19:24.733  INFO 93364 --- [    Test worker] o.s.i.endpoint.EventDrivenConsumer       : Adding {bridge} as a subscriber to the 'processPrintJobRequestFlow.channel#4' channel
2020-04-09 13:19:24.733  INFO 93364 --- [    Test worker] o.s.integration.channel.DirectChannel    : Channel 'application-1.processPrintJobRequestFlow.channel#4' has 1 subscriber(s).
2020-04-09 13:19:24.733  INFO 93364 --- [    Test worker] o.s.i.endpoint.EventDrivenConsumer       : started bean 'processPrintJobRequestFlow.org.springframework.integration.config.ConsumerEndpointFactoryBean#3'; defined in: 'class path resource [com/corelogic/homevisit/accuservice/AccuConnectConfiguration.class]'; from source: 'bean method processPrintJobRequestFlow'
2020-04-09 13:19:24.733  INFO 93364 --- [    Test worker] o.s.i.endpoint.EventDrivenConsumer       : Adding {bridge} as a subscriber to the 'toPrintRequestHasError' channel
2020-04-09 13:19:24.733  INFO 93364 --- [    Test worker] o.s.i.channel.PublishSubscribeChannel    : Channel 'application-1.toPrintRequestHasError' has 1 subscriber(s).
2020-04-09 13:19:24.733  INFO 93364 --- [    Test worker] o.s.i.endpoint.EventDrivenConsumer       : started bean 'printRequestHasErrorFlow.org.springframework.integration.config.ConsumerEndpointFactoryBean#0'; defined in: 'class path resource [com/corelogic/homevisit/accuservice/AccuConnectConfiguration.class]'; from source: 'bean method printRequestHasErrorFlow'
2020-04-09 13:19:24.734  INFO 93364 --- [    Test worker] o.s.i.endpoint.EventDrivenConsumer       : Adding {transformer} as a subscriber to the 'printRequestHasErrorFlow.channel#1' channel
2020-04-09 13:19:24.734  INFO 93364 --- [    Test worker] o.s.integration.channel.DirectChannel    : Channel 'application-1.printRequestHasErrorFlow.channel#1' has 1 subscriber(s).
2020-04-09 13:19:24.735  INFO 93364 --- [    Test worker] o.s.i.endpoint.EventDrivenConsumer       : started bean 'printRequestHasErrorFlow.org.springframework.integration.config.ConsumerEndpointFactoryBean#1'; defined in: 'class path resource [com/corelogic/homevisit/accuservice/AccuConnectConfiguration.class]'; from source: 'bean method printRequestHasErrorFlow'
2020-04-09 13:19:24.735  INFO 93364 --- [    Test worker] o.s.i.endpoint.EventDrivenConsumer       : Adding {header-enricher} as a subscriber to the 'printRequestHasErrorFlow.channel#2' channel
2020-04-09 13:19:24.735  INFO 93364 --- [    Test worker] o.s.integration.channel.DirectChannel    : Channel 'application-1.printRequestHasErrorFlow.channel#2' has 1 subscriber(s).
2020-04-09 13:19:24.735  INFO 93364 --- [    Test worker] o.s.i.endpoint.EventDrivenConsumer       : started bean 'printRequestHasErrorFlow.org.springframework.integration.config.ConsumerEndpointFactoryBean#2'; defined in: 'class path resource [com/corelogic/homevisit/accuservice/AccuConnectConfiguration.class]'; from source: 'bean method printRequestHasErrorFlow'
2020-04-09 13:19:24.735  INFO 93364 --- [    Test worker] o.s.i.endpoint.EventDrivenConsumer       : Adding {bridge} as a subscriber to the 'printRequestHasErrorFlow.channel#4' channel
2020-04-09 13:19:24.735  INFO 93364 --- [    Test worker] o.s.integration.channel.DirectChannel    : Channel 'application-1.printRequestHasErrorFlow.channel#4' has 1 subscriber(s).
2020-04-09 13:19:24.735  INFO 93364 --- [    Test worker] o.s.i.endpoint.EventDrivenConsumer       : started bean 'printRequestHasErrorFlow.org.springframework.integration.config.ConsumerEndpointFactoryBean#3'; defined in: 'class path resource [com/corelogic/homevisit/accuservice/AccuConnectConfiguration.class]'; from source: 'bean method printRequestHasErrorFlow'
2020-04-09 13:19:24.736  INFO 93364 --- [    Test worker] o.s.i.endpoint.EventDrivenConsumer       : Adding {filter} as a subscriber to the 'inboundSuccessCallbackFlow.channel#0' channel
2020-04-09 13:19:24.736  INFO 93364 --- [    Test worker] o.s.integration.channel.DirectChannel    : Channel 'application-1.inboundSuccessCallbackFlow.channel#0' has 1 subscriber(s).
2020-04-09 13:19:24.736  INFO 93364 --- [    Test worker] o.s.i.endpoint.EventDrivenConsumer       : started bean 'inboundSuccessCallbackFlow.org.springframework.integration.config.ConsumerEndpointFactoryBean#0'; defined in: 'class path resource [com/corelogic/homevisit/accuservice/AccuConnectConfiguration.class]'; from source: 'bean method inboundSuccessCallbackFlow'
2020-04-09 13:19:24.736  INFO 93364 --- [    Test worker] o.s.i.endpoint.EventDrivenConsumer       : Adding {json-to-object-transformer} as a subscriber to the 'inboundSuccessCallbackFlow.channel#1' channel
2020-04-09 13:19:24.736  INFO 93364 --- [    Test worker] o.s.integration.channel.DirectChannel    : Channel 'application-1.inboundSuccessCallbackFlow.channel#1' has 1 subscriber(s).
2020-04-09 13:19:24.736  INFO 93364 --- [    Test worker] o.s.i.endpoint.EventDrivenConsumer       : started bean 'inboundSuccessCallbackFlow.org.springframework.integration.config.ConsumerEndpointFactoryBean#1'; defined in: 'class path resource [com/corelogic/homevisit/accuservice/AccuConnectConfiguration.class]'; from source: 'bean method inboundSuccessCallbackFlow'
2020-04-09 13:19:24.736  INFO 93364 --- [    Test worker] o.s.i.endpoint.EventDrivenConsumer       : Adding {header-enricher} as a subscriber to the 'inboundSuccessCallbackFlow.channel#2' channel
2020-04-09 13:19:24.736  INFO 93364 --- [    Test worker] o.s.integration.channel.DirectChannel    : Channel 'application-1.inboundSuccessCallbackFlow.channel#2' has 1 subscriber(s).
2020-04-09 13:19:24.737  INFO 93364 --- [    Test worker] o.s.i.endpoint.EventDrivenConsumer       : started bean 'inboundSuccessCallbackFlow.org.springframework.integration.config.ConsumerEndpointFactoryBean#2'; defined in: 'class path resource [com/corelogic/homevisit/accuservice/AccuConnectConfiguration.class]'; from source: 'bean method inboundSuccessCallbackFlow'
2020-04-09 13:19:24.737  INFO 93364 --- [    Test worker] o.s.i.endpoint.EventDrivenConsumer       : Adding {bridge} as a subscriber to the 'inboundSuccessCallbackFlow.channel#4' channel
2020-04-09 13:19:24.737  INFO 93364 --- [    Test worker] o.s.integration.channel.DirectChannel    : Channel 'application-1.inboundSuccessCallbackFlow.channel#4' has 1 subscriber(s).
2020-04-09 13:19:24.737  INFO 93364 --- [    Test worker] o.s.i.endpoint.EventDrivenConsumer       : started bean 'inboundSuccessCallbackFlow.org.springframework.integration.config.ConsumerEndpointFactoryBean#3'; defined in: 'class path resource [com/corelogic/homevisit/accuservice/AccuConnectConfiguration.class]'; from source: 'bean method inboundSuccessCallbackFlow'
2020-04-09 13:19:24.737  INFO 93364 --- [    Test worker] o.s.i.endpoint.EventDrivenConsumer       : Adding {header-enricher} as a subscriber to the 'toPickupAddressesChannel' channel
2020-04-09 13:19:24.737  INFO 93364 --- [    Test worker] o.s.i.channel.PublishSubscribeChannel    : Channel 'application-1.toPickupAddressesChannel' has 1 subscriber(s).
2020-04-09 13:19:24.737  INFO 93364 --- [    Test worker] o.s.i.endpoint.EventDrivenConsumer       : started bean 'addressForVerificationIntegrationFlow.org.springframework.integration.config.ConsumerEndpointFactoryBean#0'; defined in: 'class path resource [com/corelogic/homevisit/accuservice/AccuServiceConfiguration.class]'; from source: 'bean method addressForVerificationIntegrationFlow'
2020-04-09 13:19:24.738  INFO 93364 --- [    Test worker] o.s.i.endpoint.EventDrivenConsumer       : Adding {transformer} as a subscriber to the 'addressForVerificationIntegrationFlow.channel#1' channel
2020-04-09 13:19:24.738  INFO 93364 --- [    Test worker] o.s.integration.channel.DirectChannel    : Channel 'application-1.addressForVerificationIntegrationFlow.channel#1' has 1 subscriber(s).
2020-04-09 13:19:24.738  INFO 93364 --- [    Test worker] o.s.i.endpoint.EventDrivenConsumer       : started bean 'addressForVerificationIntegrationFlow.org.springframework.integration.config.ConsumerEndpointFactoryBean#1'; defined in: 'class path resource [com/corelogic/homevisit/accuservice/AccuServiceConfiguration.class]'; from source: 'bean method addressForVerificationIntegrationFlow'
2020-04-09 13:19:24.738  INFO 93364 --- [    Test worker] o.s.i.endpoint.EventDrivenConsumer       : Adding {filter} as a subscriber to the 'addressForVerificationIntegrationFlow.channel#2' channel
2020-04-09 13:19:24.738  INFO 93364 --- [    Test worker] o.s.integration.channel.DirectChannel    : Channel 'application-1.addressForVerificationIntegrationFlow.channel#2' has 1 subscriber(s).
2020-04-09 13:19:24.738  INFO 93364 --- [    Test worker] o.s.i.endpoint.EventDrivenConsumer       : started bean 'addressForVerificationIntegrationFlow.org.springframework.integration.config.ConsumerEndpointFactoryBean#2'; defined in: 'class path resource [com/corelogic/homevisit/accuservice/AccuServiceConfiguration.class]'; from source: 'bean method addressForVerificationIntegrationFlow'
2020-04-09 13:19:24.738  INFO 93364 --- [    Test worker] o.s.i.endpoint.EventDrivenConsumer       : Adding {bridge} as a subscriber to the 'addressForVerificationIntegrationFlow.channel#4' channel
2020-04-09 13:19:24.739  INFO 93364 --- [    Test worker] o.s.integration.channel.DirectChannel    : Channel 'application-1.addressForVerificationIntegrationFlow.channel#4' has 1 subscriber(s).
2020-04-09 13:19:24.739  INFO 93364 --- [    Test worker] o.s.i.endpoint.EventDrivenConsumer       : started bean 'addressForVerificationIntegrationFlow.org.springframework.integration.config.ConsumerEndpointFactoryBean#3'; defined in: 'class path resource [com/corelogic/homevisit/accuservice/AccuServiceConfiguration.class]'; from source: 'bean method addressForVerificationIntegrationFlow'
2020-04-09 13:19:24.739  INFO 93364 --- [    Test worker] o.s.i.endpoint.EventDrivenConsumer       : Adding {bridge} as a subscriber to the 'toCsvUploadChannel' channel
2020-04-09 13:19:24.739  INFO 93364 --- [    Test worker] o.s.i.channel.PublishSubscribeChannel    : Channel 'application-1.toCsvUploadChannel' has 1 subscriber(s).
2020-04-09 13:19:24.739  INFO 93364 --- [    Test worker] o.s.i.endpoint.EventDrivenConsumer       : started bean 'toCsvMessageFlow.org.springframework.integration.config.ConsumerEndpointFactoryBean#0'; defined in: 'class path resource [com/corelogic/homevisit/accuservice/AccuServiceConfiguration.class]'; from source: 'bean method toCsvMessageFlow'
2020-04-09 13:19:24.739  INFO 93364 --- [    Test worker] o.s.i.endpoint.EventDrivenConsumer       : Adding {transformer} as a subscriber to the 'toCsvMessageFlow.channel#1' channel
2020-04-09 13:19:24.739  INFO 93364 --- [    Test worker] o.s.integration.channel.DirectChannel    : Channel 'application-1.toCsvMessageFlow.channel#1' has 1 subscriber(s).
2020-04-09 13:19:24.740  INFO 93364 --- [    Test worker] o.s.i.endpoint.EventDrivenConsumer       : started bean 'toCsvMessageFlow.org.springframework.integration.config.ConsumerEndpointFactoryBean#1'; defined in: 'class path resource [com/corelogic/homevisit/accuservice/AccuServiceConfiguration.class]'; from source: 'bean method toCsvMessageFlow'
2020-04-09 13:19:24.740  INFO 93364 --- [    Test worker] o.s.i.endpoint.EventDrivenConsumer       : Adding {http:outbound-gateway} as a subscriber to the 'toCsvMessageFlow.channel#3' channel
2020-04-09 13:19:24.740  INFO 93364 --- [    Test worker] o.s.integration.channel.DirectChannel    : Channel 'application-1.toCsvMessageFlow.channel#3' has 1 subscriber(s).
2020-04-09 13:19:24.740  INFO 93364 --- [    Test worker] o.s.i.endpoint.EventDrivenConsumer       : started bean 'toCsvMessageFlow.org.springframework.integration.config.ConsumerEndpointFactoryBean#2'; defined in: 'class path resource [com/corelogic/homevisit/accuservice/AccuServiceConfiguration.class]'; from source: 'bean method toCsvMessageFlow'
2020-04-09 13:19:24.740  INFO 93364 --- [    Test worker] o.s.i.endpoint.EventDrivenConsumer       : Adding {filter} as a subscriber to the 'toCsvMessageFlow.channel#5' channel
2020-04-09 13:19:24.740  INFO 93364 --- [    Test worker] o.s.integration.channel.DirectChannel    : Channel 'application-1.toCsvMessageFlow.channel#5' has 1 subscriber(s).
2020-04-09 13:19:24.741  INFO 93364 --- [    Test worker] o.s.i.endpoint.EventDrivenConsumer       : started bean 'toCsvMessageFlow.org.springframework.integration.config.ConsumerEndpointFactoryBean#3'; defined in: 'class path resource [com/corelogic/homevisit/accuservice/AccuServiceConfiguration.class]'; from source: 'bean method toCsvMessageFlow'
2020-04-09 13:19:24.741  INFO 93364 --- [    Test worker] o.s.i.endpoint.EventDrivenConsumer       : Adding {transformer} as a subscriber to the 'toCsvMessageFlow.channel#6' channel
2020-04-09 13:19:24.741  INFO 93364 --- [    Test worker] o.s.integration.channel.DirectChannel    : Channel 'application-1.toCsvMessageFlow.channel#6' has 1 subscriber(s).
2020-04-09 13:19:24.741  INFO 93364 --- [    Test worker] o.s.i.endpoint.EventDrivenConsumer       : started bean 'toCsvMessageFlow.org.springframework.integration.config.ConsumerEndpointFactoryBean#4'; defined in: 'class path resource [com/corelogic/homevisit/accuservice/AccuServiceConfiguration.class]'; from source: 'bean method toCsvMessageFlow'
2020-04-09 13:19:24.742  INFO 93364 --- [    Test worker] o.s.i.endpoint.EventDrivenConsumer       : Adding {header-enricher} as a subscriber to the 'toCsvMessageFlow.channel#7' channel
2020-04-09 13:19:24.742  INFO 93364 --- [    Test worker] o.s.integration.channel.DirectChannel    : Channel 'application-1.toCsvMessageFlow.channel#7' has 1 subscriber(s).
2020-04-09 13:19:24.742  INFO 93364 --- [    Test worker] o.s.i.endpoint.EventDrivenConsumer       : started bean 'toCsvMessageFlow.org.springframework.integration.config.ConsumerEndpointFactoryBean#5'; defined in: 'class path resource [com/corelogic/homevisit/accuservice/AccuServiceConfiguration.class]'; from source: 'bean method toCsvMessageFlow'
2020-04-09 13:19:24.742  INFO 93364 --- [    Test worker] o.s.i.endpoint.EventDrivenConsumer       : Adding {bridge} as a subscriber to the 'toCsvMessageFlow.channel#9' channel
2020-04-09 13:19:24.742  INFO 93364 --- [    Test worker] o.s.integration.channel.DirectChannel    : Channel 'application-1.toCsvMessageFlow.channel#9' has 1 subscriber(s).
2020-04-09 13:19:24.743  INFO 93364 --- [    Test worker] o.s.i.endpoint.EventDrivenConsumer       : started bean 'toCsvMessageFlow.org.springframework.integration.config.ConsumerEndpointFactoryBean#6'; defined in: 'class path resource [com/corelogic/homevisit/accuservice/AccuServiceConfiguration.class]'; from source: 'bean method toCsvMessageFlow'
2020-04-09 13:19:24.743  INFO 93364 --- [    Test worker] o.s.i.endpoint.EventDrivenConsumer       : Adding {header-enricher} as a subscriber to the 'checkUploadMessageChannel' channel
2020-04-09 13:19:24.743  INFO 93364 --- [    Test worker] o.s.i.channel.PublishSubscribeChannel    : Channel 'application-1.checkUploadMessageChannel' has 1 subscriber(s).
2020-04-09 13:19:24.743  INFO 93364 --- [    Test worker] o.s.i.endpoint.EventDrivenConsumer       : started bean 'checkUploadMessageFlow.org.springframework.integration.config.ConsumerEndpointFactoryBean#0'; defined in: 'class path resource [com/corelogic/homevisit/accuservice/AccuServiceConfiguration.class]'; from source: 'bean method checkUploadMessageFlow'
2020-04-09 13:19:24.743  INFO 93364 --- [    Test worker] o.s.i.endpoint.EventDrivenConsumer       : Adding {http:outbound-gateway} as a subscriber to the 'checkUploadMessageFlow.channel#1' channel
2020-04-09 13:19:24.743  INFO 93364 --- [    Test worker] o.s.integration.channel.DirectChannel    : Channel 'application-1.checkUploadMessageFlow.channel#1' has 1 subscriber(s).
2020-04-09 13:19:24.743  INFO 93364 --- [    Test worker] o.s.i.endpoint.EventDrivenConsumer       : started bean 'checkUploadMessageFlow.org.springframework.integration.config.ConsumerEndpointFactoryBean#1'; defined in: 'class path resource [com/corelogic/homevisit/accuservice/AccuServiceConfiguration.class]'; from source: 'bean method checkUploadMessageFlow'
2020-04-09 13:19:24.743  INFO 93364 --- [    Test worker] o.s.i.endpoint.EventDrivenConsumer       : Adding {transformer} as a subscriber to the 'checkUploadMessageFlow.channel#3' channel
2020-04-09 13:19:24.743  INFO 93364 --- [    Test worker] o.s.integration.channel.DirectChannel    : Channel 'application-1.checkUploadMessageFlow.channel#3' has 1 subscriber(s).
2020-04-09 13:19:24.743  INFO 93364 --- [    Test worker] o.s.i.endpoint.EventDrivenConsumer       : started bean 'checkUploadMessageFlow.org.springframework.integration.config.ConsumerEndpointFactoryBean#2'; defined in: 'class path resource [com/corelogic/homevisit/accuservice/AccuServiceConfiguration.class]'; from source: 'bean method checkUploadMessageFlow'
2020-04-09 13:19:24.744  INFO 93364 --- [    Test worker] o.s.i.endpoint.EventDrivenConsumer       : Adding {filter} as a subscriber to the 'checkUploadMessageFlow.channel#4' channel
2020-04-09 13:19:24.744  INFO 93364 --- [    Test worker] o.s.integration.channel.DirectChannel    : Channel 'application-1.checkUploadMessageFlow.channel#4' has 1 subscriber(s).
2020-04-09 13:19:24.744  INFO 93364 --- [    Test worker] o.s.i.endpoint.EventDrivenConsumer       : started bean 'checkUploadMessageFlow.org.springframework.integration.config.ConsumerEndpointFactoryBean#3'; defined in: 'class path resource [com/corelogic/homevisit/accuservice/AccuServiceConfiguration.class]'; from source: 'bean method checkUploadMessageFlow'
2020-04-09 13:19:24.744  INFO 93364 --- [    Test worker] o.s.i.endpoint.EventDrivenConsumer       : Adding {header-enricher} as a subscriber to the 'checkUploadMessageFlow.channel#5' channel
2020-04-09 13:19:24.744  INFO 93364 --- [    Test worker] o.s.integration.channel.DirectChannel    : Channel 'application-1.checkUploadMessageFlow.channel#5' has 1 subscriber(s).
2020-04-09 13:19:24.744  INFO 93364 --- [    Test worker] o.s.i.endpoint.EventDrivenConsumer       : started bean 'checkUploadMessageFlow.org.springframework.integration.config.ConsumerEndpointFactoryBean#4'; defined in: 'class path resource [com/corelogic/homevisit/accuservice/AccuServiceConfiguration.class]'; from source: 'bean method checkUploadMessageFlow'
2020-04-09 13:19:24.744  INFO 93364 --- [    Test worker] o.s.i.endpoint.EventDrivenConsumer       : Adding {bridge} as a subscriber to the 'checkUploadMessageFlow.channel#7' channel
2020-04-09 13:19:24.744  INFO 93364 --- [    Test worker] o.s.integration.channel.DirectChannel    : Channel 'application-1.checkUploadMessageFlow.channel#7' has 1 subscriber(s).
2020-04-09 13:19:24.744  INFO 93364 --- [    Test worker] o.s.i.endpoint.EventDrivenConsumer       : started bean 'checkUploadMessageFlow.org.springframework.integration.config.ConsumerEndpointFactoryBean#5'; defined in: 'class path resource [com/corelogic/homevisit/accuservice/AccuServiceConfiguration.class]'; from source: 'bean method checkUploadMessageFlow'
2020-04-09 13:19:24.744  INFO 93364 --- [    Test worker] o.s.i.endpoint.EventDrivenConsumer       : Adding {header-enricher} as a subscriber to the 'updateQuoteMessageChannel' channel
2020-04-09 13:19:24.744  INFO 93364 --- [    Test worker] o.s.i.channel.PublishSubscribeChannel    : Channel 'application-1.updateQuoteMessageChannel' has 1 subscriber(s).
2020-04-09 13:19:24.744  INFO 93364 --- [    Test worker] o.s.i.endpoint.EventDrivenConsumer       : started bean 'updateQuoteMessageFlow.org.springframework.integration.config.ConsumerEndpointFactoryBean#0'; defined in: 'class path resource [com/corelogic/homevisit/accuservice/AccuServiceConfiguration.class]'; from source: 'bean method updateQuoteMessageFlow'
2020-04-09 13:19:24.744  INFO 93364 --- [    Test worker] o.s.i.endpoint.EventDrivenConsumer       : Adding {transformer} as a subscriber to the 'updateQuoteMessageFlow.channel#0' channel
2020-04-09 13:19:24.744  INFO 93364 --- [    Test worker] o.s.integration.channel.DirectChannel    : Channel 'application-1.updateQuoteMessageFlow.channel#0' has 1 subscriber(s).
2020-04-09 13:19:24.745  INFO 93364 --- [    Test worker] o.s.i.endpoint.EventDrivenConsumer       : started bean 'updateQuoteMessageFlow.org.springframework.integration.config.ConsumerEndpointFactoryBean#1'; defined in: 'class path resource [com/corelogic/homevisit/accuservice/AccuServiceConfiguration.class]'; from source: 'bean method updateQuoteMessageFlow'
2020-04-09 13:19:24.745  INFO 93364 --- [    Test worker] o.s.i.endpoint.EventDrivenConsumer       : Adding {http:outbound-gateway} as a subscriber to the 'updateQuoteMessageFlow.channel#2' channel
2020-04-09 13:19:24.745  INFO 93364 --- [    Test worker] o.s.integration.channel.DirectChannel    : Channel 'application-1.updateQuoteMessageFlow.channel#2' has 1 subscriber(s).
2020-04-09 13:19:24.745  INFO 93364 --- [    Test worker] o.s.i.endpoint.EventDrivenConsumer       : started bean 'updateQuoteMessageFlow.org.springframework.integration.config.ConsumerEndpointFactoryBean#2'; defined in: 'class path resource [com/corelogic/homevisit/accuservice/AccuServiceConfiguration.class]'; from source: 'bean method updateQuoteMessageFlow'
2020-04-09 13:19:24.745  INFO 93364 --- [    Test worker] o.s.i.endpoint.EventDrivenConsumer       : Adding {transformer} as a subscriber to the 'updateQuoteMessageFlow.channel#4' channel
2020-04-09 13:19:24.745  INFO 93364 --- [    Test worker] o.s.integration.channel.DirectChannel    : Channel 'application-1.updateQuoteMessageFlow.channel#4' has 1 subscriber(s).
2020-04-09 13:19:24.745  INFO 93364 --- [    Test worker] o.s.i.endpoint.EventDrivenConsumer       : started bean 'updateQuoteMessageFlow.org.springframework.integration.config.ConsumerEndpointFactoryBean#3'; defined in: 'class path resource [com/corelogic/homevisit/accuservice/AccuServiceConfiguration.class]'; from source: 'bean method updateQuoteMessageFlow'
2020-04-09 13:19:24.745  INFO 93364 --- [    Test worker] o.s.i.endpoint.EventDrivenConsumer       : Adding {header-enricher} as a subscriber to the 'updateQuoteMessageFlow.channel#5' channel
2020-04-09 13:19:24.745  INFO 93364 --- [    Test worker] o.s.integration.channel.DirectChannel    : Channel 'application-1.updateQuoteMessageFlow.channel#5' has 1 subscriber(s).
2020-04-09 13:19:24.745  INFO 93364 --- [    Test worker] o.s.i.endpoint.EventDrivenConsumer       : started bean 'updateQuoteMessageFlow.org.springframework.integration.config.ConsumerEndpointFactoryBean#4'; defined in: 'class path resource [com/corelogic/homevisit/accuservice/AccuServiceConfiguration.class]'; from source: 'bean method updateQuoteMessageFlow'
2020-04-09 13:19:24.745  INFO 93364 --- [    Test worker] o.s.i.endpoint.EventDrivenConsumer       : Adding {bridge} as a subscriber to the 'updateQuoteMessageFlow.channel#7' channel
2020-04-09 13:19:24.745  INFO 93364 --- [    Test worker] o.s.integration.channel.DirectChannel    : Channel 'application-1.updateQuoteMessageFlow.channel#7' has 1 subscriber(s).
2020-04-09 13:19:24.745  INFO 93364 --- [    Test worker] o.s.i.endpoint.EventDrivenConsumer       : started bean 'updateQuoteMessageFlow.org.springframework.integration.config.ConsumerEndpointFactoryBean#5'; defined in: 'class path resource [com/corelogic/homevisit/accuservice/AccuServiceConfiguration.class]'; from source: 'bean method updateQuoteMessageFlow'
2020-04-09 13:19:24.746  INFO 93364 --- [    Test worker] o.s.i.endpoint.EventDrivenConsumer       : Adding {header-enricher} as a subscriber to the 'printRequestCsvJobMessageChannel' channel
2020-04-09 13:19:24.746  INFO 93364 --- [    Test worker] o.s.i.channel.PublishSubscribeChannel    : Channel 'application-1.printRequestCsvJobMessageChannel' has 1 subscriber(s).
2020-04-09 13:19:24.746  INFO 93364 --- [    Test worker] o.s.i.endpoint.EventDrivenConsumer       : started bean 'printRequestCsvJobMessageFlow.org.springframework.integration.config.ConsumerEndpointFactoryBean#0'; defined in: 'class path resource [com/corelogic/homevisit/accuservice/AccuServiceConfiguration.class]'; from source: 'bean method printRequestCsvJobMessageFlow'
2020-04-09 13:19:24.746  INFO 93364 --- [    Test worker] o.s.i.endpoint.EventDrivenConsumer       : Adding {http:outbound-gateway} as a subscriber to the 'printRequestCsvJobMessageFlow.channel#1' channel
2020-04-09 13:19:24.746  INFO 93364 --- [    Test worker] o.s.integration.channel.DirectChannel    : Channel 'application-1.printRequestCsvJobMessageFlow.channel#1' has 1 subscriber(s).
2020-04-09 13:19:24.746  INFO 93364 --- [    Test worker] o.s.i.endpoint.EventDrivenConsumer       : started bean 'printRequestCsvJobMessageFlow.org.springframework.integration.config.ConsumerEndpointFactoryBean#1'; defined in: 'class path resource [com/corelogic/homevisit/accuservice/AccuServiceConfiguration.class]'; from source: 'bean method printRequestCsvJobMessageFlow'
2020-04-09 13:19:24.746  INFO 93364 --- [    Test worker] o.s.i.endpoint.EventDrivenConsumer       : Adding {transformer} as a subscriber to the 'printRequestCsvJobMessageFlow.channel#3' channel
2020-04-09 13:19:24.746  INFO 93364 --- [    Test worker] o.s.integration.channel.DirectChannel    : Channel 'application-1.printRequestCsvJobMessageFlow.channel#3' has 1 subscriber(s).
2020-04-09 13:19:24.746  INFO 93364 --- [    Test worker] o.s.i.endpoint.EventDrivenConsumer       : started bean 'printRequestCsvJobMessageFlow.org.springframework.integration.config.ConsumerEndpointFactoryBean#2'; defined in: 'class path resource [com/corelogic/homevisit/accuservice/AccuServiceConfiguration.class]'; from source: 'bean method printRequestCsvJobMessageFlow'
2020-04-09 13:19:24.746  INFO 93364 --- [    Test worker] o.s.i.endpoint.EventDrivenConsumer       : Adding {filter} as a subscriber to the 'printRequestCsvJobMessageFlow.channel#4' channel
2020-04-09 13:19:24.746  INFO 93364 --- [    Test worker] o.s.integration.channel.DirectChannel    : Channel 'application-1.printRequestCsvJobMessageFlow.channel#4' has 1 subscriber(s).
2020-04-09 13:19:24.746  INFO 93364 --- [    Test worker] o.s.i.endpoint.EventDrivenConsumer       : started bean 'printRequestCsvJobMessageFlow.org.springframework.integration.config.ConsumerEndpointFactoryBean#3'; defined in: 'class path resource [com/corelogic/homevisit/accuservice/AccuServiceConfiguration.class]'; from source: 'bean method printRequestCsvJobMessageFlow'
2020-04-09 13:19:24.746  INFO 93364 --- [    Test worker] o.s.i.endpoint.EventDrivenConsumer       : Adding {http:outbound-gateway} as a subscriber to the 'printRequestCsvJobMessageFlow.channel#5' channel
2020-04-09 13:19:24.746  INFO 93364 --- [    Test worker] o.s.integration.channel.DirectChannel    : Channel 'application-1.printRequestCsvJobMessageFlow.channel#5' has 1 subscriber(s).
2020-04-09 13:19:24.746  INFO 93364 --- [    Test worker] o.s.i.endpoint.EventDrivenConsumer       : started bean 'printRequestCsvJobMessageFlow.org.springframework.integration.config.ConsumerEndpointFactoryBean#4'; defined in: 'class path resource [com/corelogic/homevisit/accuservice/AccuServiceConfiguration.class]'; from source: 'bean method printRequestCsvJobMessageFlow'
2020-04-09 13:19:24.747  INFO 93364 --- [    Test worker] o.s.i.endpoint.EventDrivenConsumer       : Adding {transformer} as a subscriber to the 'printRequestCsvJobMessageFlow.channel#7' channel
2020-04-09 13:19:24.747  INFO 93364 --- [    Test worker] o.s.integration.channel.DirectChannel    : Channel 'application-1.printRequestCsvJobMessageFlow.channel#7' has 1 subscriber(s).
2020-04-09 13:19:24.747  INFO 93364 --- [    Test worker] o.s.i.endpoint.EventDrivenConsumer       : started bean 'printRequestCsvJobMessageFlow.org.springframework.integration.config.ConsumerEndpointFactoryBean#5'; defined in: 'class path resource [com/corelogic/homevisit/accuservice/AccuServiceConfiguration.class]'; from source: 'bean method printRequestCsvJobMessageFlow'
2020-04-09 13:19:24.747  INFO 93364 --- [    Test worker] o.s.i.endpoint.EventDrivenConsumer       : Adding {filter} as a subscriber to the 'printRequestCsvJobMessageFlow.channel#8' channel
2020-04-09 13:19:24.747  INFO 93364 --- [    Test worker] o.s.integration.channel.DirectChannel    : Channel 'application-1.printRequestCsvJobMessageFlow.channel#8' has 1 subscriber(s).
2020-04-09 13:19:24.747  INFO 93364 --- [    Test worker] o.s.i.endpoint.EventDrivenConsumer       : started bean 'printRequestCsvJobMessageFlow.org.springframework.integration.config.ConsumerEndpointFactoryBean#6'; defined in: 'class path resource [com/corelogic/homevisit/accuservice/AccuServiceConfiguration.class]'; from source: 'bean method printRequestCsvJobMessageFlow'
2020-04-09 13:19:24.747  INFO 93364 --- [    Test worker] o.s.i.endpoint.EventDrivenConsumer       : Adding {header-enricher} as a subscriber to the 'printRequestCsvJobMessageFlow.channel#9' channel
2020-04-09 13:19:24.747  INFO 93364 --- [    Test worker] o.s.integration.channel.DirectChannel    : Channel 'application-1.printRequestCsvJobMessageFlow.channel#9' has 1 subscriber(s).
2020-04-09 13:19:24.747  INFO 93364 --- [    Test worker] o.s.i.endpoint.EventDrivenConsumer       : started bean 'printRequestCsvJobMessageFlow.org.springframework.integration.config.ConsumerEndpointFactoryBean#7'; defined in: 'class path resource [com/corelogic/homevisit/accuservice/AccuServiceConfiguration.class]'; from source: 'bean method printRequestCsvJobMessageFlow'
2020-04-09 13:19:24.747  INFO 93364 --- [    Test worker] o.s.i.endpoint.EventDrivenConsumer       : Adding {bridge} as a subscriber to the 'printRequestCsvJobMessageFlow.channel#11' channel
2020-04-09 13:19:24.747  INFO 93364 --- [    Test worker] o.s.integration.channel.DirectChannel    : Channel 'application-1.printRequestCsvJobMessageFlow.channel#11' has 1 subscriber(s).
2020-04-09 13:19:24.747  INFO 93364 --- [    Test worker] o.s.i.endpoint.EventDrivenConsumer       : started bean 'printRequestCsvJobMessageFlow.org.springframework.integration.config.ConsumerEndpointFactoryBean#8'; defined in: 'class path resource [com/corelogic/homevisit/accuservice/AccuServiceConfiguration.class]'; from source: 'bean method printRequestCsvJobMessageFlow'
2020-04-09 13:19:24.747  INFO 93364 --- [    Test worker] o.s.i.endpoint.EventDrivenConsumer       : Adding {header-enricher} as a subscriber to the 'printRequestQuoteMessageChannel' channel
2020-04-09 13:19:24.747  INFO 93364 --- [    Test worker] o.s.i.channel.PublishSubscribeChannel    : Channel 'application-1.printRequestQuoteMessageChannel' has 1 subscriber(s).
2020-04-09 13:19:24.747  INFO 93364 --- [    Test worker] o.s.i.endpoint.EventDrivenConsumer       : started bean 'printRequestQuoteMessageFlow.org.springframework.integration.config.ConsumerEndpointFactoryBean#0'; defined in: 'class path resource [com/corelogic/homevisit/accuservice/AccuServiceConfiguration.class]'; from source: 'bean method printRequestQuoteMessageFlow'
2020-04-09 13:19:24.747  INFO 93364 --- [    Test worker] o.s.i.endpoint.EventDrivenConsumer       : Adding {http:outbound-gateway} as a subscriber to the 'printRequestQuoteMessageFlow.channel#1' channel
2020-04-09 13:19:24.748  INFO 93364 --- [    Test worker] o.s.integration.channel.DirectChannel    : Channel 'application-1.printRequestQuoteMessageFlow.channel#1' has 1 subscriber(s).
2020-04-09 13:19:24.748  INFO 93364 --- [    Test worker] o.s.i.endpoint.EventDrivenConsumer       : started bean 'printRequestQuoteMessageFlow.org.springframework.integration.config.ConsumerEndpointFactoryBean#1'; defined in: 'class path resource [com/corelogic/homevisit/accuservice/AccuServiceConfiguration.class]'; from source: 'bean method printRequestQuoteMessageFlow'
2020-04-09 13:19:24.748  INFO 93364 --- [    Test worker] o.s.i.endpoint.EventDrivenConsumer       : Adding {transformer} as a subscriber to the 'printRequestQuoteMessageFlow.channel#3' channel
2020-04-09 13:19:24.748  INFO 93364 --- [    Test worker] o.s.integration.channel.DirectChannel    : Channel 'application-1.printRequestQuoteMessageFlow.channel#3' has 1 subscriber(s).
2020-04-09 13:19:24.748  INFO 93364 --- [    Test worker] o.s.i.endpoint.EventDrivenConsumer       : started bean 'printRequestQuoteMessageFlow.org.springframework.integration.config.ConsumerEndpointFactoryBean#2'; defined in: 'class path resource [com/corelogic/homevisit/accuservice/AccuServiceConfiguration.class]'; from source: 'bean method printRequestQuoteMessageFlow'
2020-04-09 13:19:24.748  INFO 93364 --- [    Test worker] o.s.i.endpoint.EventDrivenConsumer       : Adding {filter} as a subscriber to the 'printRequestQuoteMessageFlow.channel#4' channel
2020-04-09 13:19:24.748  INFO 93364 --- [    Test worker] o.s.integration.channel.DirectChannel    : Channel 'application-1.printRequestQuoteMessageFlow.channel#4' has 1 subscriber(s).
2020-04-09 13:19:24.748  INFO 93364 --- [    Test worker] o.s.i.endpoint.EventDrivenConsumer       : started bean 'printRequestQuoteMessageFlow.org.springframework.integration.config.ConsumerEndpointFactoryBean#3'; defined in: 'class path resource [com/corelogic/homevisit/accuservice/AccuServiceConfiguration.class]'; from source: 'bean method printRequestQuoteMessageFlow'
2020-04-09 13:19:24.748  INFO 93364 --- [    Test worker] o.s.i.endpoint.EventDrivenConsumer       : Adding {header-enricher} as a subscriber to the 'printRequestQuoteMessageFlow.channel#5' channel
2020-04-09 13:19:24.748  INFO 93364 --- [    Test worker] o.s.integration.channel.DirectChannel    : Channel 'application-1.printRequestQuoteMessageFlow.channel#5' has 1 subscriber(s).
2020-04-09 13:19:24.749  INFO 93364 --- [    Test worker] o.s.i.endpoint.EventDrivenConsumer       : started bean 'printRequestQuoteMessageFlow.org.springframework.integration.config.ConsumerEndpointFactoryBean#4'; defined in: 'class path resource [com/corelogic/homevisit/accuservice/AccuServiceConfiguration.class]'; from source: 'bean method printRequestQuoteMessageFlow'
2020-04-09 13:19:24.749  INFO 93364 --- [    Test worker] o.s.i.endpoint.EventDrivenConsumer       : Adding {bridge} as a subscriber to the 'printRequestQuoteMessageFlow.channel#7' channel
2020-04-09 13:19:24.749  INFO 93364 --- [    Test worker] o.s.integration.channel.DirectChannel    : Channel 'application-1.printRequestQuoteMessageFlow.channel#7' has 1 subscriber(s).
2020-04-09 13:19:24.749  INFO 93364 --- [    Test worker] o.s.i.endpoint.EventDrivenConsumer       : started bean 'printRequestQuoteMessageFlow.org.springframework.integration.config.ConsumerEndpointFactoryBean#5'; defined in: 'class path resource [com/corelogic/homevisit/accuservice/AccuServiceConfiguration.class]'; from source: 'bean method printRequestQuoteMessageFlow'
2020-04-09 13:19:24.749  INFO 93364 --- [    Test worker] o.s.i.endpoint.EventDrivenConsumer       : Adding {header-enricher} as a subscriber to the 'printRequestReadyMessageChannel' channel
2020-04-09 13:19:24.749  INFO 93364 --- [    Test worker] o.s.i.channel.PublishSubscribeChannel    : Channel 'application-1.printRequestReadyMessageChannel' has 1 subscriber(s).
2020-04-09 13:19:24.749  INFO 93364 --- [    Test worker] o.s.i.endpoint.EventDrivenConsumer       : started bean 'printRequestReadyMessageFlow.org.springframework.integration.config.ConsumerEndpointFactoryBean#0'; defined in: 'class path resource [com/corelogic/homevisit/accuservice/AccuServiceConfiguration.class]'; from source: 'bean method printRequestReadyMessageFlow'
2020-04-09 13:19:24.749  INFO 93364 --- [    Test worker] o.s.i.endpoint.EventDrivenConsumer       : Adding {jdbc:outbound-gateway} as a subscriber to the 'printRequestReadyMessageFlow.channel#1' channel
2020-04-09 13:19:24.749  INFO 93364 --- [    Test worker] o.s.integration.channel.DirectChannel    : Channel 'application-1.printRequestReadyMessageFlow.channel#1' has 1 subscriber(s).
2020-04-09 13:19:24.749  INFO 93364 --- [    Test worker] o.s.i.endpoint.EventDrivenConsumer       : started bean 'printRequestReadyMessageFlow.org.springframework.integration.config.ConsumerEndpointFactoryBean#1'; defined in: 'class path resource [com/corelogic/homevisit/accuservice/AccuServiceConfiguration.class]'; from source: 'bean method printRequestReadyMessageFlow'
2020-04-09 13:19:24.749  INFO 93364 --- [    Test worker] o.s.i.endpoint.EventDrivenConsumer       : Adding {http:outbound-gateway} as a subscriber to the 'printRequestReadyMessageFlow.channel#3' channel
2020-04-09 13:19:24.749  INFO 93364 --- [    Test worker] o.s.integration.channel.DirectChannel    : Channel 'application-1.printRequestReadyMessageFlow.channel#3' has 1 subscriber(s).
2020-04-09 13:19:24.750  INFO 93364 --- [    Test worker] o.s.i.endpoint.EventDrivenConsumer       : started bean 'printRequestReadyMessageFlow.org.springframework.integration.config.ConsumerEndpointFactoryBean#2'; defined in: 'class path resource [com/corelogic/homevisit/accuservice/AccuServiceConfiguration.class]'; from source: 'bean method printRequestReadyMessageFlow'
2020-04-09 13:19:24.750  INFO 93364 --- [    Test worker] o.s.i.endpoint.EventDrivenConsumer       : Adding {transformer} as a subscriber to the 'printRequestReadyMessageFlow.channel#5' channel
2020-04-09 13:19:24.750  INFO 93364 --- [    Test worker] o.s.integration.channel.DirectChannel    : Channel 'application-1.printRequestReadyMessageFlow.channel#5' has 1 subscriber(s).
2020-04-09 13:19:24.750  INFO 93364 --- [    Test worker] o.s.i.endpoint.EventDrivenConsumer       : started bean 'printRequestReadyMessageFlow.org.springframework.integration.config.ConsumerEndpointFactoryBean#3'; defined in: 'class path resource [com/corelogic/homevisit/accuservice/AccuServiceConfiguration.class]'; from source: 'bean method printRequestReadyMessageFlow'
2020-04-09 13:19:24.750  INFO 93364 --- [    Test worker] o.s.i.endpoint.EventDrivenConsumer       : Adding {jdbc:outbound-gateway} as a subscriber to the 'printRequestReadyMessageFlow.channel#7' channel
2020-04-09 13:19:24.750  INFO 93364 --- [    Test worker] o.s.integration.channel.DirectChannel    : Channel 'application-1.printRequestReadyMessageFlow.channel#7' has 1 subscriber(s).
2020-04-09 13:19:24.750  INFO 93364 --- [    Test worker] o.s.i.endpoint.EventDrivenConsumer       : started bean 'printRequestReadyMessageFlow.org.springframework.integration.config.ConsumerEndpointFactoryBean#4'; defined in: 'class path resource [com/corelogic/homevisit/accuservice/AccuServiceConfiguration.class]'; from source: 'bean method printRequestReadyMessageFlow'
2020-04-09 13:19:24.750  INFO 93364 --- [    Test worker] o.s.i.endpoint.EventDrivenConsumer       : Adding {header-enricher} as a subscriber to the 'printRequestReadyMessageFlow.channel#9' channel
2020-04-09 13:19:24.750  INFO 93364 --- [    Test worker] o.s.integration.channel.DirectChannel    : Channel 'application-1.printRequestReadyMessageFlow.channel#9' has 1 subscriber(s).
2020-04-09 13:19:24.750  INFO 93364 --- [    Test worker] o.s.i.endpoint.EventDrivenConsumer       : started bean 'printRequestReadyMessageFlow.org.springframework.integration.config.ConsumerEndpointFactoryBean#5'; defined in: 'class path resource [com/corelogic/homevisit/accuservice/AccuServiceConfiguration.class]'; from source: 'bean method printRequestReadyMessageFlow'
2020-04-09 13:19:24.750  INFO 93364 --- [    Test worker] o.s.i.endpoint.EventDrivenConsumer       : Adding {bridge} as a subscriber to the 'printRequestReadyMessageFlow.channel#11' channel
2020-04-09 13:19:24.750  INFO 93364 --- [    Test worker] o.s.integration.channel.DirectChannel    : Channel 'application-1.printRequestReadyMessageFlow.channel#11' has 1 subscriber(s).
2020-04-09 13:19:24.751  INFO 93364 --- [    Test worker] o.s.i.endpoint.EventDrivenConsumer       : started bean 'printRequestReadyMessageFlow.org.springframework.integration.config.ConsumerEndpointFactoryBean#6'; defined in: 'class path resource [com/corelogic/homevisit/accuservice/AccuServiceConfiguration.class]'; from source: 'bean method printRequestReadyMessageFlow'
2020-04-09 13:19:24.751  INFO 93364 --- [    Test worker] o.s.i.endpoint.EventDrivenConsumer       : Adding {http:outbound-gateway} as a subscriber to the 'accountInfo.channel#1' channel
2020-04-09 13:19:24.751  INFO 93364 --- [    Test worker] o.s.integration.channel.DirectChannel    : Channel 'application-1.accountInfo.channel#1' has 1 subscriber(s).
2020-04-09 13:19:24.751  INFO 93364 --- [    Test worker] o.s.i.endpoint.EventDrivenConsumer       : started bean 'accountInfo.org.springframework.integration.config.ConsumerEndpointFactoryBean#0'; defined in: 'class path resource [com/corelogic/homevisit/accuservice/AccuServiceConfiguration.class]'; from source: 'bean method accountInfo'
2020-04-09 13:19:24.751  INFO 93364 --- [    Test worker] o.s.i.endpoint.EventDrivenConsumer       : Adding {bridge} as a subscriber to the 'accountInfo.channel#3' channel
2020-04-09 13:19:24.751  INFO 93364 --- [    Test worker] o.s.integration.channel.DirectChannel    : Channel 'application-1.accountInfo.channel#3' has 1 subscriber(s).
2020-04-09 13:19:24.751  INFO 93364 --- [    Test worker] o.s.i.endpoint.EventDrivenConsumer       : started bean 'accountInfo.org.springframework.integration.config.ConsumerEndpointFactoryBean#1'; defined in: 'class path resource [com/corelogic/homevisit/accuservice/AccuServiceConfiguration.class]'; from source: 'bean method accountInfo'
2020-04-09 13:19:24.751  INFO 93364 --- [    Test worker] o.s.i.endpoint.EventDrivenConsumer       : Adding {message-handler:accuConnectConfiguration.updateSecurityToken.serviceActivator} as a subscriber to the 'toUpdateSecurityToken' channel
2020-04-09 13:19:24.751  INFO 93364 --- [    Test worker] o.s.i.channel.PublishSubscribeChannel    : Channel 'application-1.toUpdateSecurityToken' has 1 subscriber(s).
2020-04-09 13:19:24.751  INFO 93364 --- [    Test worker] o.s.i.endpoint.EventDrivenConsumer       : started bean 'accuConnectConfiguration.updateSecurityToken.serviceActivator'
2020-04-09 13:19:24.752  INFO 93364 --- [    Test worker] o.s.i.endpoint.EventDrivenConsumer       : Adding {message-handler:accuConnectConfiguration.updatePrintJobRequestStatus.serviceActivator} as a subscriber to the 'toUpdatePrintJobRequestStatus' channel
2020-04-09 13:19:24.752  INFO 93364 --- [    Test worker] o.s.i.channel.PublishSubscribeChannel    : Channel 'application-1.toUpdatePrintJobRequestStatus' has 1 subscriber(s).
2020-04-09 13:19:24.752  INFO 93364 --- [    Test worker] o.s.i.endpoint.EventDrivenConsumer       : started bean 'accuConnectConfiguration.updatePrintJobRequestStatus.serviceActivator'
2020-04-09 13:19:24.752  INFO 93364 --- [    Test worker] o.s.i.endpoint.EventDrivenConsumer       : Adding {message-handler:accuServiceConfiguration.updatePrintRequestStatusCounter.serviceActivator} as a subscriber to the 'toUpdatePrintRequestStatusCounter' channel
2020-04-09 13:19:24.752  INFO 93364 --- [    Test worker] o.s.i.channel.PublishSubscribeChannel    : Channel 'application-1.toUpdatePrintRequestStatusCounter' has 1 subscriber(s).
2020-04-09 13:19:24.752  INFO 93364 --- [    Test worker] o.s.i.endpoint.EventDrivenConsumer       : started bean 'accuServiceConfiguration.updatePrintRequestStatusCounter.serviceActivator'
2020-04-09 13:19:24.752  INFO 93364 --- [    Test worker] o.s.i.endpoint.EventDrivenConsumer       : Adding {message-handler:accuServiceConfiguration.updatePrintRequestStatus.serviceActivator} as a subscriber to the 'toUpdatePrintRequestStatus' channel
2020-04-09 13:19:24.752  INFO 93364 --- [    Test worker] o.s.i.channel.PublishSubscribeChannel    : Channel 'application-1.toUpdatePrintRequestStatus' has 1 subscriber(s).
2020-04-09 13:19:24.752  INFO 93364 --- [    Test worker] o.s.i.endpoint.EventDrivenConsumer       : started bean 'accuServiceConfiguration.updatePrintRequestStatus.serviceActivator'
2020-04-09 13:19:24.752  INFO 93364 --- [    Test worker] .h.i.HttpRequestHandlingMessagingGateway : started bean 'inboundSuccessCallbackFlow.http:inbound-channel-adapter#0'; defined in: 'class path resource [com/corelogic/homevisit/accuservice/AccuConnectConfiguration.class]'; from source: 'bean method inboundSuccessCallbackFlow'
2020-04-09 13:19:24.754  INFO 93364 --- [    Test worker] o.s.i.e.SourcePollingChannelAdapter      : started bean 'accountInfo.org.springframework.integration.config.SourcePollingChannelAdapterFactoryBean#0'; defined in: 'class path resource [com/corelogic/homevisit/accuservice/AccuServiceConfiguration.class]'; from source: 'bean method accountInfo'
2020-04-09 13:19:24.755  INFO 93364 --- [    Test worker] o.s.s.quartz.SchedulerFactoryBean        : Starting Quartz Scheduler now
2020-04-09 13:19:24.755  INFO 93364 --- [    Test worker] org.quartz.core.QuartzScheduler          : Scheduler quartzScheduler_$_NON_CLUSTERED started.
2020-04-09 13:19:25.609  INFO 93364 --- [    Test worker] o.s.b.w.embedded.tomcat.TomcatWebServer  : Tomcat started on port(s): 18443 (https) 18087 (http) with context path ''
2020-04-09 13:19:25.617  INFO 93364 --- [    Test worker] c.c.h.a.AccuConnectSuccessCallbackTest   : Started AccuConnectSuccessCallbackTest in 11.041 seconds (JVM running for 12.578)
2020-04-09 13:19:25.801  INFO 93364 --- [    Test worker] o.a.c.c.C.[Tomcat].[localhost].[/]       : Initializing Spring TestDispatcherServlet ''
2020-04-09 13:19:25.801  INFO 93364 --- [    Test worker] o.s.t.web.servlet.TestDispatcherServlet  : Initializing Servlet ''
2020-04-09 13:19:25.816  INFO 93364 --- [    Test worker] o.s.t.web.servlet.TestDispatcherServlet  : Completed initialization in 15 ms
2020-04-09 13:19:25.869  INFO 93364 --- [    Test worker] o.s.integration.handler.LoggingHandler   : ACCUCONNECT callback request GenericMessage [payload={batchDate=date, batchNumber=123, batchTemplateId=string, mailClass=string, listFileName=string, printFileName=string, batchInfo=[{itemId=123, requestId=15, orderDate=date, productCode=string, quantity=123}]}, headers={http_requestMethod=POST, apikey=123456, printRequestId=15, http_requestUrl=http://localhost/clgx/accu/callback, id=6544c9f7-e0cd-e558-9f18-b7ca1163aa26, Content-Length=250, acc_status=PROCESSED, timestamp=1586452765869}]
2020-04-09 13:19:25.909  INFO 93364 --- [    Test worker] o.a.c.c.C.[Tomcat].[localhost].[/]       : Initializing Spring TestDispatcherServlet ''
2020-04-09 13:19:25.910  INFO 93364 --- [    Test worker] o.s.t.web.servlet.TestDispatcherServlet  : Initializing Servlet ''
2020-04-09 13:19:25.915  INFO 93364 --- [    Test worker] o.s.t.web.servlet.TestDispatcherServlet  : Completed initialization in 5 ms
2020-04-09 13:19:26.128  INFO 93364 --- [io-18443-exec-6] o.a.c.c.C.[Tomcat].[localhost].[/]       : Initializing Spring DispatcherServlet 'dispatcherServlet'
2020-04-09 13:19:26.128  INFO 93364 --- [io-18443-exec-6] o.s.web.servlet.DispatcherServlet        : Initializing Servlet 'dispatcherServlet'
2020-04-09 13:19:26.132  INFO 93364 --- [io-18443-exec-6] o.s.web.servlet.DispatcherServlet        : Completed initialization in 3 ms
2020-04-09 13:19:26.151  INFO 93364 --- [io-18443-exec-6] o.s.integration.handler.LoggingHandler   : ACCUCONNECT callback request GenericMessage [payload={batchDate=date, batchNumber=123, batchTemplateId=string, mailClass=string, listFileName=string, printFileName=string, batchInfo=[{itemId=123, requestId=16, orderDate=date, productCode=string, quantity=123}]}, headers={content-length=250, http_requestMethod=POST, apikey=123456, printRequestId=16, acc_status=PROCESSED, accept=[text/plain, application/json, application/*+json, */*], host=localhost:18443, http_requestUrl=https://localhost:18443/clgx/accu/callback?apikey=123456, connection=keep-alive, id=ac4d026e-6b1e-8615-93d4-d85a8403a552, contentType=application/json;charset=UTF-8, user-agent=Java/11.0.5, timestamp=1586452766151}]
2020-04-09 13:19:26.169  INFO 93364 --- [    Test worker] org.quartz.core.QuartzScheduler          : Scheduler quartzScheduler_$_NON_CLUSTERED paused.
2020-04-09 13:19:26.169  INFO 93364 --- [    Test worker] o.s.i.e.SourcePollingChannelAdapter      : stopped bean 'accountInfo.org.springframework.integration.config.SourcePollingChannelAdapterFactoryBean#0'; defined in: 'class path resource [com/corelogic/homevisit/accuservice/AccuServiceConfiguration.class]'; from source: 'bean method accountInfo'
2020-04-09 13:19:26.170  INFO 93364 --- [    Test worker] o.s.i.endpoint.EventDrivenConsumer       : Removing {bridge} as a subscriber to the 'toEnrichWithVerifiedAddresses' channel
2020-04-09 13:19:26.170  INFO 93364 --- [    Test worker] o.s.i.channel.PublishSubscribeChannel    : Channel 'application-1.toEnrichWithVerifiedAddresses' has 0 subscriber(s).
2020-04-09 13:19:26.170  INFO 93364 --- [    Test worker] o.s.i.endpoint.EventDrivenConsumer       : stopped bean 'enrichWithVerifiedAddressesFlow.org.springframework.integration.config.ConsumerEndpointFactoryBean#0'; defined in: 'class path resource [com/corelogic/homevisit/accuservice/AccuConnectConfiguration.class]'; from source: 'bean method enrichWithVerifiedAddressesFlow'
2020-04-09 13:19:26.170  INFO 93364 --- [    Test worker] o.s.i.endpoint.EventDrivenConsumer       : Removing {header-enricher} as a subscriber to the 'enrichWithVerifiedAddressesFlow.channel#1' channel
2020-04-09 13:19:26.170  INFO 93364 --- [    Test worker] o.s.integration.channel.DirectChannel    : Channel 'application-1.enrichWithVerifiedAddressesFlow.channel#1' has 0 subscriber(s).
2020-04-09 13:19:26.170  INFO 93364 --- [    Test worker] o.s.i.endpoint.EventDrivenConsumer       : stopped bean 'enrichWithVerifiedAddressesFlow.org.springframework.integration.config.ConsumerEndpointFactoryBean#1'; defined in: 'class path resource [com/corelogic/homevisit/accuservice/AccuConnectConfiguration.class]'; from source: 'bean method enrichWithVerifiedAddressesFlow'
2020-04-09 13:19:26.170  INFO 93364 --- [    Test worker] o.s.i.endpoint.EventDrivenConsumer       : Removing {enricher} as a subscriber to the 'enrichWithVerifiedAddressesFlow.channel#2' channel
2020-04-09 13:19:26.170  INFO 93364 --- [    Test worker] o.s.integration.channel.DirectChannel    : Channel 'application-1.enrichWithVerifiedAddressesFlow.channel#2' has 0 subscriber(s).
2020-04-09 13:19:26.170  INFO 93364 --- [    Test worker] o.s.i.endpoint.EventDrivenConsumer       : stopped bean 'enrichWithVerifiedAddressesFlow.org.springframework.integration.config.ConsumerEndpointFactoryBean#2'; defined in: 'class path resource [com/corelogic/homevisit/accuservice/AccuConnectConfiguration.class]'; from source: 'bean method enrichWithVerifiedAddressesFlow'
2020-04-09 13:19:26.170  INFO 93364 --- [    Test worker] o.s.i.endpoint.EventDrivenConsumer       : Removing {bridge} as a subscriber to the 'enrichWithVerifiedAddressesFlow.channel#4' channel
2020-04-09 13:19:26.170  INFO 93364 --- [    Test worker] o.s.integration.channel.DirectChannel    : Channel 'application-1.enrichWithVerifiedAddressesFlow.channel#4' has 0 subscriber(s).
2020-04-09 13:19:26.171  INFO 93364 --- [    Test worker] o.s.i.endpoint.EventDrivenConsumer       : stopped bean 'enrichWithVerifiedAddressesFlow.org.springframework.integration.config.ConsumerEndpointFactoryBean#3'; defined in: 'class path resource [com/corelogic/homevisit/accuservice/AccuConnectConfiguration.class]'; from source: 'bean method enrichWithVerifiedAddressesFlow'
2020-04-09 13:19:26.171  INFO 93364 --- [    Test worker] o.s.i.endpoint.EventDrivenConsumer       : Removing {bridge} as a subscriber to the 'toEnrichWithDial' channel
2020-04-09 13:19:26.171  INFO 93364 --- [    Test worker] o.s.i.channel.PublishSubscribeChannel    : Channel 'application-1.toEnrichWithDial' has 0 subscriber(s).
2020-04-09 13:19:26.171  INFO 93364 --- [    Test worker] o.s.i.endpoint.EventDrivenConsumer       : stopped bean 'enrichWithDialFlow.org.springframework.integration.config.ConsumerEndpointFactoryBean#0'; defined in: 'class path resource [com/corelogic/homevisit/accuservice/AccuConnectConfiguration.class]'; from source: 'bean method enrichWithDialFlow'
2020-04-09 13:19:26.171  INFO 93364 --- [    Test worker] o.s.i.endpoint.EventDrivenConsumer       : Removing {enricher} as a subscriber to the 'enrichWithDialFlow.channel#1' channel
2020-04-09 13:19:26.171  INFO 93364 --- [    Test worker] o.s.integration.channel.DirectChannel    : Channel 'application-1.enrichWithDialFlow.channel#1' has 0 subscriber(s).
2020-04-09 13:19:26.171  INFO 93364 --- [    Test worker] o.s.i.endpoint.EventDrivenConsumer       : stopped bean 'enrichWithDialFlow.org.springframework.integration.config.ConsumerEndpointFactoryBean#1'; defined in: 'class path resource [com/corelogic/homevisit/accuservice/AccuConnectConfiguration.class]'; from source: 'bean method enrichWithDialFlow'
2020-04-09 13:19:26.171  INFO 93364 --- [    Test worker] o.s.i.endpoint.EventDrivenConsumer       : Removing {router} as a subscriber to the 'enrichWithDialFlow.channel#3' channel
2020-04-09 13:19:26.171  INFO 93364 --- [    Test worker] o.s.integration.channel.DirectChannel    : Channel 'application-1.enrichWithDialFlow.channel#3' has 0 subscriber(s).
2020-04-09 13:19:26.171  INFO 93364 --- [    Test worker] o.s.i.endpoint.EventDrivenConsumer       : stopped bean 'enrichWithDialFlow.org.springframework.integration.config.ConsumerEndpointFactoryBean#2'; defined in: 'class path resource [com/corelogic/homevisit/accuservice/AccuConnectConfiguration.class]'; from source: 'bean method enrichWithDialFlow'
2020-04-09 13:19:26.171  INFO 93364 --- [    Test worker] o.s.i.endpoint.EventDrivenConsumer       : Removing {bridge} as a subscriber to the 'toRequestPrintJob' channel
2020-04-09 13:19:26.172  INFO 93364 --- [    Test worker] o.s.i.channel.PublishSubscribeChannel    : Channel 'application-1.toRequestPrintJob' has 0 subscriber(s).
2020-04-09 13:19:26.172  INFO 93364 --- [    Test worker] o.s.i.endpoint.EventDrivenConsumer       : stopped bean 'submitOrderFlow.org.springframework.integration.config.ConsumerEndpointFactoryBean#0'; defined in: 'class path resource [com/corelogic/homevisit/accuservice/AccuConnectConfiguration.class]'; from source: 'bean method submitOrderFlow'
2020-04-09 13:19:26.172  INFO 93364 --- [    Test worker] o.s.i.endpoint.EventDrivenConsumer       : Removing {filter} as a subscriber to the 'submitOrderFlow.channel#1' channel
2020-04-09 13:19:26.172  INFO 93364 --- [    Test worker] o.s.integration.channel.DirectChannel    : Channel 'application-1.submitOrderFlow.channel#1' has 0 subscriber(s).
2020-04-09 13:19:26.172  INFO 93364 --- [    Test worker] o.s.i.endpoint.EventDrivenConsumer       : stopped bean 'submitOrderFlow.org.springframework.integration.config.ConsumerEndpointFactoryBean#1'; defined in: 'class path resource [com/corelogic/homevisit/accuservice/AccuConnectConfiguration.class]'; from source: 'bean method submitOrderFlow'
2020-04-09 13:19:26.172  INFO 93364 --- [    Test worker] o.s.i.endpoint.EventDrivenConsumer       : Removing {transformer} as a subscriber to the 'submitOrderFlow.channel#2' channel
2020-04-09 13:19:26.172  INFO 93364 --- [    Test worker] o.s.integration.channel.DirectChannel    : Channel 'application-1.submitOrderFlow.channel#2' has 0 subscriber(s).
2020-04-09 13:19:26.172  INFO 93364 --- [    Test worker] o.s.i.endpoint.EventDrivenConsumer       : stopped bean 'submitOrderFlow.org.springframework.integration.config.ConsumerEndpointFactoryBean#2'; defined in: 'class path resource [com/corelogic/homevisit/accuservice/AccuConnectConfiguration.class]'; from source: 'bean method submitOrderFlow'
2020-04-09 13:19:26.172  INFO 93364 --- [    Test worker] o.s.i.endpoint.EventDrivenConsumer       : Removing {transformer} as a subscriber to the 'submitOrderFlow.channel#4' channel
2020-04-09 13:19:26.173  INFO 93364 --- [    Test worker] o.s.integration.channel.DirectChannel    : Channel 'application-1.submitOrderFlow.channel#4' has 0 subscriber(s).
2020-04-09 13:19:26.173  INFO 93364 --- [    Test worker] o.s.i.endpoint.EventDrivenConsumer       : stopped bean 'submitOrderFlow.org.springframework.integration.config.ConsumerEndpointFactoryBean#3'; defined in: 'class path resource [com/corelogic/homevisit/accuservice/AccuConnectConfiguration.class]'; from source: 'bean method submitOrderFlow'
2020-04-09 13:19:26.173  INFO 93364 --- [    Test worker] o.s.i.endpoint.EventDrivenConsumer       : Removing {http:outbound-gateway} as a subscriber to the 'submitOrderFlow.channel#6' channel
2020-04-09 13:19:26.173  INFO 93364 --- [    Test worker] o.s.integration.channel.DirectChannel    : Channel 'application-1.submitOrderFlow.channel#6' has 0 subscriber(s).
2020-04-09 13:19:26.173  INFO 93364 --- [    Test worker] o.s.i.endpoint.EventDrivenConsumer       : stopped bean 'submitOrderFlow.org.springframework.integration.config.ConsumerEndpointFactoryBean#4'; defined in: 'class path resource [com/corelogic/homevisit/accuservice/AccuConnectConfiguration.class]'; from source: 'bean method submitOrderFlow'
2020-04-09 13:19:26.173  INFO 93364 --- [    Test worker] o.s.i.endpoint.EventDrivenConsumer       : Removing {bridge} as a subscriber to the 'submitOrderFlow.channel#8' channel
2020-04-09 13:19:26.173  INFO 93364 --- [    Test worker] o.s.integration.channel.DirectChannel    : Channel 'application-1.submitOrderFlow.channel#8' has 0 subscriber(s).
2020-04-09 13:19:26.173  INFO 93364 --- [    Test worker] o.s.i.endpoint.EventDrivenConsumer       : stopped bean 'submitOrderFlow.org.springframework.integration.config.ConsumerEndpointFactoryBean#5'; defined in: 'class path resource [com/corelogic/homevisit/accuservice/AccuConnectConfiguration.class]'; from source: 'bean method submitOrderFlow'
2020-04-09 13:19:26.173  INFO 93364 --- [    Test worker] o.s.i.endpoint.EventDrivenConsumer       : Removing {bridge} as a subscriber to the 'toPrintJobResponse' channel
2020-04-09 13:19:26.173  INFO 93364 --- [    Test worker] o.s.i.channel.PublishSubscribeChannel    : Channel 'application-1.toPrintJobResponse' has 0 subscriber(s).
2020-04-09 13:19:26.173  INFO 93364 --- [    Test worker] o.s.i.endpoint.EventDrivenConsumer       : stopped bean 'processPrintJobRequestFlow.org.springframework.integration.config.ConsumerEndpointFactoryBean#0'; defined in: 'class path resource [com/corelogic/homevisit/accuservice/AccuConnectConfiguration.class]'; from source: 'bean method processPrintJobRequestFlow'
2020-04-09 13:19:26.173  INFO 93364 --- [    Test worker] o.s.i.endpoint.EventDrivenConsumer       : Removing {transformer} as a subscriber to the 'processPrintJobRequestFlow.channel#1' channel
2020-04-09 13:19:26.174  INFO 93364 --- [    Test worker] o.s.integration.channel.DirectChannel    : Channel 'application-1.processPrintJobRequestFlow.channel#1' has 0 subscriber(s).
2020-04-09 13:19:26.174  INFO 93364 --- [    Test worker] o.s.i.endpoint.EventDrivenConsumer       : stopped bean 'processPrintJobRequestFlow.org.springframework.integration.config.ConsumerEndpointFactoryBean#1'; defined in: 'class path resource [com/corelogic/homevisit/accuservice/AccuConnectConfiguration.class]'; from source: 'bean method processPrintJobRequestFlow'
2020-04-09 13:19:26.174  INFO 93364 --- [    Test worker] o.s.i.endpoint.EventDrivenConsumer       : Removing {header-enricher} as a subscriber to the 'processPrintJobRequestFlow.channel#2' channel
2020-04-09 13:19:26.174  INFO 93364 --- [    Test worker] o.s.integration.channel.DirectChannel    : Channel 'application-1.processPrintJobRequestFlow.channel#2' has 0 subscriber(s).
2020-04-09 13:19:26.174  INFO 93364 --- [    Test worker] o.s.i.endpoint.EventDrivenConsumer       : stopped bean 'processPrintJobRequestFlow.org.springframework.integration.config.ConsumerEndpointFactoryBean#2'; defined in: 'class path resource [com/corelogic/homevisit/accuservice/AccuConnectConfiguration.class]'; from source: 'bean method processPrintJobRequestFlow'
2020-04-09 13:19:26.174  INFO 93364 --- [    Test worker] o.s.i.endpoint.EventDrivenConsumer       : Removing {bridge} as a subscriber to the 'processPrintJobRequestFlow.channel#4' channel
2020-04-09 13:19:26.174  INFO 93364 --- [    Test worker] o.s.integration.channel.DirectChannel    : Channel 'application-1.processPrintJobRequestFlow.channel#4' has 0 subscriber(s).
2020-04-09 13:19:26.174  INFO 93364 --- [    Test worker] o.s.i.endpoint.EventDrivenConsumer       : stopped bean 'processPrintJobRequestFlow.org.springframework.integration.config.ConsumerEndpointFactoryBean#3'; defined in: 'class path resource [com/corelogic/homevisit/accuservice/AccuConnectConfiguration.class]'; from source: 'bean method processPrintJobRequestFlow'
2020-04-09 13:19:26.174  INFO 93364 --- [    Test worker] o.s.i.endpoint.EventDrivenConsumer       : Removing {bridge} as a subscriber to the 'toPrintRequestHasError' channel
2020-04-09 13:19:26.174  INFO 93364 --- [    Test worker] o.s.i.channel.PublishSubscribeChannel    : Channel 'application-1.toPrintRequestHasError' has 0 subscriber(s).
2020-04-09 13:19:26.174  INFO 93364 --- [    Test worker] o.s.i.endpoint.EventDrivenConsumer       : stopped bean 'printRequestHasErrorFlow.org.springframework.integration.config.ConsumerEndpointFactoryBean#0'; defined in: 'class path resource [com/corelogic/homevisit/accuservice/AccuConnectConfiguration.class]'; from source: 'bean method printRequestHasErrorFlow'
2020-04-09 13:19:26.175  INFO 93364 --- [    Test worker] o.s.i.endpoint.EventDrivenConsumer       : Removing {transformer} as a subscriber to the 'printRequestHasErrorFlow.channel#1' channel
2020-04-09 13:19:26.175  INFO 93364 --- [    Test worker] o.s.integration.channel.DirectChannel    : Channel 'application-1.printRequestHasErrorFlow.channel#1' has 0 subscriber(s).
2020-04-09 13:19:26.175  INFO 93364 --- [    Test worker] o.s.i.endpoint.EventDrivenConsumer       : stopped bean 'printRequestHasErrorFlow.org.springframework.integration.config.ConsumerEndpointFactoryBean#1'; defined in: 'class path resource [com/corelogic/homevisit/accuservice/AccuConnectConfiguration.class]'; from source: 'bean method printRequestHasErrorFlow'
2020-04-09 13:19:26.175  INFO 93364 --- [    Test worker] o.s.i.endpoint.EventDrivenConsumer       : Removing {header-enricher} as a subscriber to the 'printRequestHasErrorFlow.channel#2' channel
2020-04-09 13:19:26.175  INFO 93364 --- [    Test worker] o.s.integration.channel.DirectChannel    : Channel 'application-1.printRequestHasErrorFlow.channel#2' has 0 subscriber(s).
2020-04-09 13:19:26.175  INFO 93364 --- [    Test worker] o.s.i.endpoint.EventDrivenConsumer       : stopped bean 'printRequestHasErrorFlow.org.springframework.integration.config.ConsumerEndpointFactoryBean#2'; defined in: 'class path resource [com/corelogic/homevisit/accuservice/AccuConnectConfiguration.class]'; from source: 'bean method printRequestHasErrorFlow'
2020-04-09 13:19:26.175  INFO 93364 --- [    Test worker] o.s.i.endpoint.EventDrivenConsumer       : Removing {bridge} as a subscriber to the 'printRequestHasErrorFlow.channel#4' channel
2020-04-09 13:19:26.175  INFO 93364 --- [    Test worker] o.s.integration.channel.DirectChannel    : Channel 'application-1.printRequestHasErrorFlow.channel#4' has 0 subscriber(s).
2020-04-09 13:19:26.175  INFO 93364 --- [    Test worker] o.s.i.endpoint.EventDrivenConsumer       : stopped bean 'printRequestHasErrorFlow.org.springframework.integration.config.ConsumerEndpointFactoryBean#3'; defined in: 'class path resource [com/corelogic/homevisit/accuservice/AccuConnectConfiguration.class]'; from source: 'bean method printRequestHasErrorFlow'
2020-04-09 13:19:26.175  INFO 93364 --- [    Test worker] .h.i.HttpRequestHandlingMessagingGateway : stopped bean 'inboundSuccessCallbackFlow.http:inbound-channel-adapter#0'; defined in: 'class path resource [com/corelogic/homevisit/accuservice/AccuConnectConfiguration.class]'; from source: 'bean method inboundSuccessCallbackFlow'
2020-04-09 13:19:26.175  INFO 93364 --- [    Test worker] o.s.i.endpoint.EventDrivenConsumer       : Removing {filter} as a subscriber to the 'inboundSuccessCallbackFlow.channel#0' channel
2020-04-09 13:19:26.175  INFO 93364 --- [    Test worker] o.s.integration.channel.DirectChannel    : Channel 'application-1.inboundSuccessCallbackFlow.channel#0' has 0 subscriber(s).
2020-04-09 13:19:26.175  INFO 93364 --- [    Test worker] o.s.i.endpoint.EventDrivenConsumer       : stopped bean 'inboundSuccessCallbackFlow.org.springframework.integration.config.ConsumerEndpointFactoryBean#0'; defined in: 'class path resource [com/corelogic/homevisit/accuservice/AccuConnectConfiguration.class]'; from source: 'bean method inboundSuccessCallbackFlow'
2020-04-09 13:19:26.175  INFO 93364 --- [    Test worker] o.s.i.endpoint.EventDrivenConsumer       : Removing {json-to-object-transformer} as a subscriber to the 'inboundSuccessCallbackFlow.channel#1' channel
2020-04-09 13:19:26.175  INFO 93364 --- [    Test worker] o.s.integration.channel.DirectChannel    : Channel 'application-1.inboundSuccessCallbackFlow.channel#1' has 0 subscriber(s).
2020-04-09 13:19:26.176  INFO 93364 --- [    Test worker] o.s.i.endpoint.EventDrivenConsumer       : stopped bean 'inboundSuccessCallbackFlow.org.springframework.integration.config.ConsumerEndpointFactoryBean#1'; defined in: 'class path resource [com/corelogic/homevisit/accuservice/AccuConnectConfiguration.class]'; from source: 'bean method inboundSuccessCallbackFlow'
2020-04-09 13:19:26.176  INFO 93364 --- [    Test worker] o.s.i.endpoint.EventDrivenConsumer       : Removing {header-enricher} as a subscriber to the 'inboundSuccessCallbackFlow.channel#2' channel
2020-04-09 13:19:26.176  INFO 93364 --- [    Test worker] o.s.integration.channel.DirectChannel    : Channel 'application-1.inboundSuccessCallbackFlow.channel#2' has 0 subscriber(s).
2020-04-09 13:19:26.176  INFO 93364 --- [    Test worker] o.s.i.endpoint.EventDrivenConsumer       : stopped bean 'inboundSuccessCallbackFlow.org.springframework.integration.config.ConsumerEndpointFactoryBean#2'; defined in: 'class path resource [com/corelogic/homevisit/accuservice/AccuConnectConfiguration.class]'; from source: 'bean method inboundSuccessCallbackFlow'
2020-04-09 13:19:26.176  INFO 93364 --- [    Test worker] o.s.i.endpoint.EventDrivenConsumer       : Removing {bridge} as a subscriber to the 'inboundSuccessCallbackFlow.channel#4' channel
2020-04-09 13:19:26.176  INFO 93364 --- [    Test worker] o.s.integration.channel.DirectChannel    : Channel 'application-1.inboundSuccessCallbackFlow.channel#4' has 0 subscriber(s).
2020-04-09 13:19:26.176  INFO 93364 --- [    Test worker] o.s.i.endpoint.EventDrivenConsumer       : stopped bean 'inboundSuccessCallbackFlow.org.springframework.integration.config.ConsumerEndpointFactoryBean#3'; defined in: 'class path resource [com/corelogic/homevisit/accuservice/AccuConnectConfiguration.class]'; from source: 'bean method inboundSuccessCallbackFlow'
2020-04-09 13:19:26.176  INFO 93364 --- [    Test worker] o.s.i.endpoint.EventDrivenConsumer       : Removing {header-enricher} as a subscriber to the 'toPickupAddressesChannel' channel
2020-04-09 13:19:26.176  INFO 93364 --- [    Test worker] o.s.i.channel.PublishSubscribeChannel    : Channel 'application-1.toPickupAddressesChannel' has 0 subscriber(s).
2020-04-09 13:19:26.176  INFO 93364 --- [    Test worker] o.s.i.endpoint.EventDrivenConsumer       : stopped bean 'addressForVerificationIntegrationFlow.org.springframework.integration.config.ConsumerEndpointFactoryBean#0'; defined in: 'class path resource [com/corelogic/homevisit/accuservice/AccuServiceConfiguration.class]'; from source: 'bean method addressForVerificationIntegrationFlow'
2020-04-09 13:19:26.176  INFO 93364 --- [    Test worker] o.s.i.endpoint.EventDrivenConsumer       : Removing {transformer} as a subscriber to the 'addressForVerificationIntegrationFlow.channel#1' channel
2020-04-09 13:19:26.176  INFO 93364 --- [    Test worker] o.s.integration.channel.DirectChannel    : Channel 'application-1.addressForVerificationIntegrationFlow.channel#1' has 0 subscriber(s).
2020-04-09 13:19:26.176  INFO 93364 --- [    Test worker] o.s.i.endpoint.EventDrivenConsumer       : stopped bean 'addressForVerificationIntegrationFlow.org.springframework.integration.config.ConsumerEndpointFactoryBean#1'; defined in: 'class path resource [com/corelogic/homevisit/accuservice/AccuServiceConfiguration.class]'; from source: 'bean method addressForVerificationIntegrationFlow'
2020-04-09 13:19:26.176  INFO 93364 --- [    Test worker] o.s.i.endpoint.EventDrivenConsumer       : Removing {filter} as a subscriber to the 'addressForVerificationIntegrationFlow.channel#2' channel
2020-04-09 13:19:26.176  INFO 93364 --- [    Test worker] o.s.integration.channel.DirectChannel    : Channel 'application-1.addressForVerificationIntegrationFlow.channel#2' has 0 subscriber(s).
2020-04-09 13:19:26.177  INFO 93364 --- [    Test worker] o.s.i.endpoint.EventDrivenConsumer       : stopped bean 'addressForVerificationIntegrationFlow.org.springframework.integration.config.ConsumerEndpointFactoryBean#2'; defined in: 'class path resource [com/corelogic/homevisit/accuservice/AccuServiceConfiguration.class]'; from source: 'bean method addressForVerificationIntegrationFlow'
2020-04-09 13:19:26.177  INFO 93364 --- [    Test worker] o.s.i.endpoint.EventDrivenConsumer       : Removing {bridge} as a subscriber to the 'addressForVerificationIntegrationFlow.channel#4' channel
2020-04-09 13:19:26.177  INFO 93364 --- [    Test worker] o.s.integration.channel.DirectChannel    : Channel 'application-1.addressForVerificationIntegrationFlow.channel#4' has 0 subscriber(s).
2020-04-09 13:19:26.177  INFO 93364 --- [    Test worker] o.s.i.endpoint.EventDrivenConsumer       : stopped bean 'addressForVerificationIntegrationFlow.org.springframework.integration.config.ConsumerEndpointFactoryBean#3'; defined in: 'class path resource [com/corelogic/homevisit/accuservice/AccuServiceConfiguration.class]'; from source: 'bean method addressForVerificationIntegrationFlow'
2020-04-09 13:19:26.177  INFO 93364 --- [    Test worker] o.s.i.endpoint.EventDrivenConsumer       : Removing {bridge} as a subscriber to the 'toCsvUploadChannel' channel
2020-04-09 13:19:26.177  INFO 93364 --- [    Test worker] o.s.i.channel.PublishSubscribeChannel    : Channel 'application-1.toCsvUploadChannel' has 0 subscriber(s).
2020-04-09 13:19:26.177  INFO 93364 --- [    Test worker] o.s.i.endpoint.EventDrivenConsumer       : stopped bean 'toCsvMessageFlow.org.springframework.integration.config.ConsumerEndpointFactoryBean#0'; defined in: 'class path resource [com/corelogic/homevisit/accuservice/AccuServiceConfiguration.class]'; from source: 'bean method toCsvMessageFlow'
2020-04-09 13:19:26.177  INFO 93364 --- [    Test worker] o.s.i.endpoint.EventDrivenConsumer       : Removing {transformer} as a subscriber to the 'toCsvMessageFlow.channel#1' channel
2020-04-09 13:19:26.177  INFO 93364 --- [    Test worker] o.s.integration.channel.DirectChannel    : Channel 'application-1.toCsvMessageFlow.channel#1' has 0 subscriber(s).
2020-04-09 13:19:26.177  INFO 93364 --- [    Test worker] o.s.i.endpoint.EventDrivenConsumer       : stopped bean 'toCsvMessageFlow.org.springframework.integration.config.ConsumerEndpointFactoryBean#1'; defined in: 'class path resource [com/corelogic/homevisit/accuservice/AccuServiceConfiguration.class]'; from source: 'bean method toCsvMessageFlow'
2020-04-09 13:19:26.177  INFO 93364 --- [    Test worker] o.s.i.endpoint.EventDrivenConsumer       : Removing {http:outbound-gateway} as a subscriber to the 'toCsvMessageFlow.channel#3' channel
2020-04-09 13:19:26.178  INFO 93364 --- [    Test worker] o.s.integration.channel.DirectChannel    : Channel 'application-1.toCsvMessageFlow.channel#3' has 0 subscriber(s).
2020-04-09 13:19:26.178  INFO 93364 --- [    Test worker] o.s.i.endpoint.EventDrivenConsumer       : stopped bean 'toCsvMessageFlow.org.springframework.integration.config.ConsumerEndpointFactoryBean#2'; defined in: 'class path resource [com/corelogic/homevisit/accuservice/AccuServiceConfiguration.class]'; from source: 'bean method toCsvMessageFlow'
2020-04-09 13:19:26.178  INFO 93364 --- [    Test worker] o.s.i.endpoint.EventDrivenConsumer       : Removing {filter} as a subscriber to the 'toCsvMessageFlow.channel#5' channel
2020-04-09 13:19:26.178  INFO 93364 --- [    Test worker] o.s.integration.channel.DirectChannel    : Channel 'application-1.toCsvMessageFlow.channel#5' has 0 subscriber(s).
2020-04-09 13:19:26.178  INFO 93364 --- [    Test worker] o.s.i.endpoint.EventDrivenConsumer       : stopped bean 'toCsvMessageFlow.org.springframework.integration.config.ConsumerEndpointFactoryBean#3'; defined in: 'class path resource [com/corelogic/homevisit/accuservice/AccuServiceConfiguration.class]'; from source: 'bean method toCsvMessageFlow'
2020-04-09 13:19:26.178  INFO 93364 --- [    Test worker] o.s.i.endpoint.EventDrivenConsumer       : Removing {transformer} as a subscriber to the 'toCsvMessageFlow.channel#6' channel
2020-04-09 13:19:26.178  INFO 93364 --- [    Test worker] o.s.integration.channel.DirectChannel    : Channel 'application-1.toCsvMessageFlow.channel#6' has 0 subscriber(s).
2020-04-09 13:19:26.178  INFO 93364 --- [    Test worker] o.s.i.endpoint.EventDrivenConsumer       : stopped bean 'toCsvMessageFlow.org.springframework.integration.config.ConsumerEndpointFactoryBean#4'; defined in: 'class path resource [com/corelogic/homevisit/accuservice/AccuServiceConfiguration.class]'; from source: 'bean method toCsvMessageFlow'
2020-04-09 13:19:26.178  INFO 93364 --- [    Test worker] o.s.i.endpoint.EventDrivenConsumer       : Removing {header-enricher} as a subscriber to the 'toCsvMessageFlow.channel#7' channel
2020-04-09 13:19:26.178  INFO 93364 --- [    Test worker] o.s.integration.channel.DirectChannel    : Channel 'application-1.toCsvMessageFlow.channel#7' has 0 subscriber(s).
2020-04-09 13:19:26.178  INFO 93364 --- [    Test worker] o.s.i.endpoint.EventDrivenConsumer       : stopped bean 'toCsvMessageFlow.org.springframework.integration.config.ConsumerEndpointFactoryBean#5'; defined in: 'class path resource [com/corelogic/homevisit/accuservice/AccuServiceConfiguration.class]'; from source: 'bean method toCsvMessageFlow'
2020-04-09 13:19:26.178  INFO 93364 --- [    Test worker] o.s.i.endpoint.EventDrivenConsumer       : Removing {bridge} as a subscriber to the 'toCsvMessageFlow.channel#9' channel
2020-04-09 13:19:26.179  INFO 93364 --- [    Test worker] o.s.integration.channel.DirectChannel    : Channel 'application-1.toCsvMessageFlow.channel#9' has 0 subscriber(s).
2020-04-09 13:19:26.179  INFO 93364 --- [    Test worker] o.s.i.endpoint.EventDrivenConsumer       : stopped bean 'toCsvMessageFlow.org.springframework.integration.config.ConsumerEndpointFactoryBean#6'; defined in: 'class path resource [com/corelogic/homevisit/accuservice/AccuServiceConfiguration.class]'; from source: 'bean method toCsvMessageFlow'
2020-04-09 13:19:26.179  INFO 93364 --- [    Test worker] o.s.i.endpoint.EventDrivenConsumer       : Removing {header-enricher} as a subscriber to the 'checkUploadMessageChannel' channel
2020-04-09 13:19:26.179  INFO 93364 --- [    Test worker] o.s.i.channel.PublishSubscribeChannel    : Channel 'application-1.checkUploadMessageChannel' has 0 subscriber(s).
2020-04-09 13:19:26.179  INFO 93364 --- [    Test worker] o.s.i.endpoint.EventDrivenConsumer       : stopped bean 'checkUploadMessageFlow.org.springframework.integration.config.ConsumerEndpointFactoryBean#0'; defined in: 'class path resource [com/corelogic/homevisit/accuservice/AccuServiceConfiguration.class]'; from source: 'bean method checkUploadMessageFlow'
2020-04-09 13:19:26.179  INFO 93364 --- [    Test worker] o.s.i.endpoint.EventDrivenConsumer       : Removing {http:outbound-gateway} as a subscriber to the 'checkUploadMessageFlow.channel#1' channel
2020-04-09 13:19:26.179  INFO 93364 --- [    Test worker] o.s.integration.channel.DirectChannel    : Channel 'application-1.checkUploadMessageFlow.channel#1' has 0 subscriber(s).
2020-04-09 13:19:26.179  INFO 93364 --- [    Test worker] o.s.i.endpoint.EventDrivenConsumer       : stopped bean 'checkUploadMessageFlow.org.springframework.integration.config.ConsumerEndpointFactoryBean#1'; defined in: 'class path resource [com/corelogic/homevisit/accuservice/AccuServiceConfiguration.class]'; from source: 'bean method checkUploadMessageFlow'
2020-04-09 13:19:26.179  INFO 93364 --- [    Test worker] o.s.i.endpoint.EventDrivenConsumer       : Removing {transformer} as a subscriber to the 'checkUploadMessageFlow.channel#3' channel
2020-04-09 13:19:26.179  INFO 93364 --- [    Test worker] o.s.integration.channel.DirectChannel    : Channel 'application-1.checkUploadMessageFlow.channel#3' has 0 subscriber(s).
2020-04-09 13:19:26.179  INFO 93364 --- [    Test worker] o.s.i.endpoint.EventDrivenConsumer       : stopped bean 'checkUploadMessageFlow.org.springframework.integration.config.ConsumerEndpointFactoryBean#2'; defined in: 'class path resource [com/corelogic/homevisit/accuservice/AccuServiceConfiguration.class]'; from source: 'bean method checkUploadMessageFlow'
2020-04-09 13:19:26.180  INFO 93364 --- [    Test worker] o.s.i.endpoint.EventDrivenConsumer       : Removing {filter} as a subscriber to the 'checkUploadMessageFlow.channel#4' channel
2020-04-09 13:19:26.180  INFO 93364 --- [    Test worker] o.s.integration.channel.DirectChannel    : Channel 'application-1.checkUploadMessageFlow.channel#4' has 0 subscriber(s).
2020-04-09 13:19:26.180  INFO 93364 --- [    Test worker] o.s.i.endpoint.EventDrivenConsumer       : stopped bean 'checkUploadMessageFlow.org.springframework.integration.config.ConsumerEndpointFactoryBean#3'; defined in: 'class path resource [com/corelogic/homevisit/accuservice/AccuServiceConfiguration.class]'; from source: 'bean method checkUploadMessageFlow'
2020-04-09 13:19:26.180  INFO 93364 --- [    Test worker] o.s.i.endpoint.EventDrivenConsumer       : Removing {header-enricher} as a subscriber to the 'checkUploadMessageFlow.channel#5' channel
2020-04-09 13:19:26.180  INFO 93364 --- [    Test worker] o.s.integration.channel.DirectChannel    : Channel 'application-1.checkUploadMessageFlow.channel#5' has 0 subscriber(s).
2020-04-09 13:19:26.180  INFO 93364 --- [    Test worker] o.s.i.endpoint.EventDrivenConsumer       : stopped bean 'checkUploadMessageFlow.org.springframework.integration.config.ConsumerEndpointFactoryBean#4'; defined in: 'class path resource [com/corelogic/homevisit/accuservice/AccuServiceConfiguration.class]'; from source: 'bean method checkUploadMessageFlow'
2020-04-09 13:19:26.180  INFO 93364 --- [    Test worker] o.s.i.endpoint.EventDrivenConsumer       : Removing {bridge} as a subscriber to the 'checkUploadMessageFlow.channel#7' channel
2020-04-09 13:19:26.180  INFO 93364 --- [    Test worker] o.s.integration.channel.DirectChannel    : Channel 'application-1.checkUploadMessageFlow.channel#7' has 0 subscriber(s).
2020-04-09 13:19:26.180  INFO 93364 --- [    Test worker] o.s.i.endpoint.EventDrivenConsumer       : stopped bean 'checkUploadMessageFlow.org.springframework.integration.config.ConsumerEndpointFactoryBean#5'; defined in: 'class path resource [com/corelogic/homevisit/accuservice/AccuServiceConfiguration.class]'; from source: 'bean method checkUploadMessageFlow'
2020-04-09 13:19:26.180  INFO 93364 --- [    Test worker] o.s.i.endpoint.EventDrivenConsumer       : Removing {header-enricher} as a subscriber to the 'updateQuoteMessageChannel' channel
2020-04-09 13:19:26.180  INFO 93364 --- [    Test worker] o.s.i.channel.PublishSubscribeChannel    : Channel 'application-1.updateQuoteMessageChannel' has 0 subscriber(s).
2020-04-09 13:19:26.181  INFO 93364 --- [    Test worker] o.s.i.endpoint.EventDrivenConsumer       : stopped bean 'updateQuoteMessageFlow.org.springframework.integration.config.ConsumerEndpointFactoryBean#0'; defined in: 'class path resource [com/corelogic/homevisit/accuservice/AccuServiceConfiguration.class]'; from source: 'bean method updateQuoteMessageFlow'
2020-04-09 13:19:26.181  INFO 93364 --- [    Test worker] o.s.i.endpoint.EventDrivenConsumer       : Removing {transformer} as a subscriber to the 'updateQuoteMessageFlow.channel#0' channel
2020-04-09 13:19:26.181  INFO 93364 --- [    Test worker] o.s.integration.channel.DirectChannel    : Channel 'application-1.updateQuoteMessageFlow.channel#0' has 0 subscriber(s).
2020-04-09 13:19:26.181  INFO 93364 --- [    Test worker] o.s.i.endpoint.EventDrivenConsumer       : stopped bean 'updateQuoteMessageFlow.org.springframework.integration.config.ConsumerEndpointFactoryBean#1'; defined in: 'class path resource [com/corelogic/homevisit/accuservice/AccuServiceConfiguration.class]'; from source: 'bean method updateQuoteMessageFlow'
2020-04-09 13:19:26.181  INFO 93364 --- [    Test worker] o.s.i.endpoint.EventDrivenConsumer       : Removing {http:outbound-gateway} as a subscriber to the 'updateQuoteMessageFlow.channel#2' channel
2020-04-09 13:19:26.181  INFO 93364 --- [    Test worker] o.s.integration.channel.DirectChannel    : Channel 'application-1.updateQuoteMessageFlow.channel#2' has 0 subscriber(s).
2020-04-09 13:19:26.181  INFO 93364 --- [    Test worker] o.s.i.endpoint.EventDrivenConsumer       : stopped bean 'updateQuoteMessageFlow.org.springframework.integration.config.ConsumerEndpointFactoryBean#2'; defined in: 'class path resource [com/corelogic/homevisit/accuservice/AccuServiceConfiguration.class]'; from source: 'bean method updateQuoteMessageFlow'
2020-04-09 13:19:26.181  INFO 93364 --- [    Test worker] o.s.i.endpoint.EventDrivenConsumer       : Removing {transformer} as a subscriber to the 'updateQuoteMessageFlow.channel#4' channel
2020-04-09 13:19:26.181  INFO 93364 --- [    Test worker] o.s.integration.channel.DirectChannel    : Channel 'application-1.updateQuoteMessageFlow.channel#4' has 0 subscriber(s).
2020-04-09 13:19:26.181  INFO 93364 --- [    Test worker] o.s.i.endpoint.EventDrivenConsumer       : stopped bean 'updateQuoteMessageFlow.org.springframework.integration.config.ConsumerEndpointFactoryBean#3'; defined in: 'class path resource [com/corelogic/homevisit/accuservice/AccuServiceConfiguration.class]'; from source: 'bean method updateQuoteMessageFlow'
2020-04-09 13:19:26.181  INFO 93364 --- [    Test worker] o.s.i.endpoint.EventDrivenConsumer       : Removing {header-enricher} as a subscriber to the 'updateQuoteMessageFlow.channel#5' channel
2020-04-09 13:19:26.182  INFO 93364 --- [    Test worker] o.s.integration.channel.DirectChannel    : Channel 'application-1.updateQuoteMessageFlow.channel#5' has 0 subscriber(s).
2020-04-09 13:19:26.182  INFO 93364 --- [    Test worker] o.s.i.endpoint.EventDrivenConsumer       : stopped bean 'updateQuoteMessageFlow.org.springframework.integration.config.ConsumerEndpointFactoryBean#4'; defined in: 'class path resource [com/corelogic/homevisit/accuservice/AccuServiceConfiguration.class]'; from source: 'bean method updateQuoteMessageFlow'
2020-04-09 13:19:26.182  INFO 93364 --- [    Test worker] o.s.i.endpoint.EventDrivenConsumer       : Removing {bridge} as a subscriber to the 'updateQuoteMessageFlow.channel#7' channel
2020-04-09 13:19:26.182  INFO 93364 --- [    Test worker] o.s.integration.channel.DirectChannel    : Channel 'application-1.updateQuoteMessageFlow.channel#7' has 0 subscriber(s).
2020-04-09 13:19:26.182  INFO 93364 --- [    Test worker] o.s.i.endpoint.EventDrivenConsumer       : stopped bean 'updateQuoteMessageFlow.org.springframework.integration.config.ConsumerEndpointFactoryBean#5'; defined in: 'class path resource [com/corelogic/homevisit/accuservice/AccuServiceConfiguration.class]'; from source: 'bean method updateQuoteMessageFlow'
2020-04-09 13:19:26.182  INFO 93364 --- [    Test worker] o.s.i.endpoint.EventDrivenConsumer       : Removing {header-enricher} as a subscriber to the 'printRequestCsvJobMessageChannel' channel
2020-04-09 13:19:26.182  INFO 93364 --- [    Test worker] o.s.i.channel.PublishSubscribeChannel    : Channel 'application-1.printRequestCsvJobMessageChannel' has 0 subscriber(s).
2020-04-09 13:19:26.182  INFO 93364 --- [    Test worker] o.s.i.endpoint.EventDrivenConsumer       : stopped bean 'printRequestCsvJobMessageFlow.org.springframework.integration.config.ConsumerEndpointFactoryBean#0'; defined in: 'class path resource [com/corelogic/homevisit/accuservice/AccuServiceConfiguration.class]'; from source: 'bean method printRequestCsvJobMessageFlow'
2020-04-09 13:19:26.182  INFO 93364 --- [    Test worker] o.s.i.endpoint.EventDrivenConsumer       : Removing {http:outbound-gateway} as a subscriber to the 'printRequestCsvJobMessageFlow.channel#1' channel
2020-04-09 13:19:26.182  INFO 93364 --- [    Test worker] o.s.integration.channel.DirectChannel    : Channel 'application-1.printRequestCsvJobMessageFlow.channel#1' has 0 subscriber(s).
2020-04-09 13:19:26.183  INFO 93364 --- [    Test worker] o.s.i.endpoint.EventDrivenConsumer       : stopped bean 'printRequestCsvJobMessageFlow.org.springframework.integration.config.ConsumerEndpointFactoryBean#1'; defined in: 'class path resource [com/corelogic/homevisit/accuservice/AccuServiceConfiguration.class]'; from source: 'bean method printRequestCsvJobMessageFlow'
2020-04-09 13:19:26.183  INFO 93364 --- [    Test worker] o.s.i.endpoint.EventDrivenConsumer       : Removing {transformer} as a subscriber to the 'printRequestCsvJobMessageFlow.channel#3' channel
2020-04-09 13:19:26.183  INFO 93364 --- [    Test worker] o.s.integration.channel.DirectChannel    : Channel 'application-1.printRequestCsvJobMessageFlow.channel#3' has 0 subscriber(s).
2020-04-09 13:19:26.183  INFO 93364 --- [    Test worker] o.s.i.endpoint.EventDrivenConsumer       : stopped bean 'printRequestCsvJobMessageFlow.org.springframework.integration.config.ConsumerEndpointFactoryBean#2'; defined in: 'class path resource [com/corelogic/homevisit/accuservice/AccuServiceConfiguration.class]'; from source: 'bean method printRequestCsvJobMessageFlow'
2020-04-09 13:19:26.183  INFO 93364 --- [    Test worker] o.s.i.endpoint.EventDrivenConsumer       : Removing {filter} as a subscriber to the 'printRequestCsvJobMessageFlow.channel#4' channel
2020-04-09 13:19:26.183  INFO 93364 --- [    Test worker] o.s.integration.channel.DirectChannel    : Channel 'application-1.printRequestCsvJobMessageFlow.channel#4' has 0 subscriber(s).
2020-04-09 13:19:26.183  INFO 93364 --- [    Test worker] o.s.i.endpoint.EventDrivenConsumer       : stopped bean 'printRequestCsvJobMessageFlow.org.springframework.integration.config.ConsumerEndpointFactoryBean#3'; defined in: 'class path resource [com/corelogic/homevisit/accuservice/AccuServiceConfiguration.class]'; from source: 'bean method printRequestCsvJobMessageFlow'
2020-04-09 13:19:26.183  INFO 93364 --- [    Test worker] o.s.i.endpoint.EventDrivenConsumer       : Removing {http:outbound-gateway} as a subscriber to the 'printRequestCsvJobMessageFlow.channel#5' channel
2020-04-09 13:19:26.183  INFO 93364 --- [    Test worker] o.s.integration.channel.DirectChannel    : Channel 'application-1.printRequestCsvJobMessageFlow.channel#5' has 0 subscriber(s).
2020-04-09 13:19:26.183  INFO 93364 --- [    Test worker] o.s.i.endpoint.EventDrivenConsumer       : stopped bean 'printRequestCsvJobMessageFlow.org.springframework.integration.config.ConsumerEndpointFactoryBean#4'; defined in: 'class path resource [com/corelogic/homevisit/accuservice/AccuServiceConfiguration.class]'; from source: 'bean method printRequestCsvJobMessageFlow'
2020-04-09 13:19:26.183  INFO 93364 --- [    Test worker] o.s.i.endpoint.EventDrivenConsumer       : Removing {transformer} as a subscriber to the 'printRequestCsvJobMessageFlow.channel#7' channel
2020-04-09 13:19:26.183  INFO 93364 --- [    Test worker] o.s.integration.channel.DirectChannel    : Channel 'application-1.printRequestCsvJobMessageFlow.channel#7' has 0 subscriber(s).
2020-04-09 13:19:26.183  INFO 93364 --- [    Test worker] o.s.i.endpoint.EventDrivenConsumer       : stopped bean 'printRequestCsvJobMessageFlow.org.springframework.integration.config.ConsumerEndpointFactoryBean#5'; defined in: 'class path resource [com/corelogic/homevisit/accuservice/AccuServiceConfiguration.class]'; from source: 'bean method printRequestCsvJobMessageFlow'
2020-04-09 13:19:26.184  INFO 93364 --- [    Test worker] o.s.i.endpoint.EventDrivenConsumer       : Removing {filter} as a subscriber to the 'printRequestCsvJobMessageFlow.channel#8' channel
2020-04-09 13:19:26.184  INFO 93364 --- [    Test worker] o.s.integration.channel.DirectChannel    : Channel 'application-1.printRequestCsvJobMessageFlow.channel#8' has 0 subscriber(s).
2020-04-09 13:19:26.184  INFO 93364 --- [    Test worker] o.s.i.endpoint.EventDrivenConsumer       : stopped bean 'printRequestCsvJobMessageFlow.org.springframework.integration.config.ConsumerEndpointFactoryBean#6'; defined in: 'class path resource [com/corelogic/homevisit/accuservice/AccuServiceConfiguration.class]'; from source: 'bean method printRequestCsvJobMessageFlow'
2020-04-09 13:19:26.184  INFO 93364 --- [    Test worker] o.s.i.endpoint.EventDrivenConsumer       : Removing {header-enricher} as a subscriber to the 'printRequestCsvJobMessageFlow.channel#9' channel
2020-04-09 13:19:26.184  INFO 93364 --- [    Test worker] o.s.integration.channel.DirectChannel    : Channel 'application-1.printRequestCsvJobMessageFlow.channel#9' has 0 subscriber(s).
2020-04-09 13:19:26.184  INFO 93364 --- [    Test worker] o.s.i.endpoint.EventDrivenConsumer       : stopped bean 'printRequestCsvJobMessageFlow.org.springframework.integration.config.ConsumerEndpointFactoryBean#7'; defined in: 'class path resource [com/corelogic/homevisit/accuservice/AccuServiceConfiguration.class]'; from source: 'bean method printRequestCsvJobMessageFlow'
2020-04-09 13:19:26.184  INFO 93364 --- [    Test worker] o.s.i.endpoint.EventDrivenConsumer       : Removing {bridge} as a subscriber to the 'printRequestCsvJobMessageFlow.channel#11' channel
2020-04-09 13:19:26.184  INFO 93364 --- [    Test worker] o.s.integration.channel.DirectChannel    : Channel 'application-1.printRequestCsvJobMessageFlow.channel#11' has 0 subscriber(s).
2020-04-09 13:19:26.184  INFO 93364 --- [    Test worker] o.s.i.endpoint.EventDrivenConsumer       : stopped bean 'printRequestCsvJobMessageFlow.org.springframework.integration.config.ConsumerEndpointFactoryBean#8'; defined in: 'class path resource [com/corelogic/homevisit/accuservice/AccuServiceConfiguration.class]'; from source: 'bean method printRequestCsvJobMessageFlow'
2020-04-09 13:19:26.184  INFO 93364 --- [    Test worker] o.s.i.endpoint.EventDrivenConsumer       : Removing {header-enricher} as a subscriber to the 'printRequestQuoteMessageChannel' channel
2020-04-09 13:19:26.185  INFO 93364 --- [    Test worker] o.s.i.channel.PublishSubscribeChannel    : Channel 'application-1.printRequestQuoteMessageChannel' has 0 subscriber(s).
2020-04-09 13:19:26.185  INFO 93364 --- [    Test worker] o.s.i.endpoint.EventDrivenConsumer       : stopped bean 'printRequestQuoteMessageFlow.org.springframework.integration.config.ConsumerEndpointFactoryBean#0'; defined in: 'class path resource [com/corelogic/homevisit/accuservice/AccuServiceConfiguration.class]'; from source: 'bean method printRequestQuoteMessageFlow'
2020-04-09 13:19:26.185  INFO 93364 --- [    Test worker] o.s.i.endpoint.EventDrivenConsumer       : Removing {http:outbound-gateway} as a subscriber to the 'printRequestQuoteMessageFlow.channel#1' channel
2020-04-09 13:19:26.185  INFO 93364 --- [    Test worker] o.s.integration.channel.DirectChannel    : Channel 'application-1.printRequestQuoteMessageFlow.channel#1' has 0 subscriber(s).
2020-04-09 13:19:26.185  INFO 93364 --- [    Test worker] o.s.i.endpoint.EventDrivenConsumer       : stopped bean 'printRequestQuoteMessageFlow.org.springframework.integration.config.ConsumerEndpointFactoryBean#1'; defined in: 'class path resource [com/corelogic/homevisit/accuservice/AccuServiceConfiguration.class]'; from source: 'bean method printRequestQuoteMessageFlow'
2020-04-09 13:19:26.185  INFO 93364 --- [    Test worker] o.s.i.endpoint.EventDrivenConsumer       : Removing {transformer} as a subscriber to the 'printRequestQuoteMessageFlow.channel#3' channel
2020-04-09 13:19:26.185  INFO 93364 --- [    Test worker] o.s.integration.channel.DirectChannel    : Channel 'application-1.printRequestQuoteMessageFlow.channel#3' has 0 subscriber(s).
2020-04-09 13:19:26.185  INFO 93364 --- [    Test worker] o.s.i.endpoint.EventDrivenConsumer       : stopped bean 'printRequestQuoteMessageFlow.org.springframework.integration.config.ConsumerEndpointFactoryBean#2'; defined in: 'class path resource [com/corelogic/homevisit/accuservice/AccuServiceConfiguration.class]'; from source: 'bean method printRequestQuoteMessageFlow'
2020-04-09 13:19:26.185  INFO 93364 --- [    Test worker] o.s.i.endpoint.EventDrivenConsumer       : Removing {filter} as a subscriber to the 'printRequestQuoteMessageFlow.channel#4' channel
2020-04-09 13:19:26.185  INFO 93364 --- [    Test worker] o.s.integration.channel.DirectChannel    : Channel 'application-1.printRequestQuoteMessageFlow.channel#4' has 0 subscriber(s).
2020-04-09 13:19:26.185  INFO 93364 --- [    Test worker] o.s.i.endpoint.EventDrivenConsumer       : stopped bean 'printRequestQuoteMessageFlow.org.springframework.integration.config.ConsumerEndpointFactoryBean#3'; defined in: 'class path resource [com/corelogic/homevisit/accuservice/AccuServiceConfiguration.class]'; from source: 'bean method printRequestQuoteMessageFlow'
2020-04-09 13:19:26.185  INFO 93364 --- [    Test worker] o.s.i.endpoint.EventDrivenConsumer       : Removing {header-enricher} as a subscriber to the 'printRequestQuoteMessageFlow.channel#5' channel
2020-04-09 13:19:26.186  INFO 93364 --- [    Test worker] o.s.integration.channel.DirectChannel    : Channel 'application-1.printRequestQuoteMessageFlow.channel#5' has 0 subscriber(s).
2020-04-09 13:19:26.186  INFO 93364 --- [    Test worker] o.s.i.endpoint.EventDrivenConsumer       : stopped bean 'printRequestQuoteMessageFlow.org.springframework.integration.config.ConsumerEndpointFactoryBean#4'; defined in: 'class path resource [com/corelogic/homevisit/accuservice/AccuServiceConfiguration.class]'; from source: 'bean method printRequestQuoteMessageFlow'
2020-04-09 13:19:26.186  INFO 93364 --- [    Test worker] o.s.i.endpoint.EventDrivenConsumer       : Removing {bridge} as a subscriber to the 'printRequestQuoteMessageFlow.channel#7' channel
2020-04-09 13:19:26.186  INFO 93364 --- [    Test worker] o.s.integration.channel.DirectChannel    : Channel 'application-1.printRequestQuoteMessageFlow.channel#7' has 0 subscriber(s).
2020-04-09 13:19:26.186  INFO 93364 --- [    Test worker] o.s.i.endpoint.EventDrivenConsumer       : stopped bean 'printRequestQuoteMessageFlow.org.springframework.integration.config.ConsumerEndpointFactoryBean#5'; defined in: 'class path resource [com/corelogic/homevisit/accuservice/AccuServiceConfiguration.class]'; from source: 'bean method printRequestQuoteMessageFlow'
2020-04-09 13:19:26.186  INFO 93364 --- [    Test worker] o.s.i.endpoint.EventDrivenConsumer       : Removing {header-enricher} as a subscriber to the 'printRequestReadyMessageChannel' channel
2020-04-09 13:19:26.186  INFO 93364 --- [    Test worker] o.s.i.channel.PublishSubscribeChannel    : Channel 'application-1.printRequestReadyMessageChannel' has 0 subscriber(s).
2020-04-09 13:19:26.186  INFO 93364 --- [    Test worker] o.s.i.endpoint.EventDrivenConsumer       : stopped bean 'printRequestReadyMessageFlow.org.springframework.integration.config.ConsumerEndpointFactoryBean#0'; defined in: 'class path resource [com/corelogic/homevisit/accuservice/AccuServiceConfiguration.class]'; from source: 'bean method printRequestReadyMessageFlow'
2020-04-09 13:19:26.186  INFO 93364 --- [    Test worker] o.s.i.endpoint.EventDrivenConsumer       : Removing {jdbc:outbound-gateway} as a subscriber to the 'printRequestReadyMessageFlow.channel#1' channel
2020-04-09 13:19:26.186  INFO 93364 --- [    Test worker] o.s.integration.channel.DirectChannel    : Channel 'application-1.printRequestReadyMessageFlow.channel#1' has 0 subscriber(s).
2020-04-09 13:19:26.186  INFO 93364 --- [    Test worker] o.s.i.endpoint.EventDrivenConsumer       : stopped bean 'printRequestReadyMessageFlow.org.springframework.integration.config.ConsumerEndpointFactoryBean#1'; defined in: 'class path resource [com/corelogic/homevisit/accuservice/AccuServiceConfiguration.class]'; from source: 'bean method printRequestReadyMessageFlow'
2020-04-09 13:19:26.186  INFO 93364 --- [    Test worker] o.s.i.endpoint.EventDrivenConsumer       : Removing {http:outbound-gateway} as a subscriber to the 'printRequestReadyMessageFlow.channel#3' channel
2020-04-09 13:19:26.186  INFO 93364 --- [    Test worker] o.s.integration.channel.DirectChannel    : Channel 'application-1.printRequestReadyMessageFlow.channel#3' has 0 subscriber(s).
2020-04-09 13:19:26.186  INFO 93364 --- [    Test worker] o.s.i.endpoint.EventDrivenConsumer       : stopped bean 'printRequestReadyMessageFlow.org.springframework.integration.config.ConsumerEndpointFactoryBean#2'; defined in: 'class path resource [com/corelogic/homevisit/accuservice/AccuServiceConfiguration.class]'; from source: 'bean method printRequestReadyMessageFlow'
2020-04-09 13:19:26.187  INFO 93364 --- [    Test worker] o.s.i.endpoint.EventDrivenConsumer       : Removing {transformer} as a subscriber to the 'printRequestReadyMessageFlow.channel#5' channel
2020-04-09 13:19:26.187  INFO 93364 --- [    Test worker] o.s.integration.channel.DirectChannel    : Channel 'application-1.printRequestReadyMessageFlow.channel#5' has 0 subscriber(s).
2020-04-09 13:19:26.187  INFO 93364 --- [    Test worker] o.s.i.endpoint.EventDrivenConsumer       : stopped bean 'printRequestReadyMessageFlow.org.springframework.integration.config.ConsumerEndpointFactoryBean#3'; defined in: 'class path resource [com/corelogic/homevisit/accuservice/AccuServiceConfiguration.class]'; from source: 'bean method printRequestReadyMessageFlow'
2020-04-09 13:19:26.187  INFO 93364 --- [    Test worker] o.s.i.endpoint.EventDrivenConsumer       : Removing {jdbc:outbound-gateway} as a subscriber to the 'printRequestReadyMessageFlow.channel#7' channel
2020-04-09 13:19:26.187  INFO 93364 --- [    Test worker] o.s.integration.channel.DirectChannel    : Channel 'application-1.printRequestReadyMessageFlow.channel#7' has 0 subscriber(s).
2020-04-09 13:19:26.187  INFO 93364 --- [    Test worker] o.s.i.endpoint.EventDrivenConsumer       : stopped bean 'printRequestReadyMessageFlow.org.springframework.integration.config.ConsumerEndpointFactoryBean#4'; defined in: 'class path resource [com/corelogic/homevisit/accuservice/AccuServiceConfiguration.class]'; from source: 'bean method printRequestReadyMessageFlow'
2020-04-09 13:19:26.187  INFO 93364 --- [    Test worker] o.s.i.endpoint.EventDrivenConsumer       : Removing {header-enricher} as a subscriber to the 'printRequestReadyMessageFlow.channel#9' channel
2020-04-09 13:19:26.187  INFO 93364 --- [    Test worker] o.s.integration.channel.DirectChannel    : Channel 'application-1.printRequestReadyMessageFlow.channel#9' has 0 subscriber(s).
2020-04-09 13:19:26.187  INFO 93364 --- [    Test worker] o.s.i.endpoint.EventDrivenConsumer       : stopped bean 'printRequestReadyMessageFlow.org.springframework.integration.config.ConsumerEndpointFactoryBean#5'; defined in: 'class path resource [com/corelogic/homevisit/accuservice/AccuServiceConfiguration.class]'; from source: 'bean method printRequestReadyMessageFlow'
2020-04-09 13:19:26.187  INFO 93364 --- [    Test worker] o.s.i.endpoint.EventDrivenConsumer       : Removing {bridge} as a subscriber to the 'printRequestReadyMessageFlow.channel#11' channel
2020-04-09 13:19:26.187  INFO 93364 --- [    Test worker] o.s.integration.channel.DirectChannel    : Channel 'application-1.printRequestReadyMessageFlow.channel#11' has 0 subscriber(s).
2020-04-09 13:19:26.187  INFO 93364 --- [    Test worker] o.s.i.endpoint.EventDrivenConsumer       : stopped bean 'printRequestReadyMessageFlow.org.springframework.integration.config.ConsumerEndpointFactoryBean#6'; defined in: 'class path resource [com/corelogic/homevisit/accuservice/AccuServiceConfiguration.class]'; from source: 'bean method printRequestReadyMessageFlow'
2020-04-09 13:19:26.187  INFO 93364 --- [    Test worker] o.s.i.endpoint.EventDrivenConsumer       : Removing {http:outbound-gateway} as a subscriber to the 'accountInfo.channel#1' channel
2020-04-09 13:19:26.188  INFO 93364 --- [    Test worker] o.s.integration.channel.DirectChannel    : Channel 'application-1.accountInfo.channel#1' has 0 subscriber(s).
2020-04-09 13:19:26.188  INFO 93364 --- [    Test worker] o.s.i.endpoint.EventDrivenConsumer       : stopped bean 'accountInfo.org.springframework.integration.config.ConsumerEndpointFactoryBean#0'; defined in: 'class path resource [com/corelogic/homevisit/accuservice/AccuServiceConfiguration.class]'; from source: 'bean method accountInfo'
2020-04-09 13:19:26.188  INFO 93364 --- [    Test worker] o.s.i.endpoint.EventDrivenConsumer       : Removing {bridge} as a subscriber to the 'accountInfo.channel#3' channel
2020-04-09 13:19:26.188  INFO 93364 --- [    Test worker] o.s.integration.channel.DirectChannel    : Channel 'application-1.accountInfo.channel#3' has 0 subscriber(s).
2020-04-09 13:19:26.188  INFO 93364 --- [    Test worker] o.s.i.endpoint.EventDrivenConsumer       : stopped bean 'accountInfo.org.springframework.integration.config.ConsumerEndpointFactoryBean#1'; defined in: 'class path resource [com/corelogic/homevisit/accuservice/AccuServiceConfiguration.class]'; from source: 'bean method accountInfo'
2020-04-09 13:19:26.188  INFO 93364 --- [    Test worker] o.s.i.endpoint.EventDrivenConsumer       : Removing {logging-channel-adapter:_org.springframework.integration.errorLogger} as a subscriber to the 'errorChannel' channel
2020-04-09 13:19:26.188  INFO 93364 --- [    Test worker] o.s.i.channel.PublishSubscribeChannel    : Channel 'application-1.errorChannel' has 0 subscriber(s).
2020-04-09 13:19:26.188  INFO 93364 --- [    Test worker] o.s.i.endpoint.EventDrivenConsumer       : stopped bean '_org.springframework.integration.errorLogger'
2020-04-09 13:19:26.188  INFO 93364 --- [    Test worker] o.s.i.endpoint.EventDrivenConsumer       : Removing {message-handler:accuConnectConfiguration.updateSecurityToken.serviceActivator} as a subscriber to the 'toUpdateSecurityToken' channel
2020-04-09 13:19:26.188  INFO 93364 --- [    Test worker] o.s.i.channel.PublishSubscribeChannel    : Channel 'application-1.toUpdateSecurityToken' has 0 subscriber(s).
2020-04-09 13:19:26.188  INFO 93364 --- [    Test worker] o.s.i.endpoint.EventDrivenConsumer       : stopped bean 'accuConnectConfiguration.updateSecurityToken.serviceActivator'
2020-04-09 13:19:26.188  INFO 93364 --- [    Test worker] o.s.i.endpoint.EventDrivenConsumer       : Removing {message-handler:accuConnectConfiguration.updatePrintJobRequestStatus.serviceActivator} as a subscriber to the 'toUpdatePrintJobRequestStatus' channel
2020-04-09 13:19:26.188  INFO 93364 --- [    Test worker] o.s.i.channel.PublishSubscribeChannel    : Channel 'application-1.toUpdatePrintJobRequestStatus' has 0 subscriber(s).
2020-04-09 13:19:26.188  INFO 93364 --- [    Test worker] o.s.i.endpoint.EventDrivenConsumer       : stopped bean 'accuConnectConfiguration.updatePrintJobRequestStatus.serviceActivator'
2020-04-09 13:19:26.189  INFO 93364 --- [    Test worker] o.s.i.endpoint.EventDrivenConsumer       : Removing {message-handler:accuServiceConfiguration.updatePrintRequestStatusCounter.serviceActivator} as a subscriber to the 'toUpdatePrintRequestStatusCounter' channel
2020-04-09 13:19:26.189  INFO 93364 --- [    Test worker] o.s.i.channel.PublishSubscribeChannel    : Channel 'application-1.toUpdatePrintRequestStatusCounter' has 0 subscriber(s).
2020-04-09 13:19:26.189  INFO 93364 --- [    Test worker] o.s.i.endpoint.EventDrivenConsumer       : stopped bean 'accuServiceConfiguration.updatePrintRequestStatusCounter.serviceActivator'
2020-04-09 13:19:26.189  INFO 93364 --- [    Test worker] o.s.i.endpoint.EventDrivenConsumer       : Removing {message-handler:accuServiceConfiguration.updatePrintRequestStatus.serviceActivator} as a subscriber to the 'toUpdatePrintRequestStatus' channel
2020-04-09 13:19:26.189  INFO 93364 --- [    Test worker] o.s.i.channel.PublishSubscribeChannel    : Channel 'application-1.toUpdatePrintRequestStatus' has 0 subscriber(s).
2020-04-09 13:19:26.189  INFO 93364 --- [    Test worker] o.s.i.endpoint.EventDrivenConsumer       : stopped bean 'accuServiceConfiguration.updatePrintRequestStatus.serviceActivator'
2020-04-09 13:19:26.189  INFO 93364 --- [    Test worker] o.s.s.c.ThreadPoolTaskScheduler          : Shutting down ExecutorService 'taskScheduler'
2020-04-09 13:19:26.191  INFO 93364 --- [    Test worker] o.s.s.quartz.SchedulerFactoryBean        : Shutting down Quartz Scheduler
2020-04-09 13:19:26.191  INFO 93364 --- [    Test worker] org.quartz.core.QuartzScheduler          : Scheduler quartzScheduler_$_NON_CLUSTERED shutting down.
2020-04-09 13:19:26.191  INFO 93364 --- [    Test worker] org.quartz.core.QuartzScheduler          : Scheduler quartzScheduler_$_NON_CLUSTERED paused.
2020-04-09 13:19:26.192  INFO 93364 --- [    Test worker] org.quartz.core.QuartzScheduler          : Scheduler quartzScheduler_$_NON_CLUSTERED shutdown complete.
2020-04-09 13:19:26.193  INFO 93364 --- [    Test worker] o.s.s.concurrent.ThreadPoolTaskExecutor  : Shutting down ExecutorService 'applicationTaskExecutor'
2020-04-09 13:19:26.203  INFO 93364 --- [    Test worker] j.LocalContainerEntityManagerFactoryBean : Closing JPA EntityManagerFactory for persistence unit 'default'
2020-04-09 13:19:26.203  INFO 93364 --- [    Test worker] .SchemaDropperImpl$DelayedDropActionImpl : HHH000477: Starting delayed evictData of schema as part of SessionFactory shut-down'
Hibernate: 
    
    drop table agvproduct if exists
Hibernate: 
    
    drop table agvproductvariant if exists
Hibernate: 
    
    drop table cart if exists
Hibernate: 
    
    drop table cart_id if exists
Hibernate: 
    
    drop table chiliDefPostagePlacement if exists
Hibernate: 
    
    drop table chiliMasterTemplateAltLayout if exists
Hibernate: 
    
    drop table chiliUserPrint if exists
Hibernate: 
    
    drop table chiliUserPrintPage if exists
Hibernate: 
    
    drop table chiliUserPrintProduction if exists
Hibernate: 
    
    drop table item if exists
Hibernate: 
    
    drop table printAddress if exists
Hibernate: 
    
    drop table printAddressVerified if exists
Hibernate: 
    
    drop table printRequest if exists
2020-04-09 13:19:26.215  INFO 93364 --- [    Test worker] com.zaxxer.hikari.HikariDataSource       : HikariPool-1 - Shutdown initiated...
2020-04-09 13:19:26.220  INFO 93364 --- [    Test worker] com.zaxxer.hikari.HikariDataSource       : HikariPool-1 - Shutdown completed.
2020-04-09 13:19:26.232  INFO 93364 --- [    Test worker] o.apache.catalina.core.StandardService   : Stopping service [Tomcat]
2020-04-09 13:19:26.233  INFO 93364 --- [    Test worker] o.a.c.c.C.[Tomcat].[localhost].[/]       : Destroying Spring FrameworkServlet 'dispatcherServlet'
]]></system-out>
  <system-err><![CDATA[]]></system-err>
</testsuite>
