<?xml version="1.0" encoding="UTF-8"?>
<testsuite name="com.corelogic.homevisit.accuservice.AccuConnectFlowSourceTest" tests="2" skipped="0" failures="0" errors="0" timestamp="2020-04-09T17:19:29" hostname="C02XH1CYJG5M" time="0.345">
  <properties/>
  <testcase name="tokenExpiredMessageSource()" classname="com.corelogic.homevisit.accuservice.AccuConnectFlowSourceTest" time="0.322"/>
  <testcase name="testJobReadyMessageSource()" classname="com.corelogic.homevisit.accuservice.AccuConnectFlowSourceTest" time="0.022"/>
  <system-out><![CDATA[2020-04-09 13:19:26.245  INFO 93364 --- [    Test worker] .b.t.c.SpringBootTestContextBootstrapper : Neither @ContextConfiguration nor @ContextHierarchy found for test class [com.corelogic.homevisit.accuservice.AccuConnectFlowSourceTest], using SpringBootContextLoader
2020-04-09 13:19:26.245  INFO 93364 --- [    Test worker] o.s.t.c.support.AbstractContextLoader    : Could not detect default resource locations for test class [com.corelogic.homevisit.accuservice.AccuConnectFlowSourceTest]: no resource found for suffixes {-context.xml, Context.groovy}.
2020-04-09 13:19:26.246  INFO 93364 --- [    Test worker] t.c.s.AnnotationConfigContextLoaderUtils : Could not detect default configuration classes for test class [com.corelogic.homevisit.accuservice.AccuConnectFlowSourceTest]: AccuConnectFlowSourceTest does not declare any static, non-private, non-final, nested classes annotated with @Configuration.
2020-04-09 13:19:26.247  INFO 93364 --- [    Test worker] .b.t.c.SpringBootTestContextBootstrapper : Found @SpringBootConfiguration com.corelogic.homevisit.accuservice.AccuserviceApplication for test class com.corelogic.homevisit.accuservice.AccuConnectFlowSourceTest
2020-04-09 13:19:26.248  INFO 93364 --- [    Test worker] .b.t.c.SpringBootTestContextBootstrapper : Loaded default TestExecutionListener class names from location [META-INF/spring.factories]: [org.springframework.security.test.context.support.WithSecurityContextTestExecutionListener, org.springframework.security.test.context.support.ReactorContextTestExecutionListener, org.springframework.boot.test.autoconfigure.restdocs.RestDocsTestExecutionListener, org.springframework.boot.test.autoconfigure.web.client.MockRestServiceServerResetTestExecutionListener, org.springframework.boot.test.autoconfigure.web.servlet.MockMvcPrintOnlyOnFailureTestExecutionListener, org.springframework.boot.test.autoconfigure.web.servlet.WebDriverTestExecutionListener, org.springframework.boot.test.mock.mockito.MockitoTestExecutionListener, org.springframework.boot.test.mock.mockito.ResetMocksTestExecutionListener, org.springframework.test.context.web.ServletTestExecutionListener, org.springframework.test.context.support.DirtiesContextBeforeModesTestExecutionListener, org.springframework.test.context.support.DependencyInjectionTestExecutionListener, org.springframework.test.context.support.DirtiesContextTestExecutionListener, org.springframework.test.context.transaction.TransactionalTestExecutionListener, org.springframework.test.context.jdbc.SqlScriptsTestExecutionListener, org.springframework.test.context.event.EventPublishingTestExecutionListener]
2020-04-09 13:19:26.248  INFO 93364 --- [    Test worker] .b.t.c.SpringBootTestContextBootstrapper : Using TestExecutionListeners: [org.springframework.test.context.web.ServletTestExecutionListener@6dfc553, org.springframework.test.context.support.DirtiesContextBeforeModesTestExecutionListener@5661197a, org.springframework.boot.test.mock.mockito.MockitoTestExecutionListener@75a9f1d6, org.springframework.boot.test.autoconfigure.SpringBootDependencyInjectionTestExecutionListener@6933090e, org.springframework.test.context.support.DirtiesContextTestExecutionListener@11bebc26, org.springframework.test.context.transaction.TransactionalTestExecutionListener@4f4acda2, org.springframework.test.context.jdbc.SqlScriptsTestExecutionListener@75d7b2dc, org.springframework.security.test.context.support.WithSecurityContextTestExecutionListener@4ddbe11, org.springframework.test.context.event.EventPublishingTestExecutionListener@60e66d20, org.springframework.security.test.context.support.ReactorContextTestExecutionListener@79589b43, org.springframework.boot.test.autoconfigure.restdocs.RestDocsTestExecutionListener@31d197e6, org.springframework.boot.test.autoconfigure.web.client.MockRestServiceServerResetTestExecutionListener@58158afb, org.springframework.boot.test.autoconfigure.web.servlet.MockMvcPrintOnlyOnFailureTestExecutionListener@bc973b4, org.springframework.boot.test.autoconfigure.web.servlet.WebDriverTestExecutionListener@3676630d, org.springframework.boot.test.mock.mockito.ResetMocksTestExecutionListener@ba5bc82]
2020-04-09 13:19:26.328  INFO 93364 --- [    Test worker] trationDelegate$BeanPostProcessorChecker : Bean 'org.springframework.cloud.autoconfigure.ConfigurationPropertiesRebinderAutoConfiguration' of type [org.springframework.cloud.autoconfigure.ConfigurationPropertiesRebinderAutoConfiguration$$EnhancerBySpringCGLIB$$78568474] is not eligible for getting processed by all BeanPostProcessors (for example: not eligible for auto-proxying)

  ___                 _____                 _        _____         _   
 / _ \               /  ___|               (_)      |_   _|       | |  
/ /_\ \ ___ ___ _   _\ `--.  ___ _ ____   ___  ___ ___| | ___  ___| |_ 
|  _  |/ __/ __| | | |`--. \/ _ \ '__\ \ / / |/ __/ _ \ |/ _ \/ __| __|
| | | | (_| (__| |_| /\__/ /  __/ |   \ V /| | (_|  __/ |  __/\__ \ |_ 
\_| |_/\___\___|\__,_\____/ \___|_|    \_/ |_|\___\___\_/\___||___/\__|
                                                                       
----------------------------------------------------------------------

2020-04-09 13:19:26.366  INFO 93364 --- [    Test worker] c.c.c.ConfigServicePropertySourceLocator : Fetching config from server at : http://localhost:8888
2020-04-09 13:19:26.379  WARN 93364 --- [    Test worker] c.c.c.ConfigServicePropertySourceLocator : Could not locate PropertySource: label not found
2020-04-09 13:19:26.381  INFO 93364 --- [    Test worker] c.c.h.a.AccuConnectFlowSourceTest        : The following profiles are active: sourcetest
2020-04-09 13:19:26.692  INFO 93364 --- [    Test worker] .s.d.r.c.RepositoryConfigurationDelegate : Bootstrapping Spring Data JPA repositories in DEFAULT mode.
2020-04-09 13:19:26.705  INFO 93364 --- [    Test worker] .s.d.r.c.RepositoryConfigurationDelegate : Finished Spring Data repository scanning in 12ms. Found 0 JPA repository interfaces.
2020-04-09 13:19:26.756  INFO 93364 --- [    Test worker] o.s.cloud.context.scope.GenericScope     : BeanFactory id=1905975a-5d37-3a4a-8fd8-1a5ca887b502
2020-04-09 13:19:26.766  INFO 93364 --- [    Test worker] faultConfiguringBeanFactoryPostProcessor : No bean named 'errorChannel' has been explicitly defined. Therefore, a default PublishSubscribeChannel will be created.
2020-04-09 13:19:26.767  INFO 93364 --- [    Test worker] faultConfiguringBeanFactoryPostProcessor : No bean named 'taskScheduler' has been explicitly defined. Therefore, a default ThreadPoolTaskScheduler will be created.
2020-04-09 13:19:26.768  INFO 93364 --- [    Test worker] faultConfiguringBeanFactoryPostProcessor : No bean named 'integrationHeaderChannelRegistry' has been explicitly defined. Therefore, a default DefaultHeaderChannelRegistry will be created.
2020-04-09 13:19:26.813  INFO 93364 --- [    Test worker] trationDelegate$BeanPostProcessorChecker : Bean 'org.springframework.transaction.annotation.ProxyTransactionManagementConfiguration' of type [org.springframework.transaction.annotation.ProxyTransactionManagementConfiguration] is not eligible for getting processed by all BeanPostProcessors (for example: not eligible for auto-proxying)
2020-04-09 13:19:26.837  INFO 93364 --- [    Test worker] trationDelegate$BeanPostProcessorChecker : Bean 'integrationChannelResolver' of type [org.springframework.integration.support.channel.BeanFactoryChannelResolver] is not eligible for getting processed by all BeanPostProcessors (for example: not eligible for auto-proxying)
2020-04-09 13:19:26.839  INFO 93364 --- [    Test worker] trationDelegate$BeanPostProcessorChecker : Bean 'integrationDisposableAutoCreatedBeans' of type [org.springframework.integration.config.annotation.Disposables] is not eligible for getting processed by all BeanPostProcessors (for example: not eligible for auto-proxying)
2020-04-09 13:19:26.848  INFO 93364 --- [    Test worker] trationDelegate$BeanPostProcessorChecker : Bean 'org.springframework.integration.config.IntegrationManagementConfiguration' of type [org.springframework.integration.config.IntegrationManagementConfiguration] is not eligible for getting processed by all BeanPostProcessors (for example: not eligible for auto-proxying)
2020-04-09 13:19:26.864  INFO 93364 --- [    Test worker] trationDelegate$BeanPostProcessorChecker : Bean 'org.springframework.cloud.autoconfigure.ConfigurationPropertiesRebinderAutoConfiguration' of type [org.springframework.cloud.autoconfigure.ConfigurationPropertiesRebinderAutoConfiguration$$EnhancerBySpringCGLIB$$78568474] is not eligible for getting processed by all BeanPostProcessors (for example: not eligible for auto-proxying)
2020-04-09 13:19:26.955  INFO 93364 --- [    Test worker] o.s.b.w.embedded.tomcat.TomcatWebServer  : Tomcat initialized with port(s): 18443 (https) 18087 (http)
2020-04-09 13:19:26.956  INFO 93364 --- [    Test worker] o.apache.catalina.core.StandardService   : Starting service [Tomcat]
2020-04-09 13:19:26.957  INFO 93364 --- [    Test worker] org.apache.catalina.core.StandardEngine  : Starting Servlet engine: [Apache Tomcat/9.0.30]
2020-04-09 13:19:26.994  INFO 93364 --- [    Test worker] o.a.c.c.C.[Tomcat].[localhost].[/]       : Initializing Spring embedded WebApplicationContext
2020-04-09 13:19:26.994  INFO 93364 --- [    Test worker] o.s.web.context.ContextLoader            : Root WebApplicationContext: initialization completed in 612 ms
2020-04-09 13:19:27.441  INFO 93364 --- [    Test worker] o.hibernate.jpa.internal.util.LogHelper  : HHH000204: Processing PersistenceUnitInfo [name: default]
2020-04-09 13:19:27.447  INFO 93364 --- [    Test worker] com.zaxxer.hikari.HikariDataSource       : HikariPool-2 - Starting...
2020-04-09 13:19:27.448  INFO 93364 --- [    Test worker] com.zaxxer.hikari.HikariDataSource       : HikariPool-2 - Start completed.
2020-04-09 13:19:27.448  INFO 93364 --- [    Test worker] org.hibernate.dialect.Dialect            : HHH000400: Using dialect: org.hibernate.dialect.H2Dialect
Hibernate: 
    
    drop table agvproduct if exists
Hibernate: 
    
    drop table agvproductvariant if exists
Hibernate: 
    
    drop table cart if exists
Hibernate: 
    
    drop table cart_id if exists
Hibernate: 
    
    drop table chiliDefPostagePlacement if exists
Hibernate: 
    
    drop table chiliMasterTemplateAltLayout if exists
Hibernate: 
    
    drop table chiliUserPrint if exists
Hibernate: 
    
    drop table chiliUserPrintPage if exists
Hibernate: 
    
    drop table chiliUserPrintProduction if exists
Hibernate: 
    
    drop table item if exists
Hibernate: 
    
    drop table printAddress if exists
Hibernate: 
    
    drop table printAddressVerified if exists
Hibernate: 
    
    drop table printRequest if exists
Hibernate: 
    
    create table agvproduct (
       id bigint generated by default as identity,
        mail_class varchar(255),
        product_type varchar(255),
        sku varchar(255),
        primary key (id)
    )
Hibernate: 
    
    create table agvproductvariant (
       id bigint generated by default as identity,
        item_id bigint,
        print_name varchar(255),
        product_id bigint,
        primary key (id)
    )
Hibernate: 
    
    create table cart (
       id bigint generated by default as identity,
        chili_print_id bigint,
        qty integer,
        cartID bigint,
        selection bigint,
        primary key (id)
    )
Hibernate: 
    
    create table cart_id (
       id bigint generated by default as identity,
        sAddressID bigint,
        aAddress varchar(255),
        aAddressID bigint,
        aAddressType varchar(255),
        aAddressName varchar(255),
        aAddressModel varchar(255),
        aAddressee varchar(255),
        aCertified boolean,
        aCity varchar(255),
        aCompany varchar(255),
        aFirstName varchar(255),
        aLastName varchar(255),
        aLocality varchar(255),
        aState varchar(255),
        aZip varchar(15),
        ccAnaTransId varchar(255),
        ccApproval varchar(255),
        ccCharged boolean,
        ccChargedTime timestamp,
        ccError varchar(255),
        complete boolean,
        creditCard varchar(50),
        creditCardExp varchar(15),
        creditCardId varchar(255),
        creditCardName varchar(200),
        creditCardNumber varchar(100),
        discount decimal(19,2),
        hvID bigint,
        orderNotes varchar(255),
        orderType integer,
        print_request_id bigint,
        pID bigint,
        salesTax decimal(19,2),
        salesTaxState varchar(3),
        shipMethod bigint,
        sAddress varchar(255),
        sAddressType varchar(255),
        sAddressName varchar(255),
        sAddressModel varchar(255),
        sAddressee varchar(255),
        sCertified boolean,
        sCity varchar(255),
        sCompany varchar(255),
        shippingCost decimal(19,2),
        sFirstName varchar(255),
        sLastName varchar(255),
        sLocality varchar(255),
        sState varchar(255),
        sZip varchar(15),
        stripe_json varchar(255),
        totalCost decimal(19,2),
        userId integer,
        primary key (id)
    )
Hibernate: 
    
    create table chiliDefPostagePlacement (
       id bigint generated by default as identity,
        placement varchar(255),
        postagePlacement bigint,
        primary key (id)
    )
Hibernate: 
    
    create table chiliMasterTemplateAltLayout (
       id bigint generated by default as identity,
        itemID varchar(255),
        mtID bigint,
        name varchar(255),
        postagePlacement bigint,
        primary key (id)
    )
Hibernate: 
    
    create table chiliUserPrint (
       id bigint generated by default as identity,
        agentLayerTag varchar(255),
        agentid bigint,
        primary key (id)
    )
Hibernate: 
    
    create table chiliUserPrintPage (
       id bigint generated by default as identity,
        mtID bigint,
        pageNumber integer,
        selectedLayoutID varchar(255),
        printPagePdf varchar(255),
        upid bigint,
        primary key (id)
    )
Hibernate: 
    
    create table chiliUserPrintProduction (
       id bigint generated by default as identity,
        thumbURL varchar(255),
        upid bigint,
        printReadyURL varchar(255),
        print_request_id bigint,
        primary key (id)
    )
Hibernate: 
    
    create table item (
       ID bigint generated by default as identity,
        name varchar(255),
        isPrinted boolean,
        code varchar(255),
        primary key (ID)
    )
Hibernate: 
    
    create table printAddress (
       id bigint generated by default as identity,
        address1 varchar(255),
        address2 varchar(255),
        addressName varchar(255),
        addressType varchar(255),
        addressee varchar(255),
        certified boolean not null,
        city varchar(255),
        company varchar(255),
        firstName varchar(255),
        lastName varchar(255),
        locality varchar(255),
        occupant varchar(255),
        printRequestId bigint,
        state varchar(255),
        zip varchar(255),
        primary key (id)
    )
Hibernate: 
    
    create table printAddressVerified (
       id bigint generated by default as identity,
        address varchar(255),
        address2 varchar(255),
        barcode varchar(255),
        city varchar(255),
        cont_id varchar(255),
        crrt varchar(255),
        endorse varchar(255),
        first_name varchar(255),
        gpb_id varchar(255),
        imbarcode varchar(255),
        imbdigits varchar(255),
        last_name varchar(255),
        middle_name varchar(255),
        print_request_id bigint,
        sal varchar(255),
        sequenc varchar(255),
        state varchar(255),
        zip varchar(255),
        primary key (id)
    )
Hibernate: 
    
    create table printRequest (
       id bigint generated by default as identity,
        acc_count integer,
        acc_status varchar(12),
        acc_uuid varchar(48),
        printType varchar(255),
        provider varchar(255),
        uuid varchar(255),
        primary key (id)
    )
Hibernate: 
    
    alter table cart 
       add constraint FK8or64r1977dbvn60sqql40avj 
       foreign key (cartID) 
       references cart_id
Hibernate: 
    
    alter table cart 
       add constraint FK3cry4gt1er65oa4q40af389fo 
       foreign key (selection) 
       references item
2020-04-09 13:19:27.593  INFO 93364 --- [    Test worker] o.h.e.t.j.p.i.JtaPlatformInitiator       : HHH000490: Using JtaPlatform implementation: [org.hibernate.engine.transaction.jta.platform.internal.NoJtaPlatform]
2020-04-09 13:19:27.593  INFO 93364 --- [    Test worker] j.LocalContainerEntityManagerFactoryBean : Initialized JPA EntityManagerFactory for persistence unit 'default'
2020-04-09 13:19:27.709  WARN 93364 --- [    Test worker] JpaBaseConfiguration$JpaWebConfiguration : spring.jpa.open-in-view is enabled by default. Therefore, database queries may be performed during view rendering. Explicitly configure spring.jpa.open-in-view to disable this warning
2020-04-09 13:19:28.423  INFO 93364 --- [    Test worker] o.s.s.concurrent.ThreadPoolTaskExecutor  : Initializing ExecutorService 'applicationTaskExecutor'
2020-04-09 13:19:28.687  INFO 93364 --- [    Test worker] .s.s.UserDetailsServiceAutoConfiguration : 

Using generated security password: 3626de3d-714d-4b26-98be-a27a4442fea7

2020-04-09 13:19:28.750  INFO 93364 --- [    Test worker] o.s.s.web.DefaultSecurityFilterChain     : Creating filter chain: any request, [org.springframework.security.web.context.request.async.WebAsyncManagerIntegrationFilter@2969c6b0, org.springframework.security.web.context.SecurityContextPersistenceFilter@5bc6a2f9, org.springframework.security.web.header.HeaderWriterFilter@70f7d2eb, org.springframework.security.web.authentication.logout.LogoutFilter@4a627d36, org.springframework.security.web.savedrequest.RequestCacheAwareFilter@25e3635, org.springframework.security.web.servletapi.SecurityContextHolderAwareRequestFilter@4cf0cc1f, org.springframework.security.web.authentication.AnonymousAuthenticationFilter@7faddfd6, org.springframework.security.web.session.SessionManagementFilter@5d96aa6d, org.springframework.security.web.access.ExceptionTranslationFilter@6d369efa, org.springframework.security.web.access.intercept.FilterSecurityInterceptor@607007f2]
2020-04-09 13:19:28.801  INFO 93364 --- [    Test worker] org.quartz.impl.StdSchedulerFactory      : Using default implementation for ThreadExecutor
2020-04-09 13:19:28.803  INFO 93364 --- [    Test worker] org.quartz.core.SchedulerSignalerImpl    : Initialized Scheduler Signaller of type: class org.quartz.core.SchedulerSignalerImpl
2020-04-09 13:19:28.803  INFO 93364 --- [    Test worker] org.quartz.core.QuartzScheduler          : Quartz Scheduler v.2.3.2 created.
2020-04-09 13:19:28.803  INFO 93364 --- [    Test worker] org.quartz.simpl.RAMJobStore             : RAMJobStore initialized.
2020-04-09 13:19:28.803  INFO 93364 --- [    Test worker] org.quartz.core.QuartzScheduler          : Scheduler meta-data: Quartz Scheduler (v2.3.2) 'quartzScheduler' with instanceId 'NON_CLUSTERED'
  Scheduler class: 'org.quartz.core.QuartzScheduler' - running locally.
  NOT STARTED.
  Currently in standby mode.
  Number of jobs executed: 0
  Using thread pool 'org.quartz.simpl.SimpleThreadPool' - with 10 threads.
  Using job-store 'org.quartz.simpl.RAMJobStore' - which does not support persistence. and is not clustered.

2020-04-09 13:19:28.803  INFO 93364 --- [    Test worker] org.quartz.impl.StdSchedulerFactory      : Quartz scheduler 'quartzScheduler' initialized from an externally provided properties instance.
2020-04-09 13:19:28.803  INFO 93364 --- [    Test worker] org.quartz.impl.StdSchedulerFactory      : Quartz scheduler version: 2.3.2
2020-04-09 13:19:28.803  INFO 93364 --- [    Test worker] org.quartz.core.QuartzScheduler          : JobFactory set to: org.springframework.scheduling.quartz.SpringBeanJobFactory@46f231d3
2020-04-09 13:19:28.886  INFO 93364 --- [    Test worker] o.s.b.a.e.web.EndpointLinksResolver      : Exposing 4 endpoint(s) beneath base path '/actuator'
2020-04-09 13:19:28.940  INFO 93364 --- [    Test worker] o.s.s.c.ThreadPoolTaskScheduler          : Initializing ExecutorService 'taskScheduler'
2020-04-09 13:19:28.993  INFO 93364 --- [    Test worker] o.s.i.endpoint.EventDrivenConsumer       : Adding {logging-channel-adapter:_org.springframework.integration.errorLogger} as a subscriber to the 'errorChannel' channel
2020-04-09 13:19:28.994  INFO 93364 --- [    Test worker] o.s.i.channel.PublishSubscribeChannel    : Channel 'application-1.errorChannel' has 1 subscriber(s).
2020-04-09 13:19:28.994  INFO 93364 --- [    Test worker] o.s.i.endpoint.EventDrivenConsumer       : started bean '_org.springframework.integration.errorLogger'
2020-04-09 13:19:28.994  INFO 93364 --- [    Test worker] o.s.i.endpoint.EventDrivenConsumer       : Adding {filter} as a subscriber to the 'updateSecurityTokenFlow.channel#0' channel
2020-04-09 13:19:28.994  INFO 93364 --- [    Test worker] o.s.integration.channel.DirectChannel    : Channel 'application-1.updateSecurityTokenFlow.channel#0' has 1 subscriber(s).
2020-04-09 13:19:28.994  INFO 93364 --- [    Test worker] o.s.i.endpoint.EventDrivenConsumer       : started bean 'updateSecurityTokenFlow.org.springframework.integration.config.ConsumerEndpointFactoryBean#0'; defined in: 'class path resource [com/corelogic/homevisit/accuservice/AccuConnectConfiguration.class]'; from source: 'bean method updateSecurityTokenFlow'
2020-04-09 13:19:28.994  INFO 93364 --- [    Test worker] o.s.i.endpoint.EventDrivenConsumer       : Adding {delayer} as a subscriber to the 'updateSecurityTokenFlow.channel#1' channel
2020-04-09 13:19:28.994  INFO 93364 --- [    Test worker] o.s.integration.channel.DirectChannel    : Channel 'application-1.updateSecurityTokenFlow.channel#1' has 1 subscriber(s).
2020-04-09 13:19:28.994  INFO 93364 --- [    Test worker] o.s.i.endpoint.EventDrivenConsumer       : started bean 'updateSecurityTokenFlow.org.springframework.integration.config.ConsumerEndpointFactoryBean#1'; defined in: 'class path resource [com/corelogic/homevisit/accuservice/AccuConnectConfiguration.class]'; from source: 'bean method updateSecurityTokenFlow'
2020-04-09 13:19:28.994  INFO 93364 --- [    Test worker] o.s.i.endpoint.EventDrivenConsumer       : Adding {transformer} as a subscriber to the 'updateSecurityTokenFlow.channel#3' channel
2020-04-09 13:19:28.994  INFO 93364 --- [    Test worker] o.s.integration.channel.DirectChannel    : Channel 'application-1.updateSecurityTokenFlow.channel#3' has 1 subscriber(s).
2020-04-09 13:19:28.995  INFO 93364 --- [    Test worker] o.s.i.endpoint.EventDrivenConsumer       : started bean 'updateSecurityTokenFlow.org.springframework.integration.config.ConsumerEndpointFactoryBean#2'; defined in: 'class path resource [com/corelogic/homevisit/accuservice/AccuConnectConfiguration.class]'; from source: 'bean method updateSecurityTokenFlow'
2020-04-09 13:19:28.995  INFO 93364 --- [    Test worker] o.s.i.endpoint.EventDrivenConsumer       : Adding {http:outbound-gateway} as a subscriber to the 'updateSecurityTokenFlow.channel#4' channel
2020-04-09 13:19:28.995  INFO 93364 --- [    Test worker] o.s.integration.channel.DirectChannel    : Channel 'application-1.updateSecurityTokenFlow.channel#4' has 1 subscriber(s).
2020-04-09 13:19:28.995  INFO 93364 --- [    Test worker] o.s.i.endpoint.EventDrivenConsumer       : started bean 'updateSecurityTokenFlow.org.springframework.integration.config.ConsumerEndpointFactoryBean#3'; defined in: 'class path resource [com/corelogic/homevisit/accuservice/AccuConnectConfiguration.class]'; from source: 'bean method updateSecurityTokenFlow'
2020-04-09 13:19:28.995  INFO 93364 --- [    Test worker] o.s.i.endpoint.EventDrivenConsumer       : Adding {filter} as a subscriber to the 'readyForConnectFlow.channel#0' channel
2020-04-09 13:19:28.995  INFO 93364 --- [    Test worker] o.s.integration.channel.DirectChannel    : Channel 'application-1.readyForConnectFlow.channel#0' has 1 subscriber(s).
2020-04-09 13:19:28.995  INFO 93364 --- [    Test worker] o.s.i.endpoint.EventDrivenConsumer       : started bean 'readyForConnectFlow.org.springframework.integration.config.ConsumerEndpointFactoryBean#0'; defined in: 'class path resource [com/corelogic/homevisit/accuservice/AccuConnectConfiguration.class]'; from source: 'bean method readyForConnectFlow'
2020-04-09 13:19:28.995  INFO 93364 --- [    Test worker] o.s.i.endpoint.EventDrivenConsumer       : Adding {filter} as a subscriber to the 'readyForConnectFlow.channel#2' channel
2020-04-09 13:19:28.995  INFO 93364 --- [    Test worker] o.s.integration.channel.DirectChannel    : Channel 'application-1.readyForConnectFlow.channel#2' has 1 subscriber(s).
2020-04-09 13:19:28.995  INFO 93364 --- [    Test worker] o.s.i.endpoint.EventDrivenConsumer       : started bean 'readyForConnectFlow.org.springframework.integration.config.ConsumerEndpointFactoryBean#1'; defined in: 'class path resource [com/corelogic/homevisit/accuservice/AccuConnectConfiguration.class]'; from source: 'bean method readyForConnectFlow'
2020-04-09 13:19:28.995  INFO 93364 --- [    Test worker] o.s.i.endpoint.EventDrivenConsumer       : Adding {splitter} as a subscriber to the 'readyForConnectFlow.channel#5' channel
2020-04-09 13:19:28.995  INFO 93364 --- [    Test worker] o.s.integration.channel.DirectChannel    : Channel 'application-1.readyForConnectFlow.channel#5' has 1 subscriber(s).
2020-04-09 13:19:28.995  INFO 93364 --- [    Test worker] o.s.i.endpoint.EventDrivenConsumer       : started bean 'readyForConnectFlow.org.springframework.integration.config.ConsumerEndpointFactoryBean#2'; defined in: 'class path resource [com/corelogic/homevisit/accuservice/AccuConnectConfiguration.class]'; from source: 'bean method readyForConnectFlow'
2020-04-09 13:19:28.995  INFO 93364 --- [    Test worker] o.s.i.endpoint.EventDrivenConsumer       : Adding {bridge} as a subscriber to the 'toPrintJobResponse' channel
2020-04-09 13:19:28.995  INFO 93364 --- [    Test worker] o.s.i.channel.PublishSubscribeChannel    : Channel 'application-1.toPrintJobResponse' has 1 subscriber(s).
2020-04-09 13:19:28.995  INFO 93364 --- [    Test worker] o.s.i.endpoint.EventDrivenConsumer       : started bean 'processPrintJobRequestFlow.org.springframework.integration.config.ConsumerEndpointFactoryBean#0'; defined in: 'class path resource [com/corelogic/homevisit/accuservice/AccuConnectConfiguration.class]'; from source: 'bean method processPrintJobRequestFlow'
2020-04-09 13:19:28.995  INFO 93364 --- [    Test worker] o.s.i.endpoint.EventDrivenConsumer       : Adding {transformer} as a subscriber to the 'processPrintJobRequestFlow.channel#1' channel
2020-04-09 13:19:28.996  INFO 93364 --- [    Test worker] o.s.integration.channel.DirectChannel    : Channel 'application-1.processPrintJobRequestFlow.channel#1' has 1 subscriber(s).
2020-04-09 13:19:28.996  INFO 93364 --- [    Test worker] o.s.i.endpoint.EventDrivenConsumer       : started bean 'processPrintJobRequestFlow.org.springframework.integration.config.ConsumerEndpointFactoryBean#1'; defined in: 'class path resource [com/corelogic/homevisit/accuservice/AccuConnectConfiguration.class]'; from source: 'bean method processPrintJobRequestFlow'
2020-04-09 13:19:28.996  INFO 93364 --- [    Test worker] o.s.i.endpoint.EventDrivenConsumer       : Adding {header-enricher} as a subscriber to the 'processPrintJobRequestFlow.channel#2' channel
2020-04-09 13:19:28.996  INFO 93364 --- [    Test worker] o.s.integration.channel.DirectChannel    : Channel 'application-1.processPrintJobRequestFlow.channel#2' has 1 subscriber(s).
2020-04-09 13:19:28.996  INFO 93364 --- [    Test worker] o.s.i.endpoint.EventDrivenConsumer       : started bean 'processPrintJobRequestFlow.org.springframework.integration.config.ConsumerEndpointFactoryBean#2'; defined in: 'class path resource [com/corelogic/homevisit/accuservice/AccuConnectConfiguration.class]'; from source: 'bean method processPrintJobRequestFlow'
2020-04-09 13:19:28.996  INFO 93364 --- [    Test worker] o.s.i.endpoint.EventDrivenConsumer       : Adding {bridge} as a subscriber to the 'processPrintJobRequestFlow.channel#4' channel
2020-04-09 13:19:28.996  INFO 93364 --- [    Test worker] o.s.integration.channel.DirectChannel    : Channel 'application-1.processPrintJobRequestFlow.channel#4' has 1 subscriber(s).
2020-04-09 13:19:28.996  INFO 93364 --- [    Test worker] o.s.i.endpoint.EventDrivenConsumer       : started bean 'processPrintJobRequestFlow.org.springframework.integration.config.ConsumerEndpointFactoryBean#3'; defined in: 'class path resource [com/corelogic/homevisit/accuservice/AccuConnectConfiguration.class]'; from source: 'bean method processPrintJobRequestFlow'
2020-04-09 13:19:28.996  INFO 93364 --- [    Test worker] o.s.i.endpoint.EventDrivenConsumer       : Adding {bridge} as a subscriber to the 'toPrintRequestHasError' channel
2020-04-09 13:19:28.996  INFO 93364 --- [    Test worker] o.s.i.channel.PublishSubscribeChannel    : Channel 'application-1.toPrintRequestHasError' has 1 subscriber(s).
2020-04-09 13:19:28.996  INFO 93364 --- [    Test worker] o.s.i.endpoint.EventDrivenConsumer       : started bean 'printRequestHasErrorFlow.org.springframework.integration.config.ConsumerEndpointFactoryBean#0'; defined in: 'class path resource [com/corelogic/homevisit/accuservice/AccuConnectConfiguration.class]'; from source: 'bean method printRequestHasErrorFlow'
2020-04-09 13:19:28.996  INFO 93364 --- [    Test worker] o.s.i.endpoint.EventDrivenConsumer       : Adding {transformer} as a subscriber to the 'printRequestHasErrorFlow.channel#1' channel
2020-04-09 13:19:28.996  INFO 93364 --- [    Test worker] o.s.integration.channel.DirectChannel    : Channel 'application-1.printRequestHasErrorFlow.channel#1' has 1 subscriber(s).
2020-04-09 13:19:28.996  INFO 93364 --- [    Test worker] o.s.i.endpoint.EventDrivenConsumer       : started bean 'printRequestHasErrorFlow.org.springframework.integration.config.ConsumerEndpointFactoryBean#1'; defined in: 'class path resource [com/corelogic/homevisit/accuservice/AccuConnectConfiguration.class]'; from source: 'bean method printRequestHasErrorFlow'
2020-04-09 13:19:28.997  INFO 93364 --- [    Test worker] o.s.i.endpoint.EventDrivenConsumer       : Adding {header-enricher} as a subscriber to the 'printRequestHasErrorFlow.channel#2' channel
2020-04-09 13:19:28.997  INFO 93364 --- [    Test worker] o.s.integration.channel.DirectChannel    : Channel 'application-1.printRequestHasErrorFlow.channel#2' has 1 subscriber(s).
2020-04-09 13:19:28.997  INFO 93364 --- [    Test worker] o.s.i.endpoint.EventDrivenConsumer       : started bean 'printRequestHasErrorFlow.org.springframework.integration.config.ConsumerEndpointFactoryBean#2'; defined in: 'class path resource [com/corelogic/homevisit/accuservice/AccuConnectConfiguration.class]'; from source: 'bean method printRequestHasErrorFlow'
2020-04-09 13:19:28.997  INFO 93364 --- [    Test worker] o.s.i.endpoint.EventDrivenConsumer       : Adding {bridge} as a subscriber to the 'printRequestHasErrorFlow.channel#4' channel
2020-04-09 13:19:28.997  INFO 93364 --- [    Test worker] o.s.integration.channel.DirectChannel    : Channel 'application-1.printRequestHasErrorFlow.channel#4' has 1 subscriber(s).
2020-04-09 13:19:28.997  INFO 93364 --- [    Test worker] o.s.i.endpoint.EventDrivenConsumer       : started bean 'printRequestHasErrorFlow.org.springframework.integration.config.ConsumerEndpointFactoryBean#3'; defined in: 'class path resource [com/corelogic/homevisit/accuservice/AccuConnectConfiguration.class]'; from source: 'bean method printRequestHasErrorFlow'
2020-04-09 13:19:28.997  INFO 93364 --- [    Test worker] o.s.i.endpoint.EventDrivenConsumer       : Adding {filter} as a subscriber to the 'inboundSuccessCallbackFlow.channel#0' channel
2020-04-09 13:19:28.997  INFO 93364 --- [    Test worker] o.s.integration.channel.DirectChannel    : Channel 'application-1.inboundSuccessCallbackFlow.channel#0' has 1 subscriber(s).
2020-04-09 13:19:28.997  INFO 93364 --- [    Test worker] o.s.i.endpoint.EventDrivenConsumer       : started bean 'inboundSuccessCallbackFlow.org.springframework.integration.config.ConsumerEndpointFactoryBean#0'; defined in: 'class path resource [com/corelogic/homevisit/accuservice/AccuConnectConfiguration.class]'; from source: 'bean method inboundSuccessCallbackFlow'
2020-04-09 13:19:28.997  INFO 93364 --- [    Test worker] o.s.i.endpoint.EventDrivenConsumer       : Adding {json-to-object-transformer} as a subscriber to the 'inboundSuccessCallbackFlow.channel#1' channel
2020-04-09 13:19:28.997  INFO 93364 --- [    Test worker] o.s.integration.channel.DirectChannel    : Channel 'application-1.inboundSuccessCallbackFlow.channel#1' has 1 subscriber(s).
2020-04-09 13:19:28.998  INFO 93364 --- [    Test worker] o.s.i.endpoint.EventDrivenConsumer       : started bean 'inboundSuccessCallbackFlow.org.springframework.integration.config.ConsumerEndpointFactoryBean#1'; defined in: 'class path resource [com/corelogic/homevisit/accuservice/AccuConnectConfiguration.class]'; from source: 'bean method inboundSuccessCallbackFlow'
2020-04-09 13:19:28.998  INFO 93364 --- [    Test worker] o.s.i.endpoint.EventDrivenConsumer       : Adding {header-enricher} as a subscriber to the 'inboundSuccessCallbackFlow.channel#2' channel
2020-04-09 13:19:28.998  INFO 93364 --- [    Test worker] o.s.integration.channel.DirectChannel    : Channel 'application-1.inboundSuccessCallbackFlow.channel#2' has 1 subscriber(s).
2020-04-09 13:19:28.998  INFO 93364 --- [    Test worker] o.s.i.endpoint.EventDrivenConsumer       : started bean 'inboundSuccessCallbackFlow.org.springframework.integration.config.ConsumerEndpointFactoryBean#2'; defined in: 'class path resource [com/corelogic/homevisit/accuservice/AccuConnectConfiguration.class]'; from source: 'bean method inboundSuccessCallbackFlow'
2020-04-09 13:19:28.998  INFO 93364 --- [    Test worker] o.s.i.endpoint.EventDrivenConsumer       : Adding {bridge} as a subscriber to the 'inboundSuccessCallbackFlow.channel#4' channel
2020-04-09 13:19:28.998  INFO 93364 --- [    Test worker] o.s.integration.channel.DirectChannel    : Channel 'application-1.inboundSuccessCallbackFlow.channel#4' has 1 subscriber(s).
2020-04-09 13:19:28.998  INFO 93364 --- [    Test worker] o.s.i.endpoint.EventDrivenConsumer       : started bean 'inboundSuccessCallbackFlow.org.springframework.integration.config.ConsumerEndpointFactoryBean#3'; defined in: 'class path resource [com/corelogic/homevisit/accuservice/AccuConnectConfiguration.class]'; from source: 'bean method inboundSuccessCallbackFlow'
2020-04-09 13:19:28.998  INFO 93364 --- [    Test worker] o.s.i.endpoint.EventDrivenConsumer       : Adding {splitter} as a subscriber to the 'printRequestVerificationFlow.channel#0' channel
2020-04-09 13:19:28.998  INFO 93364 --- [    Test worker] o.s.integration.channel.DirectChannel    : Channel 'application-1.printRequestVerificationFlow.channel#0' has 1 subscriber(s).
2020-04-09 13:19:28.998  INFO 93364 --- [    Test worker] o.s.i.endpoint.EventDrivenConsumer       : started bean 'printRequestVerificationFlow.org.springframework.integration.config.ConsumerEndpointFactoryBean#0'; defined in: 'class path resource [com/corelogic/homevisit/accuservice/AccuServiceConfiguration.class]'; from source: 'bean method printRequestVerificationFlow'
2020-04-09 13:19:28.998  INFO 93364 --- [    Test worker] o.s.i.endpoint.EventDrivenConsumer       : Adding {transformer} as a subscriber to the 'printRequestVerificationFlow.channel#1' channel
2020-04-09 13:19:28.998  INFO 93364 --- [    Test worker] o.s.integration.channel.DirectChannel    : Channel 'application-1.printRequestVerificationFlow.channel#1' has 1 subscriber(s).
2020-04-09 13:19:28.999  INFO 93364 --- [    Test worker] o.s.i.endpoint.EventDrivenConsumer       : started bean 'printRequestVerificationFlow.org.springframework.integration.config.ConsumerEndpointFactoryBean#1'; defined in: 'class path resource [com/corelogic/homevisit/accuservice/AccuServiceConfiguration.class]'; from source: 'bean method printRequestVerificationFlow'
2020-04-09 13:19:28.999  INFO 93364 --- [    Test worker] o.s.i.endpoint.EventDrivenConsumer       : Adding {bridge} as a subscriber to the 'printRequestVerificationFlow.channel#3' channel
2020-04-09 13:19:28.999  INFO 93364 --- [    Test worker] o.s.integration.channel.DirectChannel    : Channel 'application-1.printRequestVerificationFlow.channel#3' has 1 subscriber(s).
2020-04-09 13:19:28.999  INFO 93364 --- [    Test worker] o.s.i.endpoint.EventDrivenConsumer       : started bean 'printRequestVerificationFlow.org.springframework.integration.config.ConsumerEndpointFactoryBean#2'; defined in: 'class path resource [com/corelogic/homevisit/accuservice/AccuServiceConfiguration.class]'; from source: 'bean method printRequestVerificationFlow'
2020-04-09 13:19:28.999  INFO 93364 --- [    Test worker] o.s.i.endpoint.EventDrivenConsumer       : Adding {splitter} as a subscriber to the 'checkUploadFlow.channel#0' channel
2020-04-09 13:19:28.999  INFO 93364 --- [    Test worker] o.s.integration.channel.DirectChannel    : Channel 'application-1.checkUploadFlow.channel#0' has 1 subscriber(s).
2020-04-09 13:19:28.999  INFO 93364 --- [    Test worker] o.s.i.endpoint.EventDrivenConsumer       : started bean 'checkUploadFlow.org.springframework.integration.config.ConsumerEndpointFactoryBean#0'; defined in: 'class path resource [com/corelogic/homevisit/accuservice/AccuServiceConfiguration.class]'; from source: 'bean method checkUploadFlow'
2020-04-09 13:19:28.999  INFO 93364 --- [    Test worker] o.s.i.endpoint.EventDrivenConsumer       : Adding {bridge} as a subscriber to the 'checkUploadFlow.channel#2' channel
2020-04-09 13:19:29.000  INFO 93364 --- [    Test worker] o.s.integration.channel.DirectChannel    : Channel 'application-1.checkUploadFlow.channel#2' has 1 subscriber(s).
2020-04-09 13:19:29.000  INFO 93364 --- [    Test worker] o.s.i.endpoint.EventDrivenConsumer       : started bean 'checkUploadFlow.org.springframework.integration.config.ConsumerEndpointFactoryBean#1'; defined in: 'class path resource [com/corelogic/homevisit/accuservice/AccuServiceConfiguration.class]'; from source: 'bean method checkUploadFlow'
2020-04-09 13:19:29.000  INFO 93364 --- [    Test worker] o.s.i.endpoint.EventDrivenConsumer       : Adding {splitter} as a subscriber to the 'updateQuoteFlow.channel#1' channel
2020-04-09 13:19:29.000  INFO 93364 --- [    Test worker] o.s.integration.channel.DirectChannel    : Channel 'application-1.updateQuoteFlow.channel#1' has 1 subscriber(s).
2020-04-09 13:19:29.000  INFO 93364 --- [    Test worker] o.s.i.endpoint.EventDrivenConsumer       : started bean 'updateQuoteFlow.org.springframework.integration.config.ConsumerEndpointFactoryBean#0'; defined in: 'class path resource [com/corelogic/homevisit/accuservice/AccuServiceConfiguration.class]'; from source: 'bean method updateQuoteFlow'
2020-04-09 13:19:29.000  INFO 93364 --- [    Test worker] o.s.i.endpoint.EventDrivenConsumer       : Adding {bridge} as a subscriber to the 'updateQuoteFlow.channel#3' channel
2020-04-09 13:19:29.000  INFO 93364 --- [    Test worker] o.s.integration.channel.DirectChannel    : Channel 'application-1.updateQuoteFlow.channel#3' has 1 subscriber(s).
2020-04-09 13:19:29.000  INFO 93364 --- [    Test worker] o.s.i.endpoint.EventDrivenConsumer       : started bean 'updateQuoteFlow.org.springframework.integration.config.ConsumerEndpointFactoryBean#1'; defined in: 'class path resource [com/corelogic/homevisit/accuservice/AccuServiceConfiguration.class]'; from source: 'bean method updateQuoteFlow'
2020-04-09 13:19:29.000  INFO 93364 --- [    Test worker] o.s.i.endpoint.EventDrivenConsumer       : Adding {splitter} as a subscriber to the 'printRequestCsvJobVerificationFlow.channel#0' channel
2020-04-09 13:19:29.000  INFO 93364 --- [    Test worker] o.s.integration.channel.DirectChannel    : Channel 'application-1.printRequestCsvJobVerificationFlow.channel#0' has 1 subscriber(s).
2020-04-09 13:19:29.000  INFO 93364 --- [    Test worker] o.s.i.endpoint.EventDrivenConsumer       : started bean 'printRequestCsvJobVerificationFlow.org.springframework.integration.config.ConsumerEndpointFactoryBean#0'; defined in: 'class path resource [com/corelogic/homevisit/accuservice/AccuServiceConfiguration.class]'; from source: 'bean method printRequestCsvJobVerificationFlow'
2020-04-09 13:19:29.001  INFO 93364 --- [    Test worker] o.s.i.endpoint.EventDrivenConsumer       : Adding {bridge} as a subscriber to the 'printRequestCsvJobVerificationFlow.channel#2' channel
2020-04-09 13:19:29.001  INFO 93364 --- [    Test worker] o.s.integration.channel.DirectChannel    : Channel 'application-1.printRequestCsvJobVerificationFlow.channel#2' has 1 subscriber(s).
2020-04-09 13:19:29.001  INFO 93364 --- [    Test worker] o.s.i.endpoint.EventDrivenConsumer       : started bean 'printRequestCsvJobVerificationFlow.org.springframework.integration.config.ConsumerEndpointFactoryBean#1'; defined in: 'class path resource [com/corelogic/homevisit/accuservice/AccuServiceConfiguration.class]'; from source: 'bean method printRequestCsvJobVerificationFlow'
2020-04-09 13:19:29.001  INFO 93364 --- [    Test worker] o.s.i.endpoint.EventDrivenConsumer       : Adding {splitter} as a subscriber to the 'printRequestQuoteFlow.channel#0' channel
2020-04-09 13:19:29.001  INFO 93364 --- [    Test worker] o.s.integration.channel.DirectChannel    : Channel 'application-1.printRequestQuoteFlow.channel#0' has 1 subscriber(s).
2020-04-09 13:19:29.001  INFO 93364 --- [    Test worker] o.s.i.endpoint.EventDrivenConsumer       : started bean 'printRequestQuoteFlow.org.springframework.integration.config.ConsumerEndpointFactoryBean#0'; defined in: 'class path resource [com/corelogic/homevisit/accuservice/AccuServiceConfiguration.class]'; from source: 'bean method printRequestQuoteFlow'
2020-04-09 13:19:29.001  INFO 93364 --- [    Test worker] o.s.i.endpoint.EventDrivenConsumer       : Adding {bridge} as a subscriber to the 'printRequestQuoteFlow.channel#2' channel
2020-04-09 13:19:29.001  INFO 93364 --- [    Test worker] o.s.integration.channel.DirectChannel    : Channel 'application-1.printRequestQuoteFlow.channel#2' has 1 subscriber(s).
2020-04-09 13:19:29.001  INFO 93364 --- [    Test worker] o.s.i.endpoint.EventDrivenConsumer       : started bean 'printRequestQuoteFlow.org.springframework.integration.config.ConsumerEndpointFactoryBean#1'; defined in: 'class path resource [com/corelogic/homevisit/accuservice/AccuServiceConfiguration.class]'; from source: 'bean method printRequestQuoteFlow'
2020-04-09 13:19:29.001  INFO 93364 --- [    Test worker] o.s.i.endpoint.EventDrivenConsumer       : Adding {splitter} as a subscriber to the 'printRequestReadyFlow.channel#0' channel
2020-04-09 13:19:29.001  INFO 93364 --- [    Test worker] o.s.integration.channel.DirectChannel    : Channel 'application-1.printRequestReadyFlow.channel#0' has 1 subscriber(s).
2020-04-09 13:19:29.001  INFO 93364 --- [    Test worker] o.s.i.endpoint.EventDrivenConsumer       : started bean 'printRequestReadyFlow.org.springframework.integration.config.ConsumerEndpointFactoryBean#0'; defined in: 'class path resource [com/corelogic/homevisit/accuservice/AccuServiceConfiguration.class]'; from source: 'bean method printRequestReadyFlow'
2020-04-09 13:19:29.001  INFO 93364 --- [    Test worker] o.s.i.endpoint.EventDrivenConsumer       : Adding {bridge} as a subscriber to the 'printRequestReadyFlow.channel#2' channel
2020-04-09 13:19:29.001  INFO 93364 --- [    Test worker] o.s.integration.channel.DirectChannel    : Channel 'application-1.printRequestReadyFlow.channel#2' has 1 subscriber(s).
2020-04-09 13:19:29.001  INFO 93364 --- [    Test worker] o.s.i.endpoint.EventDrivenConsumer       : started bean 'printRequestReadyFlow.org.springframework.integration.config.ConsumerEndpointFactoryBean#1'; defined in: 'class path resource [com/corelogic/homevisit/accuservice/AccuServiceConfiguration.class]'; from source: 'bean method printRequestReadyFlow'
2020-04-09 13:19:29.002  INFO 93364 --- [    Test worker] o.s.i.endpoint.EventDrivenConsumer       : Adding {http:outbound-gateway} as a subscriber to the 'accountInfo.channel#1' channel
2020-04-09 13:19:29.002  INFO 93364 --- [    Test worker] o.s.integration.channel.DirectChannel    : Channel 'application-1.accountInfo.channel#1' has 1 subscriber(s).
2020-04-09 13:19:29.002  INFO 93364 --- [    Test worker] o.s.i.endpoint.EventDrivenConsumer       : started bean 'accountInfo.org.springframework.integration.config.ConsumerEndpointFactoryBean#0'; defined in: 'class path resource [com/corelogic/homevisit/accuservice/AccuServiceConfiguration.class]'; from source: 'bean method accountInfo'
2020-04-09 13:19:29.002  INFO 93364 --- [    Test worker] o.s.i.endpoint.EventDrivenConsumer       : Adding {bridge} as a subscriber to the 'accountInfo.channel#3' channel
2020-04-09 13:19:29.002  INFO 93364 --- [    Test worker] o.s.integration.channel.DirectChannel    : Channel 'application-1.accountInfo.channel#3' has 1 subscriber(s).
2020-04-09 13:19:29.002  INFO 93364 --- [    Test worker] o.s.i.endpoint.EventDrivenConsumer       : started bean 'accountInfo.org.springframework.integration.config.ConsumerEndpointFactoryBean#1'; defined in: 'class path resource [com/corelogic/homevisit/accuservice/AccuServiceConfiguration.class]'; from source: 'bean method accountInfo'
2020-04-09 13:19:29.002  INFO 93364 --- [    Test worker] o.s.i.endpoint.EventDrivenConsumer       : Adding {message-handler:accuConnectConfiguration.updatePrintJobRequestStatus.serviceActivator} as a subscriber to the 'toUpdatePrintJobRequestStatus' channel
2020-04-09 13:19:29.002  INFO 93364 --- [    Test worker] o.s.i.channel.PublishSubscribeChannel    : Channel 'application-1.toUpdatePrintJobRequestStatus' has 1 subscriber(s).
2020-04-09 13:19:29.002  INFO 93364 --- [    Test worker] o.s.i.endpoint.EventDrivenConsumer       : started bean 'accuConnectConfiguration.updatePrintJobRequestStatus.serviceActivator'
2020-04-09 13:19:29.002  INFO 93364 --- [    Test worker] o.s.i.endpoint.EventDrivenConsumer       : Adding {message-handler:accuServiceConfiguration.updatePrintRequestStatusCounter.serviceActivator} as a subscriber to the 'toUpdatePrintRequestStatusCounter' channel
2020-04-09 13:19:29.002  INFO 93364 --- [    Test worker] o.s.i.channel.PublishSubscribeChannel    : Channel 'application-1.toUpdatePrintRequestStatusCounter' has 1 subscriber(s).
2020-04-09 13:19:29.002  INFO 93364 --- [    Test worker] o.s.i.endpoint.EventDrivenConsumer       : started bean 'accuServiceConfiguration.updatePrintRequestStatusCounter.serviceActivator'
2020-04-09 13:19:29.002  INFO 93364 --- [    Test worker] o.s.i.endpoint.EventDrivenConsumer       : Adding {message-handler:accuServiceConfiguration.updatePrintRequestStatus.serviceActivator} as a subscriber to the 'toUpdatePrintRequestStatus' channel
2020-04-09 13:19:29.002  INFO 93364 --- [    Test worker] o.s.i.channel.PublishSubscribeChannel    : Channel 'application-1.toUpdatePrintRequestStatus' has 1 subscriber(s).
2020-04-09 13:19:29.002  INFO 93364 --- [    Test worker] o.s.i.endpoint.EventDrivenConsumer       : started bean 'accuServiceConfiguration.updatePrintRequestStatus.serviceActivator'
2020-04-09 13:19:29.002  INFO 93364 --- [    Test worker] .h.i.HttpRequestHandlingMessagingGateway : started bean 'inboundSuccessCallbackFlow.http:inbound-channel-adapter#0'; defined in: 'class path resource [com/corelogic/homevisit/accuservice/AccuConnectConfiguration.class]'; from source: 'bean method inboundSuccessCallbackFlow'
2020-04-09 13:19:29.003  INFO 93364 --- [    Test worker] o.s.i.e.SourcePollingChannelAdapter      : started bean 'updateSecurityTokenFlow.org.springframework.integration.config.SourcePollingChannelAdapterFactoryBean#0'; defined in: 'class path resource [com/corelogic/homevisit/accuservice/AccuConnectConfiguration.class]'; from source: 'bean method updateSecurityTokenFlow'
2020-04-09 13:19:29.003  INFO 93364 --- [    Test worker] o.s.i.e.SourcePollingChannelAdapter      : started bean 'readyForConnectFlow.org.springframework.integration.config.SourcePollingChannelAdapterFactoryBean#0'; defined in: 'class path resource [com/corelogic/homevisit/accuservice/AccuConnectConfiguration.class]'; from source: 'bean method readyForConnectFlow'
2020-04-09 13:19:29.003  INFO 93364 --- [    Test worker] o.s.i.e.SourcePollingChannelAdapter      : started bean 'printRequestVerificationFlow.org.springframework.integration.config.SourcePollingChannelAdapterFactoryBean#0'; defined in: 'class path resource [com/corelogic/homevisit/accuservice/AccuServiceConfiguration.class]'; from source: 'bean method printRequestVerificationFlow'
2020-04-09 13:19:29.004  INFO 93364 --- [    Test worker] o.s.i.e.SourcePollingChannelAdapter      : started bean 'checkUploadFlow.org.springframework.integration.config.SourcePollingChannelAdapterFactoryBean#0'; defined in: 'class path resource [com/corelogic/homevisit/accuservice/AccuServiceConfiguration.class]'; from source: 'bean method checkUploadFlow'
2020-04-09 13:19:29.005  INFO 93364 --- [    Test worker] o.s.i.e.SourcePollingChannelAdapter      : started bean 'updateQuoteFlow.org.springframework.integration.config.SourcePollingChannelAdapterFactoryBean#0'; defined in: 'class path resource [com/corelogic/homevisit/accuservice/AccuServiceConfiguration.class]'; from source: 'bean method updateQuoteFlow'
2020-04-09 13:19:29.005  INFO 93364 --- [    Test worker] o.s.i.e.SourcePollingChannelAdapter      : started bean 'printRequestCsvJobVerificationFlow.org.springframework.integration.config.SourcePollingChannelAdapterFactoryBean#0'; defined in: 'class path resource [com/corelogic/homevisit/accuservice/AccuServiceConfiguration.class]'; from source: 'bean method printRequestCsvJobVerificationFlow'
2020-04-09 13:19:29.006  INFO 93364 --- [    Test worker] o.s.i.e.SourcePollingChannelAdapter      : started bean 'printRequestQuoteFlow.org.springframework.integration.config.SourcePollingChannelAdapterFactoryBean#0'; defined in: 'class path resource [com/corelogic/homevisit/accuservice/AccuServiceConfiguration.class]'; from source: 'bean method printRequestQuoteFlow'
2020-04-09 13:19:29.007  INFO 93364 --- [    Test worker] o.s.i.e.SourcePollingChannelAdapter      : started bean 'printRequestReadyFlow.org.springframework.integration.config.SourcePollingChannelAdapterFactoryBean#0'; defined in: 'class path resource [com/corelogic/homevisit/accuservice/AccuServiceConfiguration.class]'; from source: 'bean method printRequestReadyFlow'
2020-04-09 13:19:29.007  INFO 93364 --- [    Test worker] o.s.i.e.SourcePollingChannelAdapter      : started bean 'accountInfo.org.springframework.integration.config.SourcePollingChannelAdapterFactoryBean#0'; defined in: 'class path resource [com/corelogic/homevisit/accuservice/AccuServiceConfiguration.class]'; from source: 'bean method accountInfo'
2020-04-09 13:19:29.007  INFO 93364 --- [    Test worker] o.s.s.quartz.SchedulerFactoryBean        : Starting Quartz Scheduler now
2020-04-09 13:19:29.007  INFO 93364 --- [    Test worker] org.quartz.core.QuartzScheduler          : Scheduler quartzScheduler_$_NON_CLUSTERED started.
2020-04-09 13:19:29.011  INFO 93364 --- [ask-scheduler-7] o.s.integration.handler.LoggingHandler   : ACCUZIP QUOTE Request for printRequest id 11 accu guid ASDF-QWER-ZXVV-1234
2020-04-09 13:19:29.011  INFO 93364 --- [ask-scheduler-3] o.s.integration.handler.LoggingHandler   : ACCUZIP CSVUP PrintRequest to validate GenericMessage [payload=8, headers={sequenceNumber=1, correlationId=641e1f64-97b7-5f8f-e992-ad41585dcc25, id=a08c94f8-810b-4e7a-7295-928180607990, sequenceSize=2, timestamp=1586452769011}]
2020-04-09 13:19:29.012  INFO 93364 --- [ask-scheduler-6] o.s.integration.handler.LoggingHandler   : ACCUZIP REQ Request cass and dedup for printRequest id 9 accu guid accu-guid-req-job
2020-04-09 13:19:29.012  INFO 93364 --- [ask-scheduler-7] o.s.integration.handler.LoggingHandler   : ACCUZIP QUOTE Request for printRequest id 12 accu guid 1212-QWER-ZXVV-1234
2020-04-09 13:19:29.012  INFO 93364 --- [ask-scheduler-7] o.s.integration.handler.LoggingHandler   : ACCUZIP QUOTE Request for printRequest id 13 accu guid 1111-3333-ZXVV-1234
2020-04-09 13:19:29.012  INFO 93364 --- [ask-scheduler-3] o.s.integration.handler.LoggingHandler   : ACCUZIP CSVUP PrintRequest to validate GenericMessage [payload=10, headers={sequenceNumber=2, correlationId=641e1f64-97b7-5f8f-e992-ad41585dcc25, id=a60e4ae0-2dbf-7abb-4390-c8f9a23726fe, sequenceSize=2, timestamp=1586452769012}]
2020-04-09 13:19:29.013  INFO 93364 --- [ask-scheduler-7] o.s.integration.handler.LoggingHandler   : ACCUZIP QUOTE Request for printRequest id 1012 accu guid BAD-NUM-ZXVV-1234
2020-04-09 13:19:29.314  INFO 93364 --- [ask-scheduler-4] o.s.integration.handler.LoggingHandler   : ACCUCONNECT SEC token is expired SecurityTokenHolder{ expired = true, TTL (sec) = 0, tokenIssuedAt=2020-04-09T13:19:27.751930, token=null}
2020-04-09 13:19:29.352  INFO 93364 --- [    Test worker] o.s.b.w.embedded.tomcat.TomcatWebServer  : Tomcat started on port(s): 18443 (https) 18087 (http) with context path ''
2020-04-09 13:19:29.353  INFO 93364 --- [io-18087-exec-1] o.a.c.c.C.[Tomcat].[localhost].[/]       : Initializing Spring DispatcherServlet 'dispatcherServlet'
2020-04-09 13:19:29.353  INFO 93364 --- [io-18087-exec-1] o.s.web.servlet.DispatcherServlet        : Initializing Servlet 'dispatcherServlet'
2020-04-09 13:19:29.356  INFO 93364 --- [    Test worker] c.c.h.a.AccuConnectFlowSourceTest        : Started AccuConnectFlowSourceTest in 3.105 seconds (JVM running for 16.317)
2020-04-09 13:19:29.367  INFO 93364 --- [io-18087-exec-1] o.s.web.servlet.DispatcherServlet        : Completed initialization in 14 ms
2020-04-09 13:19:29.673  INFO 93364 --- [ask-scheduler-1] o.s.integration.handler.LoggingHandler   : ACCUCONNECT SEC token is expired SecurityTokenHolder{ expired = true, TTL (sec) = 0, tokenIssuedAt=2020-04-09T13:19:27.751930, token=null}
2020-04-09 13:19:29.710  INFO 93364 --- [    Test worker] org.quartz.core.QuartzScheduler          : Scheduler quartzScheduler_$_NON_CLUSTERED paused.
2020-04-09 13:19:29.710  INFO 93364 --- [    Test worker] o.s.i.e.SourcePollingChannelAdapter      : stopped bean 'updateSecurityTokenFlow.org.springframework.integration.config.SourcePollingChannelAdapterFactoryBean#0'; defined in: 'class path resource [com/corelogic/homevisit/accuservice/AccuConnectConfiguration.class]'; from source: 'bean method updateSecurityTokenFlow'
2020-04-09 13:19:29.710  INFO 93364 --- [    Test worker] o.s.i.e.SourcePollingChannelAdapter      : stopped bean 'readyForConnectFlow.org.springframework.integration.config.SourcePollingChannelAdapterFactoryBean#0'; defined in: 'class path resource [com/corelogic/homevisit/accuservice/AccuConnectConfiguration.class]'; from source: 'bean method readyForConnectFlow'
2020-04-09 13:19:29.711  INFO 93364 --- [    Test worker] o.s.i.e.SourcePollingChannelAdapter      : stopped bean 'printRequestVerificationFlow.org.springframework.integration.config.SourcePollingChannelAdapterFactoryBean#0'; defined in: 'class path resource [com/corelogic/homevisit/accuservice/AccuServiceConfiguration.class]'; from source: 'bean method printRequestVerificationFlow'
2020-04-09 13:19:29.711  INFO 93364 --- [    Test worker] o.s.i.e.SourcePollingChannelAdapter      : stopped bean 'checkUploadFlow.org.springframework.integration.config.SourcePollingChannelAdapterFactoryBean#0'; defined in: 'class path resource [com/corelogic/homevisit/accuservice/AccuServiceConfiguration.class]'; from source: 'bean method checkUploadFlow'
2020-04-09 13:19:29.711  INFO 93364 --- [    Test worker] o.s.i.e.SourcePollingChannelAdapter      : stopped bean 'updateQuoteFlow.org.springframework.integration.config.SourcePollingChannelAdapterFactoryBean#0'; defined in: 'class path resource [com/corelogic/homevisit/accuservice/AccuServiceConfiguration.class]'; from source: 'bean method updateQuoteFlow'
2020-04-09 13:19:29.711  INFO 93364 --- [    Test worker] o.s.i.e.SourcePollingChannelAdapter      : stopped bean 'printRequestCsvJobVerificationFlow.org.springframework.integration.config.SourcePollingChannelAdapterFactoryBean#0'; defined in: 'class path resource [com/corelogic/homevisit/accuservice/AccuServiceConfiguration.class]'; from source: 'bean method printRequestCsvJobVerificationFlow'
2020-04-09 13:19:29.711  INFO 93364 --- [    Test worker] o.s.i.e.SourcePollingChannelAdapter      : stopped bean 'printRequestQuoteFlow.org.springframework.integration.config.SourcePollingChannelAdapterFactoryBean#0'; defined in: 'class path resource [com/corelogic/homevisit/accuservice/AccuServiceConfiguration.class]'; from source: 'bean method printRequestQuoteFlow'
2020-04-09 13:19:29.711  INFO 93364 --- [    Test worker] o.s.i.e.SourcePollingChannelAdapter      : stopped bean 'printRequestReadyFlow.org.springframework.integration.config.SourcePollingChannelAdapterFactoryBean#0'; defined in: 'class path resource [com/corelogic/homevisit/accuservice/AccuServiceConfiguration.class]'; from source: 'bean method printRequestReadyFlow'
2020-04-09 13:19:29.711  INFO 93364 --- [    Test worker] o.s.i.e.SourcePollingChannelAdapter      : stopped bean 'accountInfo.org.springframework.integration.config.SourcePollingChannelAdapterFactoryBean#0'; defined in: 'class path resource [com/corelogic/homevisit/accuservice/AccuServiceConfiguration.class]'; from source: 'bean method accountInfo'
2020-04-09 13:19:29.711  INFO 93364 --- [    Test worker] o.s.i.endpoint.EventDrivenConsumer       : Removing {filter} as a subscriber to the 'updateSecurityTokenFlow.channel#0' channel
2020-04-09 13:19:29.711  INFO 93364 --- [    Test worker] o.s.integration.channel.DirectChannel    : Channel 'application-1.updateSecurityTokenFlow.channel#0' has 0 subscriber(s).
2020-04-09 13:19:29.711  INFO 93364 --- [    Test worker] o.s.i.endpoint.EventDrivenConsumer       : stopped bean 'updateSecurityTokenFlow.org.springframework.integration.config.ConsumerEndpointFactoryBean#0'; defined in: 'class path resource [com/corelogic/homevisit/accuservice/AccuConnectConfiguration.class]'; from source: 'bean method updateSecurityTokenFlow'
2020-04-09 13:19:29.711  INFO 93364 --- [    Test worker] o.s.i.endpoint.EventDrivenConsumer       : Removing {delayer} as a subscriber to the 'updateSecurityTokenFlow.channel#1' channel
2020-04-09 13:19:29.711  INFO 93364 --- [    Test worker] o.s.integration.channel.DirectChannel    : Channel 'application-1.updateSecurityTokenFlow.channel#1' has 0 subscriber(s).
2020-04-09 13:19:29.711  INFO 93364 --- [    Test worker] o.s.i.endpoint.EventDrivenConsumer       : stopped bean 'updateSecurityTokenFlow.org.springframework.integration.config.ConsumerEndpointFactoryBean#1'; defined in: 'class path resource [com/corelogic/homevisit/accuservice/AccuConnectConfiguration.class]'; from source: 'bean method updateSecurityTokenFlow'
2020-04-09 13:19:29.711  INFO 93364 --- [    Test worker] o.s.i.endpoint.EventDrivenConsumer       : Removing {transformer} as a subscriber to the 'updateSecurityTokenFlow.channel#3' channel
2020-04-09 13:19:29.711  INFO 93364 --- [    Test worker] o.s.integration.channel.DirectChannel    : Channel 'application-1.updateSecurityTokenFlow.channel#3' has 0 subscriber(s).
2020-04-09 13:19:29.711  INFO 93364 --- [    Test worker] o.s.i.endpoint.EventDrivenConsumer       : stopped bean 'updateSecurityTokenFlow.org.springframework.integration.config.ConsumerEndpointFactoryBean#2'; defined in: 'class path resource [com/corelogic/homevisit/accuservice/AccuConnectConfiguration.class]'; from source: 'bean method updateSecurityTokenFlow'
2020-04-09 13:19:29.711  INFO 93364 --- [    Test worker] o.s.i.endpoint.EventDrivenConsumer       : Removing {http:outbound-gateway} as a subscriber to the 'updateSecurityTokenFlow.channel#4' channel
2020-04-09 13:19:29.711  INFO 93364 --- [    Test worker] o.s.integration.channel.DirectChannel    : Channel 'application-1.updateSecurityTokenFlow.channel#4' has 0 subscriber(s).
2020-04-09 13:19:29.711  INFO 93364 --- [    Test worker] o.s.i.endpoint.EventDrivenConsumer       : stopped bean 'updateSecurityTokenFlow.org.springframework.integration.config.ConsumerEndpointFactoryBean#3'; defined in: 'class path resource [com/corelogic/homevisit/accuservice/AccuConnectConfiguration.class]'; from source: 'bean method updateSecurityTokenFlow'
2020-04-09 13:19:29.711  INFO 93364 --- [    Test worker] o.s.i.endpoint.EventDrivenConsumer       : Removing {filter} as a subscriber to the 'readyForConnectFlow.channel#0' channel
2020-04-09 13:19:29.711  INFO 93364 --- [    Test worker] o.s.integration.channel.DirectChannel    : Channel 'application-1.readyForConnectFlow.channel#0' has 0 subscriber(s).
2020-04-09 13:19:29.711  INFO 93364 --- [    Test worker] o.s.i.endpoint.EventDrivenConsumer       : stopped bean 'readyForConnectFlow.org.springframework.integration.config.ConsumerEndpointFactoryBean#0'; defined in: 'class path resource [com/corelogic/homevisit/accuservice/AccuConnectConfiguration.class]'; from source: 'bean method readyForConnectFlow'
2020-04-09 13:19:29.711  INFO 93364 --- [    Test worker] o.s.i.endpoint.EventDrivenConsumer       : Removing {filter} as a subscriber to the 'readyForConnectFlow.channel#2' channel
2020-04-09 13:19:29.711  INFO 93364 --- [    Test worker] o.s.integration.channel.DirectChannel    : Channel 'application-1.readyForConnectFlow.channel#2' has 0 subscriber(s).
2020-04-09 13:19:29.711  INFO 93364 --- [    Test worker] o.s.i.endpoint.EventDrivenConsumer       : stopped bean 'readyForConnectFlow.org.springframework.integration.config.ConsumerEndpointFactoryBean#1'; defined in: 'class path resource [com/corelogic/homevisit/accuservice/AccuConnectConfiguration.class]'; from source: 'bean method readyForConnectFlow'
2020-04-09 13:19:29.712  INFO 93364 --- [    Test worker] o.s.i.endpoint.EventDrivenConsumer       : Removing {splitter} as a subscriber to the 'readyForConnectFlow.channel#5' channel
2020-04-09 13:19:29.712  INFO 93364 --- [    Test worker] o.s.integration.channel.DirectChannel    : Channel 'application-1.readyForConnectFlow.channel#5' has 0 subscriber(s).
2020-04-09 13:19:29.712  INFO 93364 --- [    Test worker] o.s.i.endpoint.EventDrivenConsumer       : stopped bean 'readyForConnectFlow.org.springframework.integration.config.ConsumerEndpointFactoryBean#2'; defined in: 'class path resource [com/corelogic/homevisit/accuservice/AccuConnectConfiguration.class]'; from source: 'bean method readyForConnectFlow'
2020-04-09 13:19:29.712  INFO 93364 --- [    Test worker] o.s.i.endpoint.EventDrivenConsumer       : Removing {bridge} as a subscriber to the 'toPrintJobResponse' channel
2020-04-09 13:19:29.712  INFO 93364 --- [    Test worker] o.s.i.channel.PublishSubscribeChannel    : Channel 'application-1.toPrintJobResponse' has 0 subscriber(s).
2020-04-09 13:19:29.712  INFO 93364 --- [    Test worker] o.s.i.endpoint.EventDrivenConsumer       : stopped bean 'processPrintJobRequestFlow.org.springframework.integration.config.ConsumerEndpointFactoryBean#0'; defined in: 'class path resource [com/corelogic/homevisit/accuservice/AccuConnectConfiguration.class]'; from source: 'bean method processPrintJobRequestFlow'
2020-04-09 13:19:29.712  INFO 93364 --- [    Test worker] o.s.i.endpoint.EventDrivenConsumer       : Removing {transformer} as a subscriber to the 'processPrintJobRequestFlow.channel#1' channel
2020-04-09 13:19:29.712  INFO 93364 --- [    Test worker] o.s.integration.channel.DirectChannel    : Channel 'application-1.processPrintJobRequestFlow.channel#1' has 0 subscriber(s).
2020-04-09 13:19:29.712  INFO 93364 --- [    Test worker] o.s.i.endpoint.EventDrivenConsumer       : stopped bean 'processPrintJobRequestFlow.org.springframework.integration.config.ConsumerEndpointFactoryBean#1'; defined in: 'class path resource [com/corelogic/homevisit/accuservice/AccuConnectConfiguration.class]'; from source: 'bean method processPrintJobRequestFlow'
2020-04-09 13:19:29.712  INFO 93364 --- [    Test worker] o.s.i.endpoint.EventDrivenConsumer       : Removing {header-enricher} as a subscriber to the 'processPrintJobRequestFlow.channel#2' channel
2020-04-09 13:19:29.712  INFO 93364 --- [    Test worker] o.s.integration.channel.DirectChannel    : Channel 'application-1.processPrintJobRequestFlow.channel#2' has 0 subscriber(s).
2020-04-09 13:19:29.712  INFO 93364 --- [    Test worker] o.s.i.endpoint.EventDrivenConsumer       : stopped bean 'processPrintJobRequestFlow.org.springframework.integration.config.ConsumerEndpointFactoryBean#2'; defined in: 'class path resource [com/corelogic/homevisit/accuservice/AccuConnectConfiguration.class]'; from source: 'bean method processPrintJobRequestFlow'
2020-04-09 13:19:29.712  INFO 93364 --- [    Test worker] o.s.i.endpoint.EventDrivenConsumer       : Removing {bridge} as a subscriber to the 'processPrintJobRequestFlow.channel#4' channel
2020-04-09 13:19:29.712  INFO 93364 --- [    Test worker] o.s.integration.channel.DirectChannel    : Channel 'application-1.processPrintJobRequestFlow.channel#4' has 0 subscriber(s).
2020-04-09 13:19:29.712  INFO 93364 --- [    Test worker] o.s.i.endpoint.EventDrivenConsumer       : stopped bean 'processPrintJobRequestFlow.org.springframework.integration.config.ConsumerEndpointFactoryBean#3'; defined in: 'class path resource [com/corelogic/homevisit/accuservice/AccuConnectConfiguration.class]'; from source: 'bean method processPrintJobRequestFlow'
2020-04-09 13:19:29.712  INFO 93364 --- [    Test worker] o.s.i.endpoint.EventDrivenConsumer       : Removing {bridge} as a subscriber to the 'toPrintRequestHasError' channel
2020-04-09 13:19:29.712  INFO 93364 --- [    Test worker] o.s.i.channel.PublishSubscribeChannel    : Channel 'application-1.toPrintRequestHasError' has 0 subscriber(s).
2020-04-09 13:19:29.712  INFO 93364 --- [    Test worker] o.s.i.endpoint.EventDrivenConsumer       : stopped bean 'printRequestHasErrorFlow.org.springframework.integration.config.ConsumerEndpointFactoryBean#0'; defined in: 'class path resource [com/corelogic/homevisit/accuservice/AccuConnectConfiguration.class]'; from source: 'bean method printRequestHasErrorFlow'
2020-04-09 13:19:29.712  INFO 93364 --- [    Test worker] o.s.i.endpoint.EventDrivenConsumer       : Removing {transformer} as a subscriber to the 'printRequestHasErrorFlow.channel#1' channel
2020-04-09 13:19:29.712  INFO 93364 --- [    Test worker] o.s.integration.channel.DirectChannel    : Channel 'application-1.printRequestHasErrorFlow.channel#1' has 0 subscriber(s).
2020-04-09 13:19:29.712  INFO 93364 --- [    Test worker] o.s.i.endpoint.EventDrivenConsumer       : stopped bean 'printRequestHasErrorFlow.org.springframework.integration.config.ConsumerEndpointFactoryBean#1'; defined in: 'class path resource [com/corelogic/homevisit/accuservice/AccuConnectConfiguration.class]'; from source: 'bean method printRequestHasErrorFlow'
2020-04-09 13:19:29.712  INFO 93364 --- [    Test worker] o.s.i.endpoint.EventDrivenConsumer       : Removing {header-enricher} as a subscriber to the 'printRequestHasErrorFlow.channel#2' channel
2020-04-09 13:19:29.712  INFO 93364 --- [    Test worker] o.s.integration.channel.DirectChannel    : Channel 'application-1.printRequestHasErrorFlow.channel#2' has 0 subscriber(s).
2020-04-09 13:19:29.712  INFO 93364 --- [    Test worker] o.s.i.endpoint.EventDrivenConsumer       : stopped bean 'printRequestHasErrorFlow.org.springframework.integration.config.ConsumerEndpointFactoryBean#2'; defined in: 'class path resource [com/corelogic/homevisit/accuservice/AccuConnectConfiguration.class]'; from source: 'bean method printRequestHasErrorFlow'
2020-04-09 13:19:29.712  INFO 93364 --- [    Test worker] o.s.i.endpoint.EventDrivenConsumer       : Removing {bridge} as a subscriber to the 'printRequestHasErrorFlow.channel#4' channel
2020-04-09 13:19:29.712  INFO 93364 --- [    Test worker] o.s.integration.channel.DirectChannel    : Channel 'application-1.printRequestHasErrorFlow.channel#4' has 0 subscriber(s).
2020-04-09 13:19:29.712  INFO 93364 --- [    Test worker] o.s.i.endpoint.EventDrivenConsumer       : stopped bean 'printRequestHasErrorFlow.org.springframework.integration.config.ConsumerEndpointFactoryBean#3'; defined in: 'class path resource [com/corelogic/homevisit/accuservice/AccuConnectConfiguration.class]'; from source: 'bean method printRequestHasErrorFlow'
2020-04-09 13:19:29.713  INFO 93364 --- [    Test worker] .h.i.HttpRequestHandlingMessagingGateway : stopped bean 'inboundSuccessCallbackFlow.http:inbound-channel-adapter#0'; defined in: 'class path resource [com/corelogic/homevisit/accuservice/AccuConnectConfiguration.class]'; from source: 'bean method inboundSuccessCallbackFlow'
2020-04-09 13:19:29.713  INFO 93364 --- [    Test worker] o.s.i.endpoint.EventDrivenConsumer       : Removing {filter} as a subscriber to the 'inboundSuccessCallbackFlow.channel#0' channel
2020-04-09 13:19:29.713  INFO 93364 --- [    Test worker] o.s.integration.channel.DirectChannel    : Channel 'application-1.inboundSuccessCallbackFlow.channel#0' has 0 subscriber(s).
2020-04-09 13:19:29.713  INFO 93364 --- [    Test worker] o.s.i.endpoint.EventDrivenConsumer       : stopped bean 'inboundSuccessCallbackFlow.org.springframework.integration.config.ConsumerEndpointFactoryBean#0'; defined in: 'class path resource [com/corelogic/homevisit/accuservice/AccuConnectConfiguration.class]'; from source: 'bean method inboundSuccessCallbackFlow'
2020-04-09 13:19:29.713  INFO 93364 --- [    Test worker] o.s.i.endpoint.EventDrivenConsumer       : Removing {json-to-object-transformer} as a subscriber to the 'inboundSuccessCallbackFlow.channel#1' channel
2020-04-09 13:19:29.713  INFO 93364 --- [    Test worker] o.s.integration.channel.DirectChannel    : Channel 'application-1.inboundSuccessCallbackFlow.channel#1' has 0 subscriber(s).
2020-04-09 13:19:29.713  INFO 93364 --- [    Test worker] o.s.i.endpoint.EventDrivenConsumer       : stopped bean 'inboundSuccessCallbackFlow.org.springframework.integration.config.ConsumerEndpointFactoryBean#1'; defined in: 'class path resource [com/corelogic/homevisit/accuservice/AccuConnectConfiguration.class]'; from source: 'bean method inboundSuccessCallbackFlow'
2020-04-09 13:19:29.713  INFO 93364 --- [    Test worker] o.s.i.endpoint.EventDrivenConsumer       : Removing {header-enricher} as a subscriber to the 'inboundSuccessCallbackFlow.channel#2' channel
2020-04-09 13:19:29.713  INFO 93364 --- [    Test worker] o.s.integration.channel.DirectChannel    : Channel 'application-1.inboundSuccessCallbackFlow.channel#2' has 0 subscriber(s).
2020-04-09 13:19:29.713  INFO 93364 --- [    Test worker] o.s.i.endpoint.EventDrivenConsumer       : stopped bean 'inboundSuccessCallbackFlow.org.springframework.integration.config.ConsumerEndpointFactoryBean#2'; defined in: 'class path resource [com/corelogic/homevisit/accuservice/AccuConnectConfiguration.class]'; from source: 'bean method inboundSuccessCallbackFlow'
2020-04-09 13:19:29.713  INFO 93364 --- [    Test worker] o.s.i.endpoint.EventDrivenConsumer       : Removing {bridge} as a subscriber to the 'inboundSuccessCallbackFlow.channel#4' channel
2020-04-09 13:19:29.713  INFO 93364 --- [    Test worker] o.s.integration.channel.DirectChannel    : Channel 'application-1.inboundSuccessCallbackFlow.channel#4' has 0 subscriber(s).
2020-04-09 13:19:29.713  INFO 93364 --- [    Test worker] o.s.i.endpoint.EventDrivenConsumer       : stopped bean 'inboundSuccessCallbackFlow.org.springframework.integration.config.ConsumerEndpointFactoryBean#3'; defined in: 'class path resource [com/corelogic/homevisit/accuservice/AccuConnectConfiguration.class]'; from source: 'bean method inboundSuccessCallbackFlow'
2020-04-09 13:19:29.713  INFO 93364 --- [    Test worker] o.s.i.endpoint.EventDrivenConsumer       : Removing {splitter} as a subscriber to the 'printRequestVerificationFlow.channel#0' channel
2020-04-09 13:19:29.713  INFO 93364 --- [    Test worker] o.s.integration.channel.DirectChannel    : Channel 'application-1.printRequestVerificationFlow.channel#0' has 0 subscriber(s).
2020-04-09 13:19:29.713  INFO 93364 --- [    Test worker] o.s.i.endpoint.EventDrivenConsumer       : stopped bean 'printRequestVerificationFlow.org.springframework.integration.config.ConsumerEndpointFactoryBean#0'; defined in: 'class path resource [com/corelogic/homevisit/accuservice/AccuServiceConfiguration.class]'; from source: 'bean method printRequestVerificationFlow'
2020-04-09 13:19:29.713  INFO 93364 --- [    Test worker] o.s.i.endpoint.EventDrivenConsumer       : Removing {transformer} as a subscriber to the 'printRequestVerificationFlow.channel#1' channel
2020-04-09 13:19:29.713  INFO 93364 --- [    Test worker] o.s.integration.channel.DirectChannel    : Channel 'application-1.printRequestVerificationFlow.channel#1' has 0 subscriber(s).
2020-04-09 13:19:29.713  INFO 93364 --- [    Test worker] o.s.i.endpoint.EventDrivenConsumer       : stopped bean 'printRequestVerificationFlow.org.springframework.integration.config.ConsumerEndpointFactoryBean#1'; defined in: 'class path resource [com/corelogic/homevisit/accuservice/AccuServiceConfiguration.class]'; from source: 'bean method printRequestVerificationFlow'
2020-04-09 13:19:29.713  INFO 93364 --- [    Test worker] o.s.i.endpoint.EventDrivenConsumer       : Removing {bridge} as a subscriber to the 'printRequestVerificationFlow.channel#3' channel
2020-04-09 13:19:29.713  INFO 93364 --- [    Test worker] o.s.integration.channel.DirectChannel    : Channel 'application-1.printRequestVerificationFlow.channel#3' has 0 subscriber(s).
2020-04-09 13:19:29.713  INFO 93364 --- [    Test worker] o.s.i.endpoint.EventDrivenConsumer       : stopped bean 'printRequestVerificationFlow.org.springframework.integration.config.ConsumerEndpointFactoryBean#2'; defined in: 'class path resource [com/corelogic/homevisit/accuservice/AccuServiceConfiguration.class]'; from source: 'bean method printRequestVerificationFlow'
2020-04-09 13:19:29.713  INFO 93364 --- [    Test worker] o.s.i.endpoint.EventDrivenConsumer       : Removing {splitter} as a subscriber to the 'checkUploadFlow.channel#0' channel
2020-04-09 13:19:29.713  INFO 93364 --- [    Test worker] o.s.integration.channel.DirectChannel    : Channel 'application-1.checkUploadFlow.channel#0' has 0 subscriber(s).
2020-04-09 13:19:29.713  INFO 93364 --- [    Test worker] o.s.i.endpoint.EventDrivenConsumer       : stopped bean 'checkUploadFlow.org.springframework.integration.config.ConsumerEndpointFactoryBean#0'; defined in: 'class path resource [com/corelogic/homevisit/accuservice/AccuServiceConfiguration.class]'; from source: 'bean method checkUploadFlow'
2020-04-09 13:19:29.713  INFO 93364 --- [    Test worker] o.s.i.endpoint.EventDrivenConsumer       : Removing {bridge} as a subscriber to the 'checkUploadFlow.channel#2' channel
2020-04-09 13:19:29.713  INFO 93364 --- [    Test worker] o.s.integration.channel.DirectChannel    : Channel 'application-1.checkUploadFlow.channel#2' has 0 subscriber(s).
2020-04-09 13:19:29.713  INFO 93364 --- [    Test worker] o.s.i.endpoint.EventDrivenConsumer       : stopped bean 'checkUploadFlow.org.springframework.integration.config.ConsumerEndpointFactoryBean#1'; defined in: 'class path resource [com/corelogic/homevisit/accuservice/AccuServiceConfiguration.class]'; from source: 'bean method checkUploadFlow'
2020-04-09 13:19:29.713  INFO 93364 --- [    Test worker] o.s.i.endpoint.EventDrivenConsumer       : Removing {splitter} as a subscriber to the 'updateQuoteFlow.channel#1' channel
2020-04-09 13:19:29.713  INFO 93364 --- [    Test worker] o.s.integration.channel.DirectChannel    : Channel 'application-1.updateQuoteFlow.channel#1' has 0 subscriber(s).
2020-04-09 13:19:29.714  INFO 93364 --- [    Test worker] o.s.i.endpoint.EventDrivenConsumer       : stopped bean 'updateQuoteFlow.org.springframework.integration.config.ConsumerEndpointFactoryBean#0'; defined in: 'class path resource [com/corelogic/homevisit/accuservice/AccuServiceConfiguration.class]'; from source: 'bean method updateQuoteFlow'
2020-04-09 13:19:29.714  INFO 93364 --- [    Test worker] o.s.i.endpoint.EventDrivenConsumer       : Removing {bridge} as a subscriber to the 'updateQuoteFlow.channel#3' channel
2020-04-09 13:19:29.714  INFO 93364 --- [    Test worker] o.s.integration.channel.DirectChannel    : Channel 'application-1.updateQuoteFlow.channel#3' has 0 subscriber(s).
2020-04-09 13:19:29.714  INFO 93364 --- [    Test worker] o.s.i.endpoint.EventDrivenConsumer       : stopped bean 'updateQuoteFlow.org.springframework.integration.config.ConsumerEndpointFactoryBean#1'; defined in: 'class path resource [com/corelogic/homevisit/accuservice/AccuServiceConfiguration.class]'; from source: 'bean method updateQuoteFlow'
2020-04-09 13:19:29.714  INFO 93364 --- [    Test worker] o.s.i.endpoint.EventDrivenConsumer       : Removing {splitter} as a subscriber to the 'printRequestCsvJobVerificationFlow.channel#0' channel
2020-04-09 13:19:29.714  INFO 93364 --- [    Test worker] o.s.integration.channel.DirectChannel    : Channel 'application-1.printRequestCsvJobVerificationFlow.channel#0' has 0 subscriber(s).
2020-04-09 13:19:29.714  INFO 93364 --- [    Test worker] o.s.i.endpoint.EventDrivenConsumer       : stopped bean 'printRequestCsvJobVerificationFlow.org.springframework.integration.config.ConsumerEndpointFactoryBean#0'; defined in: 'class path resource [com/corelogic/homevisit/accuservice/AccuServiceConfiguration.class]'; from source: 'bean method printRequestCsvJobVerificationFlow'
2020-04-09 13:19:29.714  INFO 93364 --- [    Test worker] o.s.i.endpoint.EventDrivenConsumer       : Removing {bridge} as a subscriber to the 'printRequestCsvJobVerificationFlow.channel#2' channel
2020-04-09 13:19:29.714  INFO 93364 --- [    Test worker] o.s.integration.channel.DirectChannel    : Channel 'application-1.printRequestCsvJobVerificationFlow.channel#2' has 0 subscriber(s).
2020-04-09 13:19:29.714  INFO 93364 --- [    Test worker] o.s.i.endpoint.EventDrivenConsumer       : stopped bean 'printRequestCsvJobVerificationFlow.org.springframework.integration.config.ConsumerEndpointFactoryBean#1'; defined in: 'class path resource [com/corelogic/homevisit/accuservice/AccuServiceConfiguration.class]'; from source: 'bean method printRequestCsvJobVerificationFlow'
2020-04-09 13:19:29.714  INFO 93364 --- [    Test worker] o.s.i.endpoint.EventDrivenConsumer       : Removing {splitter} as a subscriber to the 'printRequestQuoteFlow.channel#0' channel
2020-04-09 13:19:29.714  INFO 93364 --- [    Test worker] o.s.integration.channel.DirectChannel    : Channel 'application-1.printRequestQuoteFlow.channel#0' has 0 subscriber(s).
2020-04-09 13:19:29.714  INFO 93364 --- [    Test worker] o.s.i.endpoint.EventDrivenConsumer       : stopped bean 'printRequestQuoteFlow.org.springframework.integration.config.ConsumerEndpointFactoryBean#0'; defined in: 'class path resource [com/corelogic/homevisit/accuservice/AccuServiceConfiguration.class]'; from source: 'bean method printRequestQuoteFlow'
2020-04-09 13:19:29.714  INFO 93364 --- [    Test worker] o.s.i.endpoint.EventDrivenConsumer       : Removing {bridge} as a subscriber to the 'printRequestQuoteFlow.channel#2' channel
2020-04-09 13:19:29.714  INFO 93364 --- [    Test worker] o.s.integration.channel.DirectChannel    : Channel 'application-1.printRequestQuoteFlow.channel#2' has 0 subscriber(s).
2020-04-09 13:19:29.714  INFO 93364 --- [    Test worker] o.s.i.endpoint.EventDrivenConsumer       : stopped bean 'printRequestQuoteFlow.org.springframework.integration.config.ConsumerEndpointFactoryBean#1'; defined in: 'class path resource [com/corelogic/homevisit/accuservice/AccuServiceConfiguration.class]'; from source: 'bean method printRequestQuoteFlow'
2020-04-09 13:19:29.714  INFO 93364 --- [    Test worker] o.s.i.endpoint.EventDrivenConsumer       : Removing {splitter} as a subscriber to the 'printRequestReadyFlow.channel#0' channel
2020-04-09 13:19:29.714  INFO 93364 --- [    Test worker] o.s.integration.channel.DirectChannel    : Channel 'application-1.printRequestReadyFlow.channel#0' has 0 subscriber(s).
2020-04-09 13:19:29.714  INFO 93364 --- [    Test worker] o.s.i.endpoint.EventDrivenConsumer       : stopped bean 'printRequestReadyFlow.org.springframework.integration.config.ConsumerEndpointFactoryBean#0'; defined in: 'class path resource [com/corelogic/homevisit/accuservice/AccuServiceConfiguration.class]'; from source: 'bean method printRequestReadyFlow'
2020-04-09 13:19:29.714  INFO 93364 --- [    Test worker] o.s.i.endpoint.EventDrivenConsumer       : Removing {bridge} as a subscriber to the 'printRequestReadyFlow.channel#2' channel
2020-04-09 13:19:29.714  INFO 93364 --- [    Test worker] o.s.integration.channel.DirectChannel    : Channel 'application-1.printRequestReadyFlow.channel#2' has 0 subscriber(s).
2020-04-09 13:19:29.714  INFO 93364 --- [    Test worker] o.s.i.endpoint.EventDrivenConsumer       : stopped bean 'printRequestReadyFlow.org.springframework.integration.config.ConsumerEndpointFactoryBean#1'; defined in: 'class path resource [com/corelogic/homevisit/accuservice/AccuServiceConfiguration.class]'; from source: 'bean method printRequestReadyFlow'
2020-04-09 13:19:29.714  INFO 93364 --- [    Test worker] o.s.i.endpoint.EventDrivenConsumer       : Removing {http:outbound-gateway} as a subscriber to the 'accountInfo.channel#1' channel
2020-04-09 13:19:29.714  INFO 93364 --- [    Test worker] o.s.integration.channel.DirectChannel    : Channel 'application-1.accountInfo.channel#1' has 0 subscriber(s).
2020-04-09 13:19:29.714  INFO 93364 --- [    Test worker] o.s.i.endpoint.EventDrivenConsumer       : stopped bean 'accountInfo.org.springframework.integration.config.ConsumerEndpointFactoryBean#0'; defined in: 'class path resource [com/corelogic/homevisit/accuservice/AccuServiceConfiguration.class]'; from source: 'bean method accountInfo'
2020-04-09 13:19:29.714  INFO 93364 --- [    Test worker] o.s.i.endpoint.EventDrivenConsumer       : Removing {bridge} as a subscriber to the 'accountInfo.channel#3' channel
2020-04-09 13:19:29.714  INFO 93364 --- [    Test worker] o.s.integration.channel.DirectChannel    : Channel 'application-1.accountInfo.channel#3' has 0 subscriber(s).
2020-04-09 13:19:29.714  INFO 93364 --- [    Test worker] o.s.i.endpoint.EventDrivenConsumer       : stopped bean 'accountInfo.org.springframework.integration.config.ConsumerEndpointFactoryBean#1'; defined in: 'class path resource [com/corelogic/homevisit/accuservice/AccuServiceConfiguration.class]'; from source: 'bean method accountInfo'
2020-04-09 13:19:29.714  INFO 93364 --- [    Test worker] o.s.i.endpoint.EventDrivenConsumer       : Removing {logging-channel-adapter:_org.springframework.integration.errorLogger} as a subscriber to the 'errorChannel' channel
2020-04-09 13:19:29.714  INFO 93364 --- [    Test worker] o.s.i.channel.PublishSubscribeChannel    : Channel 'application-1.errorChannel' has 0 subscriber(s).
2020-04-09 13:19:29.714  INFO 93364 --- [    Test worker] o.s.i.endpoint.EventDrivenConsumer       : stopped bean '_org.springframework.integration.errorLogger'
2020-04-09 13:19:29.715  INFO 93364 --- [    Test worker] o.s.i.endpoint.EventDrivenConsumer       : Removing {message-handler:accuConnectConfiguration.updatePrintJobRequestStatus.serviceActivator} as a subscriber to the 'toUpdatePrintJobRequestStatus' channel
2020-04-09 13:19:29.715  INFO 93364 --- [    Test worker] o.s.i.channel.PublishSubscribeChannel    : Channel 'application-1.toUpdatePrintJobRequestStatus' has 0 subscriber(s).
2020-04-09 13:19:29.715  INFO 93364 --- [    Test worker] o.s.i.endpoint.EventDrivenConsumer       : stopped bean 'accuConnectConfiguration.updatePrintJobRequestStatus.serviceActivator'
2020-04-09 13:19:29.715  INFO 93364 --- [    Test worker] o.s.i.endpoint.EventDrivenConsumer       : Removing {message-handler:accuServiceConfiguration.updatePrintRequestStatusCounter.serviceActivator} as a subscriber to the 'toUpdatePrintRequestStatusCounter' channel
2020-04-09 13:19:29.715  INFO 93364 --- [    Test worker] o.s.i.channel.PublishSubscribeChannel    : Channel 'application-1.toUpdatePrintRequestStatusCounter' has 0 subscriber(s).
2020-04-09 13:19:29.715  INFO 93364 --- [    Test worker] o.s.i.endpoint.EventDrivenConsumer       : stopped bean 'accuServiceConfiguration.updatePrintRequestStatusCounter.serviceActivator'
2020-04-09 13:19:29.715  INFO 93364 --- [    Test worker] o.s.i.endpoint.EventDrivenConsumer       : Removing {message-handler:accuServiceConfiguration.updatePrintRequestStatus.serviceActivator} as a subscriber to the 'toUpdatePrintRequestStatus' channel
2020-04-09 13:19:29.715  INFO 93364 --- [    Test worker] o.s.i.channel.PublishSubscribeChannel    : Channel 'application-1.toUpdatePrintRequestStatus' has 0 subscriber(s).
2020-04-09 13:19:29.715  INFO 93364 --- [    Test worker] o.s.i.endpoint.EventDrivenConsumer       : stopped bean 'accuServiceConfiguration.updatePrintRequestStatus.serviceActivator'
2020-04-09 13:19:29.715  INFO 93364 --- [    Test worker] o.s.s.c.ThreadPoolTaskScheduler          : Shutting down ExecutorService 'taskScheduler'
2020-04-09 13:19:29.716  INFO 93364 --- [    Test worker] o.s.s.quartz.SchedulerFactoryBean        : Shutting down Quartz Scheduler
2020-04-09 13:19:29.716  INFO 93364 --- [    Test worker] org.quartz.core.QuartzScheduler          : Scheduler quartzScheduler_$_NON_CLUSTERED shutting down.
2020-04-09 13:19:29.716  INFO 93364 --- [    Test worker] org.quartz.core.QuartzScheduler          : Scheduler quartzScheduler_$_NON_CLUSTERED paused.
2020-04-09 13:19:29.717  INFO 93364 --- [    Test worker] org.quartz.core.QuartzScheduler          : Scheduler quartzScheduler_$_NON_CLUSTERED shutdown complete.
2020-04-09 13:19:29.717  INFO 93364 --- [    Test worker] o.s.s.concurrent.ThreadPoolTaskExecutor  : Shutting down ExecutorService 'applicationTaskExecutor'
2020-04-09 13:19:29.722  INFO 93364 --- [    Test worker] j.LocalContainerEntityManagerFactoryBean : Closing JPA EntityManagerFactory for persistence unit 'default'
2020-04-09 13:19:29.722  INFO 93364 --- [    Test worker] .SchemaDropperImpl$DelayedDropActionImpl : HHH000477: Starting delayed evictData of schema as part of SessionFactory shut-down'
Hibernate: 
    
    drop table agvproduct if exists
Hibernate: 
    
    drop table agvproductvariant if exists
Hibernate: 
    
    drop table cart if exists
Hibernate: 
    
    drop table cart_id if exists
Hibernate: 
    
    drop table chiliDefPostagePlacement if exists
Hibernate: 
    
    drop table chiliMasterTemplateAltLayout if exists
Hibernate: 
    
    drop table chiliUserPrint if exists
Hibernate: 
    
    drop table chiliUserPrintPage if exists
Hibernate: 
    
    drop table chiliUserPrintProduction if exists
Hibernate: 
    
    drop table item if exists
Hibernate: 
    
    drop table printAddress if exists
Hibernate: 
    
    drop table printAddressVerified if exists
Hibernate: 
    
    drop table printRequest if exists
2020-04-09 13:19:29.728  INFO 93364 --- [    Test worker] com.zaxxer.hikari.HikariDataSource       : HikariPool-2 - Shutdown initiated...
2020-04-09 13:19:29.731  INFO 93364 --- [    Test worker] com.zaxxer.hikari.HikariDataSource       : HikariPool-2 - Shutdown completed.
2020-04-09 13:19:29.747  INFO 93364 --- [    Test worker] o.apache.catalina.core.StandardService   : Stopping service [Tomcat]
2020-04-09 13:19:29.747  INFO 93364 --- [    Test worker] o.a.c.c.C.[Tomcat].[localhost].[/]       : Destroying Spring FrameworkServlet 'dispatcherServlet'
]]></system-out>
  <system-err><![CDATA[]]></system-err>
</testsuite>
